{"/Users/yoshidometoru/Documents/GitHub/ParkPedia/.eslintrc.js": {"path":"/Users/yoshidometoru/Documents/GitHub/ParkPedia/.eslintrc.js","statementMap":{"0":{"start":{"line":1,"column":0},"end":{"line":57,"column":2}}},"fnMap":{},"branchMap":{"0":{"loc":{"start":{"line":13,"column":18},"end":{"line":13,"column":74}},"type":"cond-expr","locations":[{"start":{"line":13,"column":58},"end":{"line":13,"column":65}},{"start":{"line":13,"column":68},"end":{"line":13,"column":74}}],"line":13}},"s":{"0":0},"f":{},"b":{"0":[0,0]}}
,"/Users/yoshidometoru/Documents/GitHub/ParkPedia/App.js": {"path":"/Users/yoshidometoru/Documents/GitHub/ParkPedia/App.js","statementMap":{"0":{"start":{"line":24,"column":14},"end":{"line":24,"column":42}},"1":{"start":{"line":28,"column":26},"end":{"line":28,"column":31}},"2":{"start":{"line":29,"column":0},"end":{"line":58,"column":1}},"3":{"start":{"line":30,"column":2},"end":{"line":54,"column":3}},"4":{"start":{"line":31,"column":22},"end":{"line":31,"column":71}},"5":{"start":{"line":33,"column":4},"end":{"line":47,"column":9}},"6":{"start":{"line":36,"column":8},"end":{"line":36,"column":35}},"7":{"start":{"line":37,"column":8},"end":{"line":39,"column":9}},"8":{"start":{"line":38,"column":10},"end":{"line":38,"column":36}},"9":{"start":{"line":42,"column":8},"end":{"line":44,"column":9}},"10":{"start":{"line":43,"column":10},"end":{"line":43,"column":53}},"11":{"start":{"line":46,"column":8},"end":{"line":46,"column":35}},"12":{"start":{"line":49,"column":4},"end":{"line":51,"column":5}},"13":{"start":{"line":50,"column":6},"end":{"line":50,"column":55}},"14":{"start":{"line":53,"column":4},"end":{"line":53,"column":31}},"15":{"start":{"line":57,"column":2},"end":{"line":57,"column":29}},"16":{"start":{"line":62,"column":27},"end":{"line":62,"column":41}},"17":{"start":{"line":64,"column":2},"end":{"line":152,"column":9}},"18":{"start":{"line":66,"column":21},"end":{"line":66,"column":54}},"19":{"start":{"line":70,"column":4},"end":{"line":88,"column":5}},"20":{"start":{"line":71,"column":6},"end":{"line":85,"column":7}},"21":{"start":{"line":72,"column":34},"end":{"line":72,"column":79}},"22":{"start":{"line":73,"column":8},"end":{"line":80,"column":9}},"23":{"start":{"line":74,"column":30},"end":{"line":74,"column":55}},"24":{"start":{"line":75,"column":10},"end":{"line":75,"column":66}},"25":{"start":{"line":76,"column":10},"end":{"line":76,"column":42}},"26":{"start":{"line":77,"column":10},"end":{"line":79,"column":11}},"27":{"start":{"line":78,"column":12},"end":{"line":78,"column":44}},"28":{"start":{"line":82,"column":8},"end":{"line":84,"column":9}},"29":{"start":{"line":83,"column":10},"end":{"line":83,"column":65}},"30":{"start":{"line":86,"column":11},"end":{"line":88,"column":5}},"31":{"start":{"line":87,"column":6},"end":{"line":87,"column":58}},"32":{"start":{"line":92,"column":4},"end":{"line":119,"column":5}},"33":{"start":{"line":93,"column":6},"end":{"line":116,"column":7}},"34":{"start":{"line":94,"column":31},"end":{"line":94,"column":74}},"35":{"start":{"line":95,"column":8},"end":{"line":111,"column":9}},"36":{"start":{"line":96,"column":27},"end":{"line":96,"column":49}},"37":{"start":{"line":98,"column":10},"end":{"line":110,"column":11}},"38":{"start":{"line":99,"column":12},"end":{"line":102,"column":15}},"39":{"start":{"line":103,"column":12},"end":{"line":103,"column":55}},"40":{"start":{"line":105,"column":12},"end":{"line":108,"column":15}},"41":{"start":{"line":109,"column":12},"end":{"line":109,"column":60}},"42":{"start":{"line":113,"column":8},"end":{"line":115,"column":9}},"43":{"start":{"line":114,"column":10},"end":{"line":114,"column":67}},"44":{"start":{"line":117,"column":11},"end":{"line":119,"column":5}},"45":{"start":{"line":118,"column":6},"end":{"line":118,"column":56}},"46":{"start":{"line":122,"column":24},"end":{"line":148,"column":6}},"47":{"start":{"line":123,"column":6},"end":{"line":123,"column":27}},"48":{"start":{"line":126,"column":23},"end":{"line":126,"column":56}},"49":{"start":{"line":127,"column":6},"end":{"line":147,"column":7}},"50":{"start":{"line":128,"column":8},"end":{"line":146,"column":9}},"51":{"start":{"line":129,"column":36},"end":{"line":129,"column":81}},"52":{"start":{"line":130,"column":10},"end":{"line":141,"column":11}},"53":{"start":{"line":131,"column":32},"end":{"line":131,"column":57}},"54":{"start":{"line":132,"column":12},"end":{"line":140,"column":13}},"55":{"start":{"line":133,"column":14},"end":{"line":133,"column":55}},"56":{"start":{"line":134,"column":14},"end":{"line":137,"column":16}},"57":{"start":{"line":139,"column":14},"end":{"line":139,"column":51}},"58":{"start":{"line":143,"column":10},"end":{"line":145,"column":11}},"59":{"start":{"line":144,"column":12},"end":{"line":144,"column":64}},"60":{"start":{"line":151,"column":4},"end":{"line":151,"column":31}},"61":{"start":{"line":151,"column":17},"end":{"line":151,"column":30}},"62":{"start":{"line":154,"column":2},"end":{"line":234,"column":4}}},"fnMap":{"0":{"name":"(anonymous_0)","decl":{"start":{"line":35,"column":12},"end":{"line":35,"column":13}},"loc":{"start":{"line":35,"column":18},"end":{"line":40,"column":7}},"line":35},"1":{"name":"(anonymous_1)","decl":{"start":{"line":41,"column":13},"end":{"line":41,"column":14}},"loc":{"start":{"line":41,"column":22},"end":{"line":47,"column":7}},"line":41},"2":{"name":"App","decl":{"start":{"line":60,"column":24},"end":{"line":60,"column":27}},"loc":{"start":{"line":60,"column":30},"end":{"line":235,"column":1}},"line":60},"3":{"name":"(anonymous_3)","decl":{"start":{"line":64,"column":12},"end":{"line":64,"column":13}},"loc":{"start":{"line":64,"column":18},"end":{"line":152,"column":3}},"line":64},"4":{"name":"(anonymous_4)","decl":{"start":{"line":122,"column":49},"end":{"line":122,"column":50}},"loc":{"start":{"line":122,"column":64},"end":{"line":148,"column":5}},"line":122},"5":{"name":"(anonymous_5)","decl":{"start":{"line":151,"column":11},"end":{"line":151,"column":12}},"loc":{"start":{"line":151,"column":17},"end":{"line":151,"column":30}},"line":151}},"branchMap":{"0":{"loc":{"start":{"line":29,"column":0},"end":{"line":58,"column":1}},"type":"if","locations":[{"start":{"line":29,"column":0},"end":{"line":58,"column":1}},{"start":{"line":55,"column":7},"end":{"line":58,"column":1}}],"line":29},"1":{"loc":{"start":{"line":37,"column":8},"end":{"line":39,"column":9}},"type":"if","locations":[{"start":{"line":37,"column":8},"end":{"line":39,"column":9}},{"start":{},"end":{}}],"line":37},"2":{"loc":{"start":{"line":42,"column":8},"end":{"line":44,"column":9}},"type":"if","locations":[{"start":{"line":42,"column":8},"end":{"line":44,"column":9}},{"start":{},"end":{}}],"line":42},"3":{"loc":{"start":{"line":49,"column":4},"end":{"line":51,"column":5}},"type":"if","locations":[{"start":{"line":49,"column":4},"end":{"line":51,"column":5}},{"start":{},"end":{}}],"line":49},"4":{"loc":{"start":{"line":70,"column":4},"end":{"line":88,"column":5}},"type":"if","locations":[{"start":{"line":70,"column":4},"end":{"line":88,"column":5}},{"start":{"line":86,"column":11},"end":{"line":88,"column":5}}],"line":70},"5":{"loc":{"start":{"line":70,"column":8},"end":{"line":70,"column":42}},"type":"binary-expr","locations":[{"start":{"line":70,"column":8},"end":{"line":70,"column":29}},{"start":{"line":70,"column":33},"end":{"line":70,"column":42}}],"line":70},"6":{"loc":{"start":{"line":73,"column":8},"end":{"line":80,"column":9}},"type":"if","locations":[{"start":{"line":73,"column":8},"end":{"line":80,"column":9}},{"start":{},"end":{}}],"line":73},"7":{"loc":{"start":{"line":73,"column":12},"end":{"line":73,"column":58}},"type":"binary-expr","locations":[{"start":{"line":73,"column":12},"end":{"line":73,"column":29}},{"start":{"line":73,"column":33},"end":{"line":73,"column":58}}],"line":73},"8":{"loc":{"start":{"line":77,"column":10},"end":{"line":79,"column":11}},"type":"if","locations":[{"start":{"line":77,"column":10},"end":{"line":79,"column":11}},{"start":{},"end":{}}],"line":77},"9":{"loc":{"start":{"line":82,"column":8},"end":{"line":84,"column":9}},"type":"if","locations":[{"start":{"line":82,"column":8},"end":{"line":84,"column":9}},{"start":{},"end":{}}],"line":82},"10":{"loc":{"start":{"line":86,"column":11},"end":{"line":88,"column":5}},"type":"if","locations":[{"start":{"line":86,"column":11},"end":{"line":88,"column":5}},{"start":{},"end":{}}],"line":86},"11":{"loc":{"start":{"line":86,"column":15},"end":{"line":86,"column":34}},"type":"binary-expr","locations":[{"start":{"line":86,"column":15},"end":{"line":86,"column":22}},{"start":{"line":86,"column":26},"end":{"line":86,"column":34}}],"line":86},"12":{"loc":{"start":{"line":92,"column":4},"end":{"line":119,"column":5}},"type":"if","locations":[{"start":{"line":92,"column":4},"end":{"line":119,"column":5}},{"start":{"line":117,"column":11},"end":{"line":119,"column":5}}],"line":92},"13":{"loc":{"start":{"line":92,"column":8},"end":{"line":92,"column":42}},"type":"binary-expr","locations":[{"start":{"line":92,"column":8},"end":{"line":92,"column":29}},{"start":{"line":92,"column":33},"end":{"line":92,"column":42}}],"line":92},"14":{"loc":{"start":{"line":95,"column":8},"end":{"line":111,"column":9}},"type":"if","locations":[{"start":{"line":95,"column":8},"end":{"line":111,"column":9}},{"start":{},"end":{}}],"line":95},"15":{"loc":{"start":{"line":95,"column":12},"end":{"line":95,"column":52}},"type":"binary-expr","locations":[{"start":{"line":95,"column":12},"end":{"line":95,"column":26}},{"start":{"line":95,"column":30},"end":{"line":95,"column":52}}],"line":95},"16":{"loc":{"start":{"line":98,"column":10},"end":{"line":110,"column":11}},"type":"if","locations":[{"start":{"line":98,"column":10},"end":{"line":110,"column":11}},{"start":{"line":104,"column":17},"end":{"line":110,"column":11}}],"line":98},"17":{"loc":{"start":{"line":106,"column":24},"end":{"line":106,"column":79}},"type":"cond-expr","locations":[{"start":{"line":106,"column":48},"end":{"line":106,"column":61}},{"start":{"line":106,"column":64},"end":{"line":106,"column":79}}],"line":106},"18":{"loc":{"start":{"line":113,"column":8},"end":{"line":115,"column":9}},"type":"if","locations":[{"start":{"line":113,"column":8},"end":{"line":115,"column":9}},{"start":{},"end":{}}],"line":113},"19":{"loc":{"start":{"line":117,"column":11},"end":{"line":119,"column":5}},"type":"if","locations":[{"start":{"line":117,"column":11},"end":{"line":119,"column":5}},{"start":{},"end":{}}],"line":117},"20":{"loc":{"start":{"line":117,"column":15},"end":{"line":117,"column":34}},"type":"binary-expr","locations":[{"start":{"line":117,"column":15},"end":{"line":117,"column":22}},{"start":{"line":117,"column":26},"end":{"line":117,"column":34}}],"line":117},"21":{"loc":{"start":{"line":127,"column":6},"end":{"line":147,"column":7}},"type":"if","locations":[{"start":{"line":127,"column":6},"end":{"line":147,"column":7}},{"start":{},"end":{}}],"line":127},"22":{"loc":{"start":{"line":127,"column":10},"end":{"line":127,"column":44}},"type":"binary-expr","locations":[{"start":{"line":127,"column":10},"end":{"line":127,"column":31}},{"start":{"line":127,"column":35},"end":{"line":127,"column":44}}],"line":127},"23":{"loc":{"start":{"line":130,"column":10},"end":{"line":141,"column":11}},"type":"if","locations":[{"start":{"line":130,"column":10},"end":{"line":141,"column":11}},{"start":{},"end":{}}],"line":130},"24":{"loc":{"start":{"line":130,"column":14},"end":{"line":130,"column":60}},"type":"binary-expr","locations":[{"start":{"line":130,"column":14},"end":{"line":130,"column":31}},{"start":{"line":130,"column":35},"end":{"line":130,"column":60}}],"line":130},"25":{"loc":{"start":{"line":132,"column":12},"end":{"line":140,"column":13}},"type":"if","locations":[{"start":{"line":132,"column":12},"end":{"line":140,"column":13}},{"start":{"line":138,"column":19},"end":{"line":140,"column":13}}],"line":132},"26":{"loc":{"start":{"line":136,"column":16},"end":{"line":136,"column":66}},"type":"cond-expr","locations":[{"start":{"line":136,"column":42},"end":{"line":136,"column":53}},{"start":{"line":136,"column":56},"end":{"line":136,"column":66}}],"line":136},"27":{"loc":{"start":{"line":143,"column":10},"end":{"line":145,"column":11}},"type":"if","locations":[{"start":{"line":143,"column":10},"end":{"line":145,"column":11}},{"start":{},"end":{}}],"line":143}},"s":{"0":0,"1":0,"2":0,"3":0,"4":0,"5":0,"6":0,"7":0,"8":0,"9":0,"10":0,"11":0,"12":0,"13":0,"14":0,"15":0,"16":0,"17":0,"18":0,"19":0,"20":0,"21":0,"22":0,"23":0,"24":0,"25":0,"26":0,"27":0,"28":0,"29":0,"30":0,"31":0,"32":0,"33":0,"34":0,"35":0,"36":0,"37":0,"38":0,"39":0,"40":0,"41":0,"42":0,"43":0,"44":0,"45":0,"46":0,"47":0,"48":0,"49":0,"50":0,"51":0,"52":0,"53":0,"54":0,"55":0,"56":0,"57":0,"58":0,"59":0,"60":0,"61":0,"62":0},"f":{"0":0,"1":0,"2":0,"3":0,"4":0,"5":0},"b":{"0":[0,0],"1":[0,0],"2":[0,0],"3":[0,0],"4":[0,0],"5":[0,0],"6":[0,0],"7":[0,0],"8":[0,0],"9":[0,0],"10":[0,0],"11":[0,0],"12":[0,0],"13":[0,0],"14":[0,0],"15":[0,0],"16":[0,0],"17":[0,0],"18":[0,0],"19":[0,0],"20":[0,0],"21":[0,0],"22":[0,0],"23":[0,0],"24":[0,0],"25":[0,0],"26":[0,0],"27":[0,0]}}
,"/Users/yoshidometoru/Documents/GitHub/ParkPedia/SAMPLE_DATA.js": {"path":"/Users/yoshidometoru/Documents/GitHub/ParkPedia/SAMPLE_DATA.js","statementMap":{"0":{"start":{"line":10,"column":27},"end":{"line":92,"column":1}},"1":{"start":{"line":100,"column":29},"end":{"line":226,"column":1}}},"fnMap":{},"branchMap":{},"s":{"0":0,"1":0},"f":{},"b":{}}
,"/Users/yoshidometoru/Documents/GitHub/ParkPedia/adConfig.js": {"path":"/Users/yoshidometoru/Documents/GitHub/ParkPedia/adConfig.js","statementMap":{"0":{"start":{"line":16,"column":26},"end":{"line":16,"column":30}},"1":{"start":{"line":19,"column":27},"end":{"line":26,"column":1}},"2":{"start":{"line":29,"column":28},"end":{"line":29,"column":35}},"3":{"start":{"line":32,"column":27},"end":{"line":37,"column":1}},"4":{"start":{"line":40,"column":36},"end":{"line":40,"column":45}}},"fnMap":{},"branchMap":{},"s":{"0":0,"1":0,"2":0,"3":0,"4":0},"f":{},"b":{}}
,"/Users/yoshidometoru/Documents/GitHub/ParkPedia/app.config.js": {"path":"/Users/yoshidometoru/Documents/GitHub/ParkPedia/app.config.js","statementMap":{"0":{"start":{"line":5,"column":0},"end":{"line":5,"column":27}},"1":{"start":{"line":7,"column":0},"end":{"line":98,"column":2}}},"fnMap":{},"branchMap":{},"s":{"0":0,"1":0},"f":{},"b":{}}
,"/Users/yoshidometoru/Documents/GitHub/ParkPedia/firebaseConfig.js": {"path":"/Users/yoshidometoru/Documents/GitHub/ParkPedia/firebaseConfig.js","statementMap":{"0":{"start":{"line":14,"column":19},"end":{"line":14,"column":23}},"1":{"start":{"line":15,"column":0},"end":{"line":26,"column":1}},"2":{"start":{"line":16,"column":2},"end":{"line":25,"column":3}},"3":{"start":{"line":17,"column":4},"end":{"line":17,"column":80}},"4":{"start":{"line":20,"column":4},"end":{"line":22,"column":5}},"5":{"start":{"line":21,"column":6},"end":{"line":21,"column":90}},"6":{"start":{"line":24,"column":4},"end":{"line":24,"column":81}},"7":{"start":{"line":32,"column":23},"end":{"line":39,"column":1}},"8":{"start":{"line":42,"column":23},"end":{"line":42,"column":86}},"9":{"start":{"line":43,"column":22},"end":{"line":43,"column":76}},"10":{"start":{"line":43,"column":53},"end":{"line":43,"column":75}},"11":{"start":{"line":45,"column":0},"end":{"line":54,"column":1}},"12":{"start":{"line":47,"column":4},"end":{"line":48,"column":63}},"13":{"start":{"line":49,"column":2},"end":{"line":52,"column":3}},"14":{"start":{"line":50,"column":4},"end":{"line":50,"column":33}},"15":{"start":{"line":51,"column":4},"end":{"line":51,"column":53}},"16":{"start":{"line":53,"column":2},"end":{"line":53,"column":28}},"17":{"start":{"line":58,"column":0},"end":{"line":80,"column":1}},"18":{"start":{"line":59,"column":2},"end":{"line":59,"column":38}},"19":{"start":{"line":62,"column":2},"end":{"line":65,"column":3}},"20":{"start":{"line":63,"column":4},"end":{"line":63,"column":36}},"21":{"start":{"line":64,"column":4},"end":{"line":64,"column":58}},"22":{"start":{"line":67,"column":2},"end":{"line":79,"column":3}},"23":{"start":{"line":69,"column":23},"end":{"line":69,"column":46}},"24":{"start":{"line":70,"column":4},"end":{"line":70,"column":19}},"25":{"start":{"line":71,"column":4},"end":{"line":73,"column":5}},"26":{"start":{"line":72,"column":6},"end":{"line":72,"column":44}},"27":{"start":{"line":75,"column":4},"end":{"line":77,"column":5}},"28":{"start":{"line":76,"column":6},"end":{"line":76,"column":46}},"29":{"start":{"line":78,"column":4},"end":{"line":78,"column":16}},"30":{"start":{"line":84,"column":0},"end":{"line":115,"column":1}},"31":{"start":{"line":86,"column":2},"end":{"line":101,"column":3}},"32":{"start":{"line":87,"column":4},"end":{"line":87,"column":24}},"33":{"start":{"line":90,"column":4},"end":{"line":93,"column":5}},"34":{"start":{"line":92,"column":6},"end":{"line":92,"column":71}},"35":{"start":{"line":95,"column":4},"end":{"line":97,"column":7}},"36":{"start":{"line":98,"column":4},"end":{"line":100,"column":5}},"37":{"start":{"line":99,"column":6},"end":{"line":99,"column":71}},"38":{"start":{"line":103,"column":2},"end":{"line":114,"column":3}},"39":{"start":{"line":104,"column":4},"end":{"line":104,"column":24}},"40":{"start":{"line":105,"column":4},"end":{"line":107,"column":5}},"41":{"start":{"line":106,"column":6},"end":{"line":106,"column":49}},"42":{"start":{"line":110,"column":4},"end":{"line":112,"column":5}},"43":{"start":{"line":111,"column":6},"end":{"line":111,"column":61}},"44":{"start":{"line":113,"column":4},"end":{"line":113,"column":16}},"45":{"start":{"line":119,"column":18},"end":{"line":119,"column":35}},"46":{"start":{"line":122,"column":23},"end":{"line":122,"column":38}}},"fnMap":{"0":{"name":"(anonymous_0)","decl":{"start":{"line":43,"column":44},"end":{"line":43,"column":45}},"loc":{"start":{"line":43,"column":53},"end":{"line":43,"column":75}},"line":43}},"branchMap":{"0":{"loc":{"start":{"line":15,"column":0},"end":{"line":26,"column":1}},"type":"if","locations":[{"start":{"line":15,"column":0},"end":{"line":26,"column":1}},{"start":{},"end":{}}],"line":15},"1":{"loc":{"start":{"line":20,"column":4},"end":{"line":22,"column":5}},"type":"if","locations":[{"start":{"line":20,"column":4},"end":{"line":22,"column":5}},{"start":{},"end":{}}],"line":20},"2":{"loc":{"start":{"line":45,"column":0},"end":{"line":54,"column":1}},"type":"if","locations":[{"start":{"line":45,"column":0},"end":{"line":54,"column":1}},{"start":{},"end":{}}],"line":45},"3":{"loc":{"start":{"line":49,"column":2},"end":{"line":52,"column":3}},"type":"if","locations":[{"start":{"line":49,"column":2},"end":{"line":52,"column":3}},{"start":{},"end":{}}],"line":49},"4":{"loc":{"start":{"line":62,"column":2},"end":{"line":65,"column":3}},"type":"if","locations":[{"start":{"line":62,"column":2},"end":{"line":65,"column":3}},{"start":{},"end":{}}],"line":62},"5":{"loc":{"start":{"line":67,"column":2},"end":{"line":79,"column":3}},"type":"if","locations":[{"start":{"line":67,"column":2},"end":{"line":79,"column":3}},{"start":{"line":74,"column":9},"end":{"line":79,"column":3}}],"line":67},"6":{"loc":{"start":{"line":71,"column":4},"end":{"line":73,"column":5}},"type":"if","locations":[{"start":{"line":71,"column":4},"end":{"line":73,"column":5}},{"start":{},"end":{}}],"line":71},"7":{"loc":{"start":{"line":75,"column":4},"end":{"line":77,"column":5}},"type":"if","locations":[{"start":{"line":75,"column":4},"end":{"line":77,"column":5}},{"start":{},"end":{}}],"line":75},"8":{"loc":{"start":{"line":86,"column":2},"end":{"line":101,"column":3}},"type":"if","locations":[{"start":{"line":86,"column":2},"end":{"line":101,"column":3}},{"start":{"line":88,"column":9},"end":{"line":101,"column":3}}],"line":86},"9":{"loc":{"start":{"line":90,"column":4},"end":{"line":93,"column":5}},"type":"if","locations":[{"start":{"line":90,"column":4},"end":{"line":93,"column":5}},{"start":{},"end":{}}],"line":90},"10":{"loc":{"start":{"line":98,"column":4},"end":{"line":100,"column":5}},"type":"if","locations":[{"start":{"line":98,"column":4},"end":{"line":100,"column":5}},{"start":{},"end":{}}],"line":98},"11":{"loc":{"start":{"line":103,"column":2},"end":{"line":114,"column":3}},"type":"if","locations":[{"start":{"line":103,"column":2},"end":{"line":114,"column":3}},{"start":{"line":108,"column":9},"end":{"line":114,"column":3}}],"line":103},"12":{"loc":{"start":{"line":105,"column":4},"end":{"line":107,"column":5}},"type":"if","locations":[{"start":{"line":105,"column":4},"end":{"line":107,"column":5}},{"start":{},"end":{}}],"line":105},"13":{"loc":{"start":{"line":110,"column":4},"end":{"line":112,"column":5}},"type":"if","locations":[{"start":{"line":110,"column":4},"end":{"line":112,"column":5}},{"start":{},"end":{}}],"line":110}},"s":{"0":0,"1":0,"2":0,"3":0,"4":0,"5":0,"6":0,"7":0,"8":0,"9":0,"10":0,"11":0,"12":0,"13":0,"14":0,"15":0,"16":0,"17":0,"18":0,"19":0,"20":0,"21":0,"22":0,"23":0,"24":0,"25":0,"26":0,"27":0,"28":0,"29":0,"30":0,"31":0,"32":0,"33":0,"34":0,"35":0,"36":0,"37":0,"38":0,"39":0,"40":0,"41":0,"42":0,"43":0,"44":0,"45":0,"46":0},"f":{"0":0},"b":{"0":[0,0],"1":[0,0],"2":[0,0],"3":[0,0],"4":[0,0],"5":[0,0],"6":[0,0],"7":[0,0],"8":[0,0],"9":[0,0],"10":[0,0],"11":[0,0],"12":[0,0],"13":[0,0]}}
,"/Users/yoshidometoru/Documents/GitHub/ParkPedia/components/AdBanner.js": {"path":"/Users/yoshidometoru/Documents/GitHub/ParkPedia/components/AdBanner.js","statementMap":{"0":{"start":{"line":15,"column":17},"end":{"line":88,"column":1}},"1":{"start":{"line":17,"column":2},"end":{"line":19,"column":3}},"2":{"start":{"line":18,"column":4},"end":{"line":18,"column":16}},"3":{"start":{"line":22,"column":2},"end":{"line":24,"column":3}},"4":{"start":{"line":23,"column":4},"end":{"line":23,"column":16}},"5":{"start":{"line":27,"column":17},"end":{"line":27,"column":22}},"6":{"start":{"line":28,"column":2},"end":{"line":35,"column":3}},"7":{"start":{"line":29,"column":4},"end":{"line":31,"column":5}},"8":{"start":{"line":30,"column":6},"end":{"line":30,"column":66}},"9":{"start":{"line":34,"column":4},"end":{"line":34,"column":20}},"10":{"start":{"line":38,"column":2},"end":{"line":40,"column":3}},"11":{"start":{"line":39,"column":4},"end":{"line":39,"column":16}},"12":{"start":{"line":44,"column":2},"end":{"line":48,"column":3}},"13":{"start":{"line":45,"column":4},"end":{"line":45,"column":57}},"14":{"start":{"line":47,"column":4},"end":{"line":47,"column":16}},"15":{"start":{"line":50,"column":19},"end":{"line":50,"column":37}},"16":{"start":{"line":51,"column":23},"end":{"line":51,"column":45}},"17":{"start":{"line":52,"column":18},"end":{"line":52,"column":91}},"18":{"start":{"line":54,"column":2},"end":{"line":56,"column":3}},"19":{"start":{"line":55,"column":4},"end":{"line":55,"column":16}},"20":{"start":{"line":59,"column":19},"end":{"line":59,"column":80}},"21":{"start":{"line":62,"column":2},"end":{"line":87,"column":3}},"22":{"start":{"line":63,"column":4},"end":{"line":83,"column":6}},"23":{"start":{"line":72,"column":12},"end":{"line":74,"column":13}},"24":{"start":{"line":73,"column":14},"end":{"line":73,"column":48}},"25":{"start":{"line":77,"column":12},"end":{"line":79,"column":13}},"26":{"start":{"line":78,"column":14},"end":{"line":78,"column":59}},"27":{"start":{"line":86,"column":4},"end":{"line":86,"column":16}},"28":{"start":{"line":90,"column":15},"end":{"line":97,"column":2}}},"fnMap":{"0":{"name":"(anonymous_0)","decl":{"start":{"line":15,"column":17},"end":{"line":15,"column":18}},"loc":{"start":{"line":15,"column":23},"end":{"line":88,"column":1}},"line":15},"1":{"name":"(anonymous_1)","decl":{"start":{"line":71,"column":22},"end":{"line":71,"column":23}},"loc":{"start":{"line":71,"column":28},"end":{"line":75,"column":11}},"line":71},"2":{"name":"(anonymous_2)","decl":{"start":{"line":76,"column":28},"end":{"line":76,"column":29}},"loc":{"start":{"line":76,"column":37},"end":{"line":80,"column":11}},"line":76}},"branchMap":{"0":{"loc":{"start":{"line":17,"column":2},"end":{"line":19,"column":3}},"type":"if","locations":[{"start":{"line":17,"column":2},"end":{"line":19,"column":3}},{"start":{},"end":{}}],"line":17},"1":{"loc":{"start":{"line":22,"column":2},"end":{"line":24,"column":3}},"type":"if","locations":[{"start":{"line":22,"column":2},"end":{"line":24,"column":3}},{"start":{},"end":{}}],"line":22},"2":{"loc":{"start":{"line":29,"column":4},"end":{"line":31,"column":5}},"type":"if","locations":[{"start":{"line":29,"column":4},"end":{"line":31,"column":5}},{"start":{},"end":{}}],"line":29},"3":{"loc":{"start":{"line":29,"column":8},"end":{"line":29,"column":51}},"type":"binary-expr","locations":[{"start":{"line":29,"column":8},"end":{"line":29,"column":17}},{"start":{"line":29,"column":21},"end":{"line":29,"column":51}}],"line":29},"4":{"loc":{"start":{"line":38,"column":2},"end":{"line":40,"column":3}},"type":"if","locations":[{"start":{"line":38,"column":2},"end":{"line":40,"column":3}},{"start":{},"end":{}}],"line":38},"5":{"loc":{"start":{"line":52,"column":18},"end":{"line":52,"column":91}},"type":"binary-expr","locations":[{"start":{"line":52,"column":18},"end":{"line":52,"column":35}},{"start":{"line":52,"column":39},"end":{"line":52,"column":91}}],"line":52},"6":{"loc":{"start":{"line":54,"column":2},"end":{"line":56,"column":3}},"type":"if","locations":[{"start":{"line":54,"column":2},"end":{"line":56,"column":3}},{"start":{},"end":{}}],"line":54},"7":{"loc":{"start":{"line":54,"column":6},"end":{"line":54,"column":32}},"type":"binary-expr","locations":[{"start":{"line":54,"column":6},"end":{"line":54,"column":15}},{"start":{"line":54,"column":19},"end":{"line":54,"column":32}}],"line":54},"8":{"loc":{"start":{"line":59,"column":19},"end":{"line":59,"column":80}},"type":"cond-expr","locations":[{"start":{"line":59,"column":45},"end":{"line":59,"column":59}},{"start":{"line":59,"column":62},"end":{"line":59,"column":80}}],"line":59},"9":{"loc":{"start":{"line":59,"column":19},"end":{"line":59,"column":42}},"type":"binary-expr","locations":[{"start":{"line":59,"column":19},"end":{"line":59,"column":31}},{"start":{"line":59,"column":35},"end":{"line":59,"column":42}}],"line":59},"10":{"loc":{"start":{"line":72,"column":12},"end":{"line":74,"column":13}},"type":"if","locations":[{"start":{"line":72,"column":12},"end":{"line":74,"column":13}},{"start":{},"end":{}}],"line":72},"11":{"loc":{"start":{"line":77,"column":12},"end":{"line":79,"column":13}},"type":"if","locations":[{"start":{"line":77,"column":12},"end":{"line":79,"column":13}},{"start":{},"end":{}}],"line":77}},"s":{"0":0,"1":0,"2":0,"3":0,"4":0,"5":0,"6":0,"7":0,"8":0,"9":0,"10":0,"11":0,"12":0,"13":0,"14":0,"15":0,"16":0,"17":0,"18":0,"19":0,"20":0,"21":0,"22":0,"23":0,"24":0,"25":0,"26":0,"27":0,"28":0},"f":{"0":0,"1":0,"2":0},"b":{"0":[0,0],"1":[0,0],"2":[0,0],"3":[0,0],"4":[0,0],"5":[0,0],"6":[0,0],"7":[0,0],"8":[0,0],"9":[0,0],"10":[0,0],"11":[0,0]}}
,"/Users/yoshidometoru/Documents/GitHub/ParkPedia/components/AdBannerPlaceholder.js": {"path":"/Users/yoshidometoru/Documents/GitHub/ParkPedia/components/AdBannerPlaceholder.js","statementMap":{"0":{"start":{"line":32,"column":2},"end":{"line":40,"column":3}},"1":{"start":{"line":35,"column":4},"end":{"line":39,"column":6}},"2":{"start":{"line":44,"column":2},"end":{"line":76,"column":4}},"3":{"start":{"line":79,"column":15},"end":{"line":107,"column":2}}},"fnMap":{"0":{"name":"AdBannerPlaceholder","decl":{"start":{"line":31,"column":24},"end":{"line":31,"column":43}},"loc":{"start":{"line":31,"column":46},"end":{"line":77,"column":1}},"line":31}},"branchMap":{"0":{"loc":{"start":{"line":32,"column":2},"end":{"line":40,"column":3}},"type":"if","locations":[{"start":{"line":32,"column":2},"end":{"line":40,"column":3}},{"start":{},"end":{}}],"line":32}},"s":{"0":0,"1":0,"2":0,"3":0},"f":{"0":0},"b":{"0":[0,0]}}
,"/Users/yoshidometoru/Documents/GitHub/ParkPedia/components/CustomHeader.js": {"path":"/Users/yoshidometoru/Documents/GitHub/ParkPedia/components/CustomHeader.js","statementMap":{"0":{"start":{"line":12,"column":2},"end":{"line":117,"column":4}},"1":{"start":{"line":28,"column":29},"end":{"line":28,"column":56}},"2":{"start":{"line":42,"column":36},"end":{"line":42,"column":52}},"3":{"start":{"line":43,"column":16},"end":{"line":56,"column":17}},"4":{"start":{"line":44,"column":18},"end":{"line":53,"column":21}},"5":{"start":{"line":47,"column":37},"end":{"line":47,"column":65}},"6":{"start":{"line":55,"column":18},"end":{"line":55,"column":49}},"7":{"start":{"line":71,"column":36},"end":{"line":71,"column":52}},"8":{"start":{"line":72,"column":16},"end":{"line":89,"column":17}},"9":{"start":{"line":73,"column":18},"end":{"line":86,"column":20}},"10":{"start":{"line":79,"column":39},"end":{"line":79,"column":67}},"11":{"start":{"line":88,"column":18},"end":{"line":88,"column":48}},"12":{"start":{"line":120,"column":15},"end":{"line":206,"column":2}}},"fnMap":{"0":{"name":"CustomHeader","decl":{"start":{"line":5,"column":24},"end":{"line":5,"column":36}},"loc":{"start":{"line":11,"column":3},"end":{"line":118,"column":1}},"line":11},"1":{"name":"(anonymous_1)","decl":{"start":{"line":28,"column":23},"end":{"line":28,"column":24}},"loc":{"start":{"line":28,"column":29},"end":{"line":28,"column":56}},"line":28},"2":{"name":"(anonymous_2)","decl":{"start":{"line":41,"column":23},"end":{"line":41,"column":24}},"loc":{"start":{"line":41,"column":29},"end":{"line":57,"column":15}},"line":41},"3":{"name":"(anonymous_3)","decl":{"start":{"line":47,"column":31},"end":{"line":47,"column":32}},"loc":{"start":{"line":47,"column":37},"end":{"line":47,"column":65}},"line":47},"4":{"name":"(anonymous_4)","decl":{"start":{"line":70,"column":23},"end":{"line":70,"column":24}},"loc":{"start":{"line":70,"column":29},"end":{"line":90,"column":15}},"line":70},"5":{"name":"(anonymous_5)","decl":{"start":{"line":79,"column":33},"end":{"line":79,"column":34}},"loc":{"start":{"line":79,"column":39},"end":{"line":79,"column":67}},"line":79}},"branchMap":{"0":{"loc":{"start":{"line":9,"column":2},"end":{"line":9,"column":26}},"type":"default-arg","locations":[{"start":{"line":9,"column":18},"end":{"line":9,"column":26}}],"line":9},"1":{"loc":{"start":{"line":18,"column":13},"end":{"line":22,"column":13}},"type":"binary-expr","locations":[{"start":{"line":18,"column":13},"end":{"line":18,"column":24}},{"start":{"line":19,"column":14},"end":{"line":21,"column":33}}],"line":18},"2":{"loc":{"start":{"line":27,"column":40},"end":{"line":27,"column":92}},"type":"binary-expr","locations":[{"start":{"line":27,"column":40},"end":{"line":27,"column":66}},{"start":{"line":27,"column":70},"end":{"line":27,"column":92}}],"line":27},"3":{"loc":{"start":{"line":33,"column":18},"end":{"line":33,"column":74}},"type":"binary-expr","locations":[{"start":{"line":33,"column":18},"end":{"line":33,"column":44}},{"start":{"line":33,"column":48},"end":{"line":33,"column":74}}],"line":33},"4":{"loc":{"start":{"line":40,"column":40},"end":{"line":40,"column":93}},"type":"binary-expr","locations":[{"start":{"line":40,"column":40},"end":{"line":40,"column":67}},{"start":{"line":40,"column":71},"end":{"line":40,"column":93}}],"line":40},"5":{"loc":{"start":{"line":43,"column":16},"end":{"line":56,"column":17}},"type":"if","locations":[{"start":{"line":43,"column":16},"end":{"line":56,"column":17}},{"start":{"line":54,"column":23},"end":{"line":56,"column":17}}],"line":43},"6":{"loc":{"start":{"line":62,"column":18},"end":{"line":62,"column":75}},"type":"binary-expr","locations":[{"start":{"line":62,"column":18},"end":{"line":62,"column":45}},{"start":{"line":62,"column":49},"end":{"line":62,"column":75}}],"line":62},"7":{"loc":{"start":{"line":69,"column":40},"end":{"line":69,"column":92}},"type":"binary-expr","locations":[{"start":{"line":69,"column":40},"end":{"line":69,"column":66}},{"start":{"line":69,"column":70},"end":{"line":69,"column":92}}],"line":69},"8":{"loc":{"start":{"line":72,"column":16},"end":{"line":89,"column":17}},"type":"if","locations":[{"start":{"line":72,"column":16},"end":{"line":89,"column":17}},{"start":{"line":87,"column":23},"end":{"line":89,"column":17}}],"line":72},"9":{"loc":{"start":{"line":95,"column":18},"end":{"line":95,"column":74}},"type":"binary-expr","locations":[{"start":{"line":95,"column":18},"end":{"line":95,"column":44}},{"start":{"line":95,"column":48},"end":{"line":95,"column":74}}],"line":95}},"s":{"0":0,"1":0,"2":0,"3":0,"4":0,"5":0,"6":0,"7":0,"8":0,"9":0,"10":0,"11":0,"12":0},"f":{"0":0,"1":0,"2":0,"3":0,"4":0,"5":0},"b":{"0":[0],"1":[0,0],"2":[0,0],"3":[0,0],"4":[0,0],"5":[0,0],"6":[0,0],"7":[0,0],"8":[0,0],"9":[0,0]}}
,"/Users/yoshidometoru/Documents/GitHub/ParkPedia/components/ErrorBoundary.js": {"path":"/Users/yoshidometoru/Documents/GitHub/ParkPedia/components/ErrorBoundary.js","statementMap":{"0":{"start":{"line":7,"column":4},"end":{"line":7,"column":17}},"1":{"start":{"line":8,"column":4},"end":{"line":8,"column":50}},"2":{"start":{"line":12,"column":4},"end":{"line":12,"column":37}},"3":{"start":{"line":16,"column":4},"end":{"line":18,"column":5}},"4":{"start":{"line":17,"column":6},"end":{"line":17,"column":72}},"5":{"start":{"line":21,"column":4},"end":{"line":31,"column":5}},"6":{"start":{"line":22,"column":6},"end":{"line":30,"column":7}},"7":{"start":{"line":23,"column":28},"end":{"line":23,"column":81}},"8":{"start":{"line":24,"column":8},"end":{"line":24,"column":41}},"9":{"start":{"line":25,"column":8},"end":{"line":25,"column":70}},"10":{"start":{"line":27,"column":8},"end":{"line":29,"column":9}},"11":{"start":{"line":28,"column":10},"end":{"line":28,"column":66}},"12":{"start":{"line":34,"column":16},"end":{"line":36,"column":3}},"13":{"start":{"line":35,"column":4},"end":{"line":35,"column":52}},"14":{"start":{"line":39,"column":4},"end":{"line":59,"column":5}},"15":{"start":{"line":40,"column":6},"end":{"line":58,"column":8}},"16":{"start":{"line":61,"column":4},"end":{"line":61,"column":31}},"17":{"start":{"line":65,"column":15},"end":{"line":125,"column":2}}},"fnMap":{"0":{"name":"(anonymous_0)","decl":{"start":{"line":6,"column":2},"end":{"line":6,"column":3}},"loc":{"start":{"line":6,"column":21},"end":{"line":9,"column":3}},"line":6},"1":{"name":"(anonymous_1)","decl":{"start":{"line":11,"column":2},"end":{"line":11,"column":3}},"loc":{"start":{"line":11,"column":41},"end":{"line":13,"column":3}},"line":11},"2":{"name":"(anonymous_2)","decl":{"start":{"line":15,"column":2},"end":{"line":15,"column":3}},"loc":{"start":{"line":15,"column":38},"end":{"line":32,"column":3}},"line":15},"3":{"name":"(anonymous_3)","decl":{"start":{"line":34,"column":16},"end":{"line":34,"column":17}},"loc":{"start":{"line":34,"column":22},"end":{"line":36,"column":3}},"line":34},"4":{"name":"(anonymous_4)","decl":{"start":{"line":38,"column":2},"end":{"line":38,"column":3}},"loc":{"start":{"line":38,"column":11},"end":{"line":62,"column":3}},"line":38}},"branchMap":{"0":{"loc":{"start":{"line":16,"column":4},"end":{"line":18,"column":5}},"type":"if","locations":[{"start":{"line":16,"column":4},"end":{"line":18,"column":5}},{"start":{},"end":{}}],"line":16},"1":{"loc":{"start":{"line":21,"column":4},"end":{"line":31,"column":5}},"type":"if","locations":[{"start":{"line":21,"column":4},"end":{"line":31,"column":5}},{"start":{},"end":{}}],"line":21},"2":{"loc":{"start":{"line":27,"column":8},"end":{"line":29,"column":9}},"type":"if","locations":[{"start":{"line":27,"column":8},"end":{"line":29,"column":9}},{"start":{},"end":{}}],"line":27},"3":{"loc":{"start":{"line":39,"column":4},"end":{"line":59,"column":5}},"type":"if","locations":[{"start":{"line":39,"column":4},"end":{"line":59,"column":5}},{"start":{},"end":{}}],"line":39},"4":{"loc":{"start":{"line":47,"column":13},"end":{"line":52,"column":13}},"type":"binary-expr","locations":[{"start":{"line":47,"column":13},"end":{"line":47,"column":20}},{"start":{"line":47,"column":24},"end":{"line":47,"column":40}},{"start":{"line":48,"column":14},"end":{"line":51,"column":21}}],"line":47},"5":{"loc":{"start":{"line":111,"column":16},"end":{"line":111,"column":63}},"type":"cond-expr","locations":[{"start":{"line":111,"column":40},"end":{"line":111,"column":49}},{"start":{"line":111,"column":52},"end":{"line":111,"column":63}}],"line":111}},"s":{"0":0,"1":0,"2":0,"3":0,"4":0,"5":0,"6":0,"7":0,"8":0,"9":0,"10":0,"11":0,"12":0,"13":0,"14":0,"15":0,"16":0,"17":0},"f":{"0":0,"1":0,"2":0,"3":0,"4":0},"b":{"0":[0,0],"1":[0,0],"2":[0,0],"3":[0,0],"4":[0,0,0],"5":[0,0]}}
,"/Users/yoshidometoru/Documents/GitHub/ParkPedia/components/FilterDrawer.js": {"path":"/Users/yoshidometoru/Documents/GitHub/ParkPedia/components/FilterDrawer.js","statementMap":{"0":{"start":{"line":13,"column":26},"end":{"line":48,"column":1}},"1":{"start":{"line":51,"column":20},"end":{"line":51,"column":66}},"2":{"start":{"line":53,"column":2},"end":{"line":67,"column":27}},"3":{"start":{"line":54,"column":4},"end":{"line":66,"column":5}},"4":{"start":{"line":55,"column":6},"end":{"line":59,"column":17}},"5":{"start":{"line":61,"column":6},"end":{"line":65,"column":17}},"6":{"start":{"line":69,"column":29},"end":{"line":96,"column":3}},"7":{"start":{"line":70,"column":25},"end":{"line":70,"column":75}},"8":{"start":{"line":70,"column":55},"end":{"line":70,"column":74}},"9":{"start":{"line":71,"column":27},"end":{"line":71,"column":58}},"10":{"start":{"line":73,"column":4},"end":{"line":95,"column":5}},"11":{"start":{"line":75,"column":29},"end":{"line":75,"column":52}},"12":{"start":{"line":76,"column":25},"end":{"line":78,"column":18}},"13":{"start":{"line":80,"column":6},"end":{"line":83,"column":9}},"14":{"start":{"line":86,"column":29},"end":{"line":86,"column":52}},"15":{"start":{"line":87,"column":25},"end":{"line":89,"column":37}},"16":{"start":{"line":88,"column":40},"end":{"line":88,"column":55}},"17":{"start":{"line":91,"column":6},"end":{"line":94,"column":9}},"18":{"start":{"line":98,"column":2},"end":{"line":175,"column":4}},"19":{"start":{"line":125,"column":16},"end":{"line":152,"column":23}},"20":{"start":{"line":128,"column":39},"end":{"line":128,"column":84}},"21":{"start":{"line":129,"column":20},"end":{"line":150,"column":22}},"22":{"start":{"line":133,"column":39},"end":{"line":133,"column":78}},"23":{"start":{"line":158,"column":20},"end":{"line":164,"column":23}},"24":{"start":{"line":178,"column":15},"end":{"line":315,"column":2}}},"fnMap":{"0":{"name":"FilterDrawer","decl":{"start":{"line":50,"column":24},"end":{"line":50,"column":36}},"loc":{"start":{"line":50,"column":84},"end":{"line":176,"column":1}},"line":50},"1":{"name":"(anonymous_1)","decl":{"start":{"line":53,"column":18},"end":{"line":53,"column":19}},"loc":{"start":{"line":53,"column":24},"end":{"line":67,"column":3}},"line":53},"2":{"name":"(anonymous_2)","decl":{"start":{"line":69,"column":29},"end":{"line":69,"column":30}},"loc":{"start":{"line":69,"column":51},"end":{"line":96,"column":3}},"line":69},"3":{"name":"(anonymous_3)","decl":{"start":{"line":70,"column":48},"end":{"line":70,"column":49}},"loc":{"start":{"line":70,"column":55},"end":{"line":70,"column":74}},"line":70},"4":{"name":"(anonymous_4)","decl":{"start":{"line":88,"column":32},"end":{"line":88,"column":33}},"loc":{"start":{"line":88,"column":40},"end":{"line":88,"column":55}},"line":88},"5":{"name":"(anonymous_5)","decl":{"start":{"line":124,"column":37},"end":{"line":124,"column":38}},"loc":{"start":{"line":125,"column":16},"end":{"line":152,"column":23}},"line":125},"6":{"name":"(anonymous_6)","decl":{"start":{"line":127,"column":40},"end":{"line":127,"column":41}},"loc":{"start":{"line":127,"column":50},"end":{"line":151,"column":19}},"line":127},"7":{"name":"(anonymous_7)","decl":{"start":{"line":133,"column":33},"end":{"line":133,"column":34}},"loc":{"start":{"line":133,"column":39},"end":{"line":133,"column":78}},"line":133},"8":{"name":"(anonymous_8)","decl":{"start":{"line":157,"column":27},"end":{"line":157,"column":28}},"loc":{"start":{"line":157,"column":33},"end":{"line":165,"column":19}},"line":157}},"branchMap":{"0":{"loc":{"start":{"line":54,"column":4},"end":{"line":66,"column":5}},"type":"if","locations":[{"start":{"line":54,"column":4},"end":{"line":66,"column":5}},{"start":{"line":60,"column":11},"end":{"line":66,"column":5}}],"line":54},"1":{"loc":{"start":{"line":73,"column":4},"end":{"line":95,"column":5}},"type":"if","locations":[{"start":{"line":73,"column":4},"end":{"line":95,"column":5}},{"start":{"line":84,"column":11},"end":{"line":95,"column":5}}],"line":73},"2":{"loc":{"start":{"line":75,"column":29},"end":{"line":75,"column":52}},"type":"binary-expr","locations":[{"start":{"line":75,"column":29},"end":{"line":75,"column":46}},{"start":{"line":75,"column":50},"end":{"line":75,"column":52}}],"line":75},"3":{"loc":{"start":{"line":76,"column":25},"end":{"line":78,"column":18}},"type":"cond-expr","locations":[{"start":{"line":77,"column":10},"end":{"line":77,"column":12}},{"start":{"line":78,"column":10},"end":{"line":78,"column":18}}],"line":76},"4":{"loc":{"start":{"line":86,"column":29},"end":{"line":86,"column":52}},"type":"binary-expr","locations":[{"start":{"line":86,"column":29},"end":{"line":86,"column":46}},{"start":{"line":86,"column":50},"end":{"line":86,"column":52}}],"line":86},"5":{"loc":{"start":{"line":87,"column":25},"end":{"line":89,"column":37}},"type":"cond-expr","locations":[{"start":{"line":88,"column":10},"end":{"line":88,"column":56}},{"start":{"line":89,"column":10},"end":{"line":89,"column":37}}],"line":87},"6":{"loc":{"start":{"line":128,"column":40},"end":{"line":128,"column":66}},"type":"binary-expr","locations":[{"start":{"line":128,"column":40},"end":{"line":128,"column":60}},{"start":{"line":128,"column":64},"end":{"line":128,"column":66}}],"line":128},"7":{"loc":{"start":{"line":137,"column":28},"end":{"line":137,"column":87}},"type":"cond-expr","locations":[{"start":{"line":137,"column":57},"end":{"line":137,"column":69}},{"start":{"line":137,"column":72},"end":{"line":137,"column":87}}],"line":137},"8":{"loc":{"start":{"line":138,"column":28},"end":{"line":138,"column":65}},"type":"binary-expr","locations":[{"start":{"line":138,"column":28},"end":{"line":138,"column":38}},{"start":{"line":138,"column":42},"end":{"line":138,"column":65}}],"line":138},"9":{"loc":{"start":{"line":141,"column":27},"end":{"line":146,"column":30}},"type":"binary-expr","locations":[{"start":{"line":141,"column":27},"end":{"line":141,"column":37}},{"start":{"line":142,"column":29},"end":{"line":146,"column":29}}],"line":141},"10":{"loc":{"start":{"line":142,"column":29},"end":{"line":146,"column":29}},"type":"cond-expr","locations":[{"start":{"line":143,"column":30},"end":{"line":143,"column":64}},{"start":{"line":145,"column":30},"end":{"line":145,"column":69}}],"line":142}},"s":{"0":0,"1":0,"2":0,"3":0,"4":0,"5":0,"6":0,"7":0,"8":0,"9":0,"10":0,"11":0,"12":0,"13":0,"14":0,"15":0,"16":0,"17":0,"18":0,"19":0,"20":0,"21":0,"22":0,"23":0,"24":0},"f":{"0":0,"1":0,"2":0,"3":0,"4":0,"5":0,"6":0,"7":0,"8":0},"b":{"0":[0,0],"1":[0,0],"2":[0,0],"3":[0,0],"4":[0,0],"5":[0,0],"6":[0,0],"7":[0,0],"8":[0,0],"9":[0,0],"10":[0,0]}}
,"/Users/yoshidometoru/Documents/GitHub/ParkPedia/screens/AddParkScreen.js": {"path":"/Users/yoshidometoru/Documents/GitHub/ParkPedia/screens/AddParkScreen.js","statementMap":{"0":{"start":{"line":25,"column":20},"end":{"line":25,"column":44}},"1":{"start":{"line":28,"column":26},"end":{"line":28,"column":72}},"2":{"start":{"line":31,"column":19},"end":{"line":38,"column":1}},"3":{"start":{"line":42,"column":21},"end":{"line":42,"column":54}},"4":{"start":{"line":43,"column":27},"end":{"line":43,"column":57}},"5":{"start":{"line":45,"column":26},"end":{"line":45,"column":38}},"6":{"start":{"line":46,"column":32},"end":{"line":46,"column":44}},"7":{"start":{"line":47,"column":40},"end":{"line":47,"column":52}},"8":{"start":{"line":48,"column":42},"end":{"line":48,"column":54}},"9":{"start":{"line":49,"column":52},"end":{"line":49,"column":64}},"10":{"start":{"line":50,"column":54},"end":{"line":50,"column":66}},"11":{"start":{"line":51,"column":30},"end":{"line":51,"column":42}},"12":{"start":{"line":52,"column":38},"end":{"line":52,"column":53}},"13":{"start":{"line":54,"column":21},"end":{"line":54,"column":22}},"14":{"start":{"line":57,"column":2},"end":{"line":82,"column":37}},"15":{"start":{"line":58,"column":4},"end":{"line":81,"column":5}},"16":{"start":{"line":59,"column":6},"end":{"line":59,"column":43}},"17":{"start":{"line":60,"column":6},"end":{"line":60,"column":49}},"18":{"start":{"line":61,"column":6},"end":{"line":61,"column":57}},"19":{"start":{"line":62,"column":6},"end":{"line":62,"column":56}},"20":{"start":{"line":63,"column":6},"end":{"line":63,"column":67}},"21":{"start":{"line":66,"column":26},"end":{"line":66,"column":28}},"22":{"start":{"line":67,"column":6},"end":{"line":74,"column":7}},"23":{"start":{"line":68,"column":8},"end":{"line":73,"column":11}},"24":{"start":{"line":69,"column":27},"end":{"line":69,"column":66}},"25":{"start":{"line":69,"column":48},"end":{"line":69,"column":65}},"26":{"start":{"line":70,"column":10},"end":{"line":72,"column":11}},"27":{"start":{"line":71,"column":12},"end":{"line":71,"column":42}},"28":{"start":{"line":75,"column":6},"end":{"line":75,"column":41}},"29":{"start":{"line":78,"column":6},"end":{"line":80,"column":7}},"30":{"start":{"line":79,"column":8},"end":{"line":79,"column":43}},"31":{"start":{"line":85,"column":2},"end":{"line":104,"column":31}},"32":{"start":{"line":86,"column":24},"end":{"line":86,"column":40}},"33":{"start":{"line":87,"column":4},"end":{"line":103,"column":5}},"34":{"start":{"line":88,"column":6},"end":{"line":102,"column":8}},"35":{"start":{"line":94,"column":27},"end":{"line":94,"column":55}},"36":{"start":{"line":99,"column":27},"end":{"line":99,"column":46}},"37":{"start":{"line":107,"column":20},"end":{"line":115,"column":3}},"38":{"start":{"line":108,"column":4},"end":{"line":114,"column":7}},"39":{"start":{"line":109,"column":6},"end":{"line":113,"column":7}},"40":{"start":{"line":110,"column":8},"end":{"line":110,"column":49}},"41":{"start":{"line":110,"column":35},"end":{"line":110,"column":47}},"42":{"start":{"line":112,"column":8},"end":{"line":112,"column":30}},"43":{"start":{"line":118,"column":26},"end":{"line":126,"column":3}},"44":{"start":{"line":119,"column":4},"end":{"line":125,"column":7}},"45":{"start":{"line":120,"column":6},"end":{"line":124,"column":7}},"46":{"start":{"line":121,"column":8},"end":{"line":121,"column":55}},"47":{"start":{"line":121,"column":35},"end":{"line":121,"column":53}},"48":{"start":{"line":123,"column":8},"end":{"line":123,"column":36}},"49":{"start":{"line":129,"column":25},"end":{"line":137,"column":3}},"50":{"start":{"line":130,"column":4},"end":{"line":136,"column":7}},"51":{"start":{"line":131,"column":6},"end":{"line":135,"column":7}},"52":{"start":{"line":132,"column":8},"end":{"line":132,"column":52}},"53":{"start":{"line":132,"column":33},"end":{"line":132,"column":50}},"54":{"start":{"line":134,"column":8},"end":{"line":134,"column":37}},"55":{"start":{"line":140,"column":20},"end":{"line":169,"column":3}},"56":{"start":{"line":141,"column":4},"end":{"line":144,"column":5}},"57":{"start":{"line":142,"column":6},"end":{"line":142,"column":60}},"58":{"start":{"line":143,"column":6},"end":{"line":143,"column":13}},"59":{"start":{"line":147,"column":23},"end":{"line":147,"column":78}},"60":{"start":{"line":148,"column":4},"end":{"line":151,"column":5}},"61":{"start":{"line":149,"column":6},"end":{"line":149,"column":58}},"62":{"start":{"line":150,"column":6},"end":{"line":150,"column":13}},"63":{"start":{"line":154,"column":19},"end":{"line":159,"column":6}},"64":{"start":{"line":161,"column":4},"end":{"line":168,"column":5}},"65":{"start":{"line":162,"column":24},"end":{"line":162,"column":61}},"66":{"start":{"line":162,"column":51},"end":{"line":162,"column":60}},"67":{"start":{"line":163,"column":6},"end":{"line":166,"column":7}},"68":{"start":{"line":164,"column":8},"end":{"line":164,"column":62}},"69":{"start":{"line":165,"column":8},"end":{"line":165,"column":15}},"70":{"start":{"line":167,"column":6},"end":{"line":167,"column":43}},"71":{"start":{"line":172,"column":22},"end":{"line":174,"column":3}},"72":{"start":{"line":173,"column":4},"end":{"line":173,"column":52}},"73":{"start":{"line":173,"column":38},"end":{"line":173,"column":49}},"74":{"start":{"line":177,"column":23},"end":{"line":292,"column":3}},"75":{"start":{"line":179,"column":4},"end":{"line":182,"column":5}},"76":{"start":{"line":180,"column":6},"end":{"line":180,"column":41}},"77":{"start":{"line":181,"column":6},"end":{"line":181,"column":13}},"78":{"start":{"line":184,"column":4},"end":{"line":187,"column":5}},"79":{"start":{"line":185,"column":6},"end":{"line":185,"column":40}},"80":{"start":{"line":186,"column":6},"end":{"line":186,"column":13}},"81":{"start":{"line":189,"column":4},"end":{"line":192,"column":5}},"82":{"start":{"line":190,"column":6},"end":{"line":190,"column":40}},"83":{"start":{"line":191,"column":6},"end":{"line":191,"column":13}},"84":{"start":{"line":195,"column":24},"end":{"line":195,"column":40}},"85":{"start":{"line":196,"column":4},"end":{"line":200,"column":5}},"86":{"start":{"line":197,"column":6},"end":{"line":197,"column":38}},"87":{"start":{"line":198,"column":6},"end":{"line":198,"column":35}},"88":{"start":{"line":199,"column":6},"end":{"line":199,"column":13}},"89":{"start":{"line":202,"column":4},"end":{"line":291,"column":5}},"90":{"start":{"line":203,"column":6},"end":{"line":203,"column":26}},"91":{"start":{"line":206,"column":25},"end":{"line":209,"column":8}},"92":{"start":{"line":207,"column":25},"end":{"line":207,"column":58}},"93":{"start":{"line":207,"column":46},"end":{"line":207,"column":57}},"94":{"start":{"line":208,"column":8},"end":{"line":208,"column":46}},"95":{"start":{"line":212,"column":30},"end":{"line":212,"column":32}},"96":{"start":{"line":213,"column":25},"end":{"line":213,"column":29}},"97":{"start":{"line":216,"column":24},"end":{"line":216,"column":73}},"98":{"start":{"line":216,"column":47},"end":{"line":216,"column":72}},"99":{"start":{"line":217,"column":29},"end":{"line":217,"column":77}},"100":{"start":{"line":217,"column":52},"end":{"line":217,"column":76}},"101":{"start":{"line":219,"column":6},"end":{"line":232,"column":7}},"102":{"start":{"line":220,"column":8},"end":{"line":229,"column":9}},"103":{"start":{"line":221,"column":34},"end":{"line":221,"column":80}},"104":{"start":{"line":222,"column":10},"end":{"line":222,"column":70}},"105":{"start":{"line":224,"column":10},"end":{"line":226,"column":11}},"106":{"start":{"line":225,"column":12},"end":{"line":225,"column":55}},"107":{"start":{"line":227,"column":10},"end":{"line":227,"column":60}},"108":{"start":{"line":228,"column":10},"end":{"line":228,"column":45}},"109":{"start":{"line":231,"column":8},"end":{"line":231,"column":43}},"110":{"start":{"line":234,"column":6},"end":{"line":234,"column":50}},"111":{"start":{"line":236,"column":23},"end":{"line":248,"column":7}},"112":{"start":{"line":250,"column":6},"end":{"line":280,"column":7}},"113":{"start":{"line":252,"column":24},"end":{"line":252,"column":61}},"114":{"start":{"line":253,"column":8},"end":{"line":253,"column":43}},"115":{"start":{"line":255,"column":8},"end":{"line":262,"column":11}},"116":{"start":{"line":259,"column":14},"end":{"line":259,"column":43}},"117":{"start":{"line":265,"column":8},"end":{"line":265,"column":28}},"118":{"start":{"line":266,"column":8},"end":{"line":266,"column":33}},"119":{"start":{"line":267,"column":8},"end":{"line":267,"column":42}},"120":{"start":{"line":268,"column":8},"end":{"line":268,"column":47}},"121":{"start":{"line":270,"column":8},"end":{"line":270,"column":56}},"122":{"start":{"line":272,"column":8},"end":{"line":279,"column":11}},"123":{"start":{"line":276,"column":14},"end":{"line":276,"column":42}},"124":{"start":{"line":282,"column":6},"end":{"line":284,"column":7}},"125":{"start":{"line":283,"column":8},"end":{"line":283,"column":47}},"126":{"start":{"line":285,"column":6},"end":{"line":288,"column":8}},"127":{"start":{"line":290,"column":6},"end":{"line":290,"column":27}},"128":{"start":{"line":294,"column":2},"end":{"line":468,"column":4}},"129":{"start":{"line":369,"column":16},"end":{"line":382,"column":23}},"130":{"start":{"line":378,"column":35},"end":{"line":378,"column":53}},"131":{"start":{"line":393,"column":33},"end":{"line":393,"column":59}},"132":{"start":{"line":394,"column":14},"end":{"line":405,"column":16}},"133":{"start":{"line":398,"column":33},"end":{"line":398,"column":47}},"134":{"start":{"line":415,"column":33},"end":{"line":415,"column":70}},"135":{"start":{"line":416,"column":14},"end":{"line":427,"column":16}},"136":{"start":{"line":420,"column":33},"end":{"line":420,"column":59}},"137":{"start":{"line":437,"column":33},"end":{"line":437,"column":73}},"138":{"start":{"line":438,"column":14},"end":{"line":449,"column":16}},"139":{"start":{"line":442,"column":33},"end":{"line":442,"column":60}},"140":{"start":{"line":471,"column":15},"end":{"line":646,"column":2}}},"fnMap":{"0":{"name":"AddParkScreen","decl":{"start":{"line":40,"column":24},"end":{"line":40,"column":37}},"loc":{"start":{"line":40,"column":61},"end":{"line":469,"column":1}},"line":40},"1":{"name":"(anonymous_1)","decl":{"start":{"line":57,"column":12},"end":{"line":57,"column":13}},"loc":{"start":{"line":57,"column":18},"end":{"line":82,"column":3}},"line":57},"2":{"name":"(anonymous_2)","decl":{"start":{"line":68,"column":44},"end":{"line":68,"column":45}},"loc":{"start":{"line":68,"column":53},"end":{"line":73,"column":9}},"line":68},"3":{"name":"(anonymous_3)","decl":{"start":{"line":69,"column":43},"end":{"line":69,"column":44}},"loc":{"start":{"line":69,"column":48},"end":{"line":69,"column":65}},"line":69},"4":{"name":"(anonymous_4)","decl":{"start":{"line":85,"column":12},"end":{"line":85,"column":13}},"loc":{"start":{"line":85,"column":18},"end":{"line":104,"column":3}},"line":85},"5":{"name":"(anonymous_5)","decl":{"start":{"line":94,"column":21},"end":{"line":94,"column":22}},"loc":{"start":{"line":94,"column":27},"end":{"line":94,"column":55}},"line":94},"6":{"name":"(anonymous_6)","decl":{"start":{"line":99,"column":21},"end":{"line":99,"column":22}},"loc":{"start":{"line":99,"column":27},"end":{"line":99,"column":46}},"line":99},"7":{"name":"(anonymous_7)","decl":{"start":{"line":107,"column":20},"end":{"line":107,"column":21}},"loc":{"start":{"line":107,"column":27},"end":{"line":115,"column":3}},"line":107},"8":{"name":"(anonymous_8)","decl":{"start":{"line":108,"column":20},"end":{"line":108,"column":21}},"loc":{"start":{"line":108,"column":28},"end":{"line":114,"column":5}},"line":108},"9":{"name":"(anonymous_9)","decl":{"start":{"line":110,"column":27},"end":{"line":110,"column":28}},"loc":{"start":{"line":110,"column":35},"end":{"line":110,"column":47}},"line":110},"10":{"name":"(anonymous_10)","decl":{"start":{"line":118,"column":26},"end":{"line":118,"column":27}},"loc":{"start":{"line":118,"column":39},"end":{"line":126,"column":3}},"line":118},"11":{"name":"(anonymous_11)","decl":{"start":{"line":119,"column":25},"end":{"line":119,"column":26}},"loc":{"start":{"line":119,"column":33},"end":{"line":125,"column":5}},"line":119},"12":{"name":"(anonymous_12)","decl":{"start":{"line":121,"column":27},"end":{"line":121,"column":28}},"loc":{"start":{"line":121,"column":35},"end":{"line":121,"column":53}},"line":121},"13":{"name":"(anonymous_13)","decl":{"start":{"line":129,"column":25},"end":{"line":129,"column":26}},"loc":{"start":{"line":129,"column":39},"end":{"line":137,"column":3}},"line":129},"14":{"name":"(anonymous_14)","decl":{"start":{"line":130,"column":26},"end":{"line":130,"column":27}},"loc":{"start":{"line":130,"column":34},"end":{"line":136,"column":5}},"line":130},"15":{"name":"(anonymous_15)","decl":{"start":{"line":132,"column":27},"end":{"line":132,"column":28}},"loc":{"start":{"line":132,"column":33},"end":{"line":132,"column":50}},"line":132},"16":{"name":"(anonymous_16)","decl":{"start":{"line":140,"column":20},"end":{"line":140,"column":21}},"loc":{"start":{"line":140,"column":32},"end":{"line":169,"column":3}},"line":140},"17":{"name":"(anonymous_17)","decl":{"start":{"line":162,"column":42},"end":{"line":162,"column":43}},"loc":{"start":{"line":162,"column":51},"end":{"line":162,"column":60}},"line":162},"18":{"name":"(anonymous_18)","decl":{"start":{"line":172,"column":22},"end":{"line":172,"column":23}},"loc":{"start":{"line":172,"column":31},"end":{"line":174,"column":3}},"line":172},"19":{"name":"(anonymous_19)","decl":{"start":{"line":173,"column":28},"end":{"line":173,"column":29}},"loc":{"start":{"line":173,"column":38},"end":{"line":173,"column":49}},"line":173},"20":{"name":"(anonymous_20)","decl":{"start":{"line":177,"column":23},"end":{"line":177,"column":24}},"loc":{"start":{"line":177,"column":35},"end":{"line":292,"column":3}},"line":177},"21":{"name":"(anonymous_21)","decl":{"start":{"line":206,"column":48},"end":{"line":206,"column":49}},"loc":{"start":{"line":206,"column":54},"end":{"line":209,"column":7}},"line":206},"22":{"name":"(anonymous_22)","decl":{"start":{"line":207,"column":41},"end":{"line":207,"column":42}},"loc":{"start":{"line":207,"column":46},"end":{"line":207,"column":57}},"line":207},"23":{"name":"(anonymous_23)","decl":{"start":{"line":216,"column":38},"end":{"line":216,"column":39}},"loc":{"start":{"line":216,"column":47},"end":{"line":216,"column":72}},"line":216},"24":{"name":"(anonymous_24)","decl":{"start":{"line":217,"column":43},"end":{"line":217,"column":44}},"loc":{"start":{"line":217,"column":52},"end":{"line":217,"column":76}},"line":217},"25":{"name":"(anonymous_25)","decl":{"start":{"line":258,"column":21},"end":{"line":258,"column":22}},"loc":{"start":{"line":258,"column":27},"end":{"line":260,"column":13}},"line":258},"26":{"name":"(anonymous_26)","decl":{"start":{"line":275,"column":21},"end":{"line":275,"column":22}},"loc":{"start":{"line":275,"column":27},"end":{"line":277,"column":13}},"line":275},"27":{"name":"(anonymous_27)","decl":{"start":{"line":302,"column":24},"end":{"line":302,"column":25}},"loc":{"start":{"line":302,"column":30},"end":{"line":302,"column":32}},"line":302},"28":{"name":"(anonymous_28)","decl":{"start":{"line":368,"column":26},"end":{"line":368,"column":27}},"loc":{"start":{"line":369,"column":16},"end":{"line":382,"column":23}},"line":369},"29":{"name":"(anonymous_29)","decl":{"start":{"line":378,"column":29},"end":{"line":378,"column":30}},"loc":{"start":{"line":378,"column":35},"end":{"line":378,"column":53}},"line":378},"30":{"name":"(anonymous_30)","decl":{"start":{"line":392,"column":29},"end":{"line":392,"column":30}},"loc":{"start":{"line":392,"column":36},"end":{"line":406,"column":13}},"line":392},"31":{"name":"(anonymous_31)","decl":{"start":{"line":398,"column":27},"end":{"line":398,"column":28}},"loc":{"start":{"line":398,"column":33},"end":{"line":398,"column":47}},"line":398},"32":{"name":"(anonymous_32)","decl":{"start":{"line":414,"column":35},"end":{"line":414,"column":36}},"loc":{"start":{"line":414,"column":48},"end":{"line":428,"column":13}},"line":414},"33":{"name":"(anonymous_33)","decl":{"start":{"line":420,"column":27},"end":{"line":420,"column":28}},"loc":{"start":{"line":420,"column":33},"end":{"line":420,"column":59}},"line":420},"34":{"name":"(anonymous_34)","decl":{"start":{"line":436,"column":28},"end":{"line":436,"column":29}},"loc":{"start":{"line":436,"column":40},"end":{"line":450,"column":13}},"line":436},"35":{"name":"(anonymous_35)","decl":{"start":{"line":442,"column":27},"end":{"line":442,"column":28}},"loc":{"start":{"line":442,"column":33},"end":{"line":442,"column":60}},"line":442}},"branchMap":{"0":{"loc":{"start":{"line":42,"column":21},"end":{"line":42,"column":54}},"type":"binary-expr","locations":[{"start":{"line":42,"column":21},"end":{"line":42,"column":45}},{"start":{"line":42,"column":49},"end":{"line":42,"column":54}}],"line":42},"1":{"loc":{"start":{"line":43,"column":27},"end":{"line":43,"column":57}},"type":"binary-expr","locations":[{"start":{"line":43,"column":27},"end":{"line":43,"column":49}},{"start":{"line":43,"column":53},"end":{"line":43,"column":57}}],"line":43},"2":{"loc":{"start":{"line":58,"column":4},"end":{"line":81,"column":5}},"type":"if","locations":[{"start":{"line":58,"column":4},"end":{"line":81,"column":5}},{"start":{},"end":{}}],"line":58},"3":{"loc":{"start":{"line":58,"column":8},"end":{"line":58,"column":38}},"type":"binary-expr","locations":[{"start":{"line":58,"column":8},"end":{"line":58,"column":18}},{"start":{"line":58,"column":22},"end":{"line":58,"column":38}}],"line":58},"4":{"loc":{"start":{"line":59,"column":14},"end":{"line":59,"column":41}},"type":"binary-expr","locations":[{"start":{"line":59,"column":14},"end":{"line":59,"column":35}},{"start":{"line":59,"column":39},"end":{"line":59,"column":41}}],"line":59},"5":{"loc":{"start":{"line":60,"column":17},"end":{"line":60,"column":47}},"type":"binary-expr","locations":[{"start":{"line":60,"column":17},"end":{"line":60,"column":41}},{"start":{"line":60,"column":45},"end":{"line":60,"column":47}}],"line":60},"6":{"loc":{"start":{"line":61,"column":21},"end":{"line":61,"column":55}},"type":"binary-expr","locations":[{"start":{"line":61,"column":21},"end":{"line":61,"column":49}},{"start":{"line":61,"column":53},"end":{"line":61,"column":55}}],"line":61},"7":{"loc":{"start":{"line":62,"column":22},"end":{"line":62,"column":54}},"type":"binary-expr","locations":[{"start":{"line":62,"column":22},"end":{"line":62,"column":48}},{"start":{"line":62,"column":52},"end":{"line":62,"column":54}}],"line":62},"8":{"loc":{"start":{"line":63,"column":27},"end":{"line":63,"column":65}},"type":"binary-expr","locations":[{"start":{"line":63,"column":27},"end":{"line":63,"column":59}},{"start":{"line":63,"column":63},"end":{"line":63,"column":65}}],"line":63},"9":{"loc":{"start":{"line":67,"column":6},"end":{"line":74,"column":7}},"type":"if","locations":[{"start":{"line":67,"column":6},"end":{"line":74,"column":7}},{"start":{},"end":{}}],"line":67},"10":{"loc":{"start":{"line":67,"column":10},"end":{"line":67,"column":83}},"type":"binary-expr","locations":[{"start":{"line":67,"column":10},"end":{"line":67,"column":37}},{"start":{"line":67,"column":41},"end":{"line":67,"column":83}}],"line":67},"11":{"loc":{"start":{"line":70,"column":10},"end":{"line":72,"column":11}},"type":"if","locations":[{"start":{"line":70,"column":10},"end":{"line":72,"column":11}},{"start":{},"end":{}}],"line":70},"12":{"loc":{"start":{"line":78,"column":6},"end":{"line":80,"column":7}},"type":"if","locations":[{"start":{"line":78,"column":6},"end":{"line":80,"column":7}},{"start":{},"end":{}}],"line":78},"13":{"loc":{"start":{"line":78,"column":10},"end":{"line":78,"column":75}},"type":"binary-expr","locations":[{"start":{"line":78,"column":10},"end":{"line":78,"column":33}},{"start":{"line":78,"column":37},"end":{"line":78,"column":75}}],"line":78},"14":{"loc":{"start":{"line":87,"column":4},"end":{"line":103,"column":5}},"type":"if","locations":[{"start":{"line":87,"column":4},"end":{"line":103,"column":5}},{"start":{},"end":{}}],"line":87},"15":{"loc":{"start":{"line":90,"column":14},"end":{"line":90,"column":38}},"type":"cond-expr","locations":[{"start":{"line":90,"column":27},"end":{"line":90,"column":31}},{"start":{"line":90,"column":34},"end":{"line":90,"column":38}}],"line":90},"16":{"loc":{"start":{"line":109,"column":6},"end":{"line":113,"column":7}},"type":"if","locations":[{"start":{"line":109,"column":6},"end":{"line":113,"column":7}},{"start":{"line":111,"column":13},"end":{"line":113,"column":7}}],"line":109},"17":{"loc":{"start":{"line":120,"column":6},"end":{"line":124,"column":7}},"type":"if","locations":[{"start":{"line":120,"column":6},"end":{"line":124,"column":7}},{"start":{"line":122,"column":13},"end":{"line":124,"column":7}}],"line":120},"18":{"loc":{"start":{"line":131,"column":6},"end":{"line":135,"column":7}},"type":"if","locations":[{"start":{"line":131,"column":6},"end":{"line":135,"column":7}},{"start":{"line":133,"column":13},"end":{"line":135,"column":7}}],"line":131},"19":{"loc":{"start":{"line":141,"column":4},"end":{"line":144,"column":5}},"type":"if","locations":[{"start":{"line":141,"column":4},"end":{"line":144,"column":5}},{"start":{},"end":{}}],"line":141},"20":{"loc":{"start":{"line":148,"column":4},"end":{"line":151,"column":5}},"type":"if","locations":[{"start":{"line":148,"column":4},"end":{"line":151,"column":5}},{"start":{},"end":{}}],"line":148},"21":{"loc":{"start":{"line":161,"column":4},"end":{"line":168,"column":5}},"type":"if","locations":[{"start":{"line":161,"column":4},"end":{"line":168,"column":5}},{"start":{},"end":{}}],"line":161},"22":{"loc":{"start":{"line":161,"column":8},"end":{"line":161,"column":41}},"type":"binary-expr","locations":[{"start":{"line":161,"column":8},"end":{"line":161,"column":24}},{"start":{"line":161,"column":28},"end":{"line":161,"column":41}}],"line":161},"23":{"loc":{"start":{"line":163,"column":6},"end":{"line":166,"column":7}},"type":"if","locations":[{"start":{"line":163,"column":6},"end":{"line":166,"column":7}},{"start":{},"end":{}}],"line":163},"24":{"loc":{"start":{"line":179,"column":4},"end":{"line":182,"column":5}},"type":"if","locations":[{"start":{"line":179,"column":4},"end":{"line":182,"column":5}},{"start":{},"end":{}}],"line":179},"25":{"loc":{"start":{"line":184,"column":4},"end":{"line":187,"column":5}},"type":"if","locations":[{"start":{"line":184,"column":4},"end":{"line":187,"column":5}},{"start":{},"end":{}}],"line":184},"26":{"loc":{"start":{"line":189,"column":4},"end":{"line":192,"column":5}},"type":"if","locations":[{"start":{"line":189,"column":4},"end":{"line":192,"column":5}},{"start":{},"end":{}}],"line":189},"27":{"loc":{"start":{"line":196,"column":4},"end":{"line":200,"column":5}},"type":"if","locations":[{"start":{"line":196,"column":4},"end":{"line":200,"column":5}},{"start":{},"end":{}}],"line":196},"28":{"loc":{"start":{"line":208,"column":15},"end":{"line":208,"column":45}},"type":"cond-expr","locations":[{"start":{"line":208,"column":26},"end":{"line":208,"column":40}},{"start":{"line":208,"column":43},"end":{"line":208,"column":45}}],"line":208},"29":{"loc":{"start":{"line":219,"column":6},"end":{"line":232,"column":7}},"type":"if","locations":[{"start":{"line":219,"column":6},"end":{"line":232,"column":7}},{"start":{"line":230,"column":13},"end":{"line":232,"column":7}}],"line":219},"30":{"loc":{"start":{"line":224,"column":10},"end":{"line":226,"column":11}},"type":"if","locations":[{"start":{"line":224,"column":10},"end":{"line":226,"column":11}},{"start":{},"end":{}}],"line":224},"31":{"loc":{"start":{"line":234,"column":21},"end":{"line":234,"column":49}},"type":"binary-expr","locations":[{"start":{"line":234,"column":21},"end":{"line":234,"column":41}},{"start":{"line":234,"column":45},"end":{"line":234,"column":49}}],"line":234},"32":{"loc":{"start":{"line":250,"column":6},"end":{"line":280,"column":7}},"type":"if","locations":[{"start":{"line":250,"column":6},"end":{"line":280,"column":7}},{"start":{"line":263,"column":13},"end":{"line":280,"column":7}}],"line":250},"33":{"loc":{"start":{"line":250,"column":10},"end":{"line":250,"column":44}},"type":"binary-expr","locations":[{"start":{"line":250,"column":10},"end":{"line":250,"column":20}},{"start":{"line":250,"column":24},"end":{"line":250,"column":44}}],"line":250},"34":{"loc":{"start":{"line":282,"column":6},"end":{"line":284,"column":7}},"type":"if","locations":[{"start":{"line":282,"column":6},"end":{"line":284,"column":7}},{"start":{},"end":{}}],"line":282},"35":{"loc":{"start":{"line":287,"column":14},"end":{"line":287,"column":38}},"type":"cond-expr","locations":[{"start":{"line":287,"column":27},"end":{"line":287,"column":31}},{"start":{"line":287,"column":34},"end":{"line":287,"column":38}}],"line":287},"36":{"loc":{"start":{"line":297,"column":16},"end":{"line":297,"column":60}},"type":"cond-expr","locations":[{"start":{"line":297,"column":40},"end":{"line":297,"column":49}},{"start":{"line":297,"column":52},"end":{"line":297,"column":60}}],"line":297},"37":{"loc":{"start":{"line":364,"column":11},"end":{"line":364,"column":83}},"type":"binary-expr","locations":[{"start":{"line":364,"column":11},"end":{"line":364,"column":30}},{"start":{"line":364,"column":34},"end":{"line":364,"column":83}}],"line":364},"38":{"loc":{"start":{"line":366,"column":11},"end":{"line":385,"column":11}},"type":"binary-expr","locations":[{"start":{"line":366,"column":11},"end":{"line":366,"column":28}},{"start":{"line":367,"column":12},"end":{"line":384,"column":19}}],"line":366},"39":{"loc":{"start":{"line":371,"column":19},"end":{"line":375,"column":19}},"type":"binary-expr","locations":[{"start":{"line":371,"column":19},"end":{"line":371,"column":30}},{"start":{"line":372,"column":20},"end":{"line":374,"column":27}}],"line":371},"40":{"loc":{"start":{"line":400,"column":49},"end":{"line":400,"column":86}},"type":"binary-expr","locations":[{"start":{"line":400,"column":49},"end":{"line":400,"column":59}},{"start":{"line":400,"column":63},"end":{"line":400,"column":86}}],"line":400},"41":{"loc":{"start":{"line":401,"column":21},"end":{"line":401,"column":74}},"type":"binary-expr","locations":[{"start":{"line":401,"column":21},"end":{"line":401,"column":31}},{"start":{"line":401,"column":35},"end":{"line":401,"column":74}}],"line":401},"42":{"loc":{"start":{"line":422,"column":49},"end":{"line":422,"column":86}},"type":"binary-expr","locations":[{"start":{"line":422,"column":49},"end":{"line":422,"column":59}},{"start":{"line":422,"column":63},"end":{"line":422,"column":86}}],"line":422},"43":{"loc":{"start":{"line":423,"column":21},"end":{"line":423,"column":74}},"type":"binary-expr","locations":[{"start":{"line":423,"column":21},"end":{"line":423,"column":31}},{"start":{"line":423,"column":35},"end":{"line":423,"column":74}}],"line":423},"44":{"loc":{"start":{"line":444,"column":49},"end":{"line":444,"column":86}},"type":"binary-expr","locations":[{"start":{"line":444,"column":49},"end":{"line":444,"column":59}},{"start":{"line":444,"column":63},"end":{"line":444,"column":86}}],"line":444},"45":{"loc":{"start":{"line":445,"column":21},"end":{"line":445,"column":74}},"type":"binary-expr","locations":[{"start":{"line":445,"column":21},"end":{"line":445,"column":31}},{"start":{"line":445,"column":35},"end":{"line":445,"column":74}}],"line":445},"46":{"loc":{"start":{"line":456,"column":39},"end":{"line":456,"column":80}},"type":"binary-expr","locations":[{"start":{"line":456,"column":39},"end":{"line":456,"column":49}},{"start":{"line":456,"column":53},"end":{"line":456,"column":80}}],"line":456},"47":{"loc":{"start":{"line":460,"column":11},"end":{"line":464,"column":11}},"type":"cond-expr","locations":[{"start":{"line":461,"column":12},"end":{"line":461,"column":46}},{"start":{"line":463,"column":12},"end":{"line":463,"column":89}}],"line":460},"48":{"loc":{"start":{"line":463,"column":51},"end":{"line":463,"column":81}},"type":"cond-expr","locations":[{"start":{"line":463,"column":64},"end":{"line":463,"column":71}},{"start":{"line":463,"column":74},"end":{"line":463,"column":81}}],"line":463}},"s":{"0":0,"1":0,"2":0,"3":0,"4":0,"5":0,"6":0,"7":0,"8":0,"9":0,"10":0,"11":0,"12":0,"13":0,"14":0,"15":0,"16":0,"17":0,"18":0,"19":0,"20":0,"21":0,"22":0,"23":0,"24":0,"25":0,"26":0,"27":0,"28":0,"29":0,"30":0,"31":0,"32":0,"33":0,"34":0,"35":0,"36":0,"37":0,"38":0,"39":0,"40":0,"41":0,"42":0,"43":0,"44":0,"45":0,"46":0,"47":0,"48":0,"49":0,"50":0,"51":0,"52":0,"53":0,"54":0,"55":0,"56":0,"57":0,"58":0,"59":0,"60":0,"61":0,"62":0,"63":0,"64":0,"65":0,"66":0,"67":0,"68":0,"69":0,"70":0,"71":0,"72":0,"73":0,"74":0,"75":0,"76":0,"77":0,"78":0,"79":0,"80":0,"81":0,"82":0,"83":0,"84":0,"85":0,"86":0,"87":0,"88":0,"89":0,"90":0,"91":0,"92":0,"93":0,"94":0,"95":0,"96":0,"97":0,"98":0,"99":0,"100":0,"101":0,"102":0,"103":0,"104":0,"105":0,"106":0,"107":0,"108":0,"109":0,"110":0,"111":0,"112":0,"113":0,"114":0,"115":0,"116":0,"117":0,"118":0,"119":0,"120":0,"121":0,"122":0,"123":0,"124":0,"125":0,"126":0,"127":0,"128":0,"129":0,"130":0,"131":0,"132":0,"133":0,"134":0,"135":0,"136":0,"137":0,"138":0,"139":0,"140":0},"f":{"0":0,"1":0,"2":0,"3":0,"4":0,"5":0,"6":0,"7":0,"8":0,"9":0,"10":0,"11":0,"12":0,"13":0,"14":0,"15":0,"16":0,"17":0,"18":0,"19":0,"20":0,"21":0,"22":0,"23":0,"24":0,"25":0,"26":0,"27":0,"28":0,"29":0,"30":0,"31":0,"32":0,"33":0,"34":0,"35":0},"b":{"0":[0,0],"1":[0,0],"2":[0,0],"3":[0,0],"4":[0,0],"5":[0,0],"6":[0,0],"7":[0,0],"8":[0,0],"9":[0,0],"10":[0,0],"11":[0,0],"12":[0,0],"13":[0,0],"14":[0,0],"15":[0,0],"16":[0,0],"17":[0,0],"18":[0,0],"19":[0,0],"20":[0,0],"21":[0,0],"22":[0,0],"23":[0,0],"24":[0,0],"25":[0,0],"26":[0,0],"27":[0,0],"28":[0,0],"29":[0,0],"30":[0,0],"31":[0,0],"32":[0,0],"33":[0,0],"34":[0,0],"35":[0,0],"36":[0,0],"37":[0,0],"38":[0,0],"39":[0,0],"40":[0,0],"41":[0,0],"42":[0,0],"43":[0,0],"44":[0,0],"45":[0,0],"46":[0,0],"47":[0,0],"48":[0,0]}}
,"/Users/yoshidometoru/Documents/GitHub/ParkPedia/screens/AddReviewScreen.js": {"path":"/Users/yoshidometoru/Documents/GitHub/ParkPedia/screens/AddReviewScreen.js","statementMap":{"0":{"start":{"line":31,"column":55},"end":{"line":31,"column":67}},"1":{"start":{"line":34,"column":30},"end":{"line":34,"column":41}},"2":{"start":{"line":35,"column":32},"end":{"line":35,"column":44}},"3":{"start":{"line":36,"column":30},"end":{"line":36,"column":42}},"4":{"start":{"line":37,"column":38},"end":{"line":37,"column":53}},"5":{"start":{"line":39,"column":21},"end":{"line":39,"column":22}},"6":{"start":{"line":42,"column":2},"end":{"line":48,"column":31}},"7":{"start":{"line":43,"column":4},"end":{"line":47,"column":5}},"8":{"start":{"line":44,"column":6},"end":{"line":44,"column":40}},"9":{"start":{"line":45,"column":6},"end":{"line":45,"column":43}},"10":{"start":{"line":46,"column":6},"end":{"line":46,"column":41}},"11":{"start":{"line":51,"column":2},"end":{"line":66,"column":19}},"12":{"start":{"line":52,"column":24},"end":{"line":52,"column":40}},"13":{"start":{"line":53,"column":4},"end":{"line":65,"column":5}},"14":{"start":{"line":54,"column":6},"end":{"line":64,"column":9}},"15":{"start":{"line":57,"column":25},"end":{"line":57,"column":53}},"16":{"start":{"line":62,"column":25},"end":{"line":62,"column":44}},"17":{"start":{"line":69,"column":20},"end":{"line":93,"column":3}},"18":{"start":{"line":70,"column":4},"end":{"line":73,"column":5}},"19":{"start":{"line":71,"column":6},"end":{"line":71,"column":60}},"20":{"start":{"line":72,"column":6},"end":{"line":72,"column":13}},"21":{"start":{"line":76,"column":23},"end":{"line":76,"column":78}},"22":{"start":{"line":77,"column":4},"end":{"line":80,"column":5}},"23":{"start":{"line":78,"column":6},"end":{"line":78,"column":58}},"24":{"start":{"line":79,"column":6},"end":{"line":79,"column":13}},"25":{"start":{"line":83,"column":19},"end":{"line":88,"column":6}},"26":{"start":{"line":90,"column":4},"end":{"line":92,"column":5}},"27":{"start":{"line":91,"column":6},"end":{"line":91,"column":51}},"28":{"start":{"line":96,"column":22},"end":{"line":98,"column":3}},"29":{"start":{"line":97,"column":4},"end":{"line":97,"column":52}},"30":{"start":{"line":97,"column":38},"end":{"line":97,"column":49}},"31":{"start":{"line":101,"column":27},"end":{"line":180,"column":3}},"32":{"start":{"line":102,"column":4},"end":{"line":179,"column":5}},"33":{"start":{"line":103,"column":6},"end":{"line":105,"column":7}},"34":{"start":{"line":104,"column":8},"end":{"line":104,"column":39}},"35":{"start":{"line":108,"column":25},"end":{"line":108,"column":50}},"36":{"start":{"line":109,"column":16},"end":{"line":109,"column":64}},"37":{"start":{"line":110,"column":28},"end":{"line":110,"column":44}},"38":{"start":{"line":112,"column":6},"end":{"line":114,"column":7}},"39":{"start":{"line":113,"column":8},"end":{"line":113,"column":50}},"40":{"start":{"line":116,"column":6},"end":{"line":127,"column":7}},"41":{"start":{"line":118,"column":24},"end":{"line":118,"column":48}},"42":{"start":{"line":119,"column":8},"end":{"line":122,"column":11}},"43":{"start":{"line":123,"column":8},"end":{"line":125,"column":9}},"44":{"start":{"line":124,"column":10},"end":{"line":124,"column":37}},"45":{"start":{"line":126,"column":8},"end":{"line":126,"column":15}},"46":{"start":{"line":130,"column":24},"end":{"line":130,"column":25}},"47":{"start":{"line":131,"column":24},"end":{"line":131,"column":25}},"48":{"start":{"line":133,"column":6},"end":{"line":139,"column":9}},"49":{"start":{"line":134,"column":27},"end":{"line":134,"column":37}},"50":{"start":{"line":135,"column":8},"end":{"line":138,"column":9}},"51":{"start":{"line":136,"column":10},"end":{"line":136,"column":43}},"52":{"start":{"line":137,"column":10},"end":{"line":137,"column":24}},"53":{"start":{"line":141,"column":28},"end":{"line":141,"column":75}},"54":{"start":{"line":143,"column":6},"end":{"line":145,"column":7}},"55":{"start":{"line":144,"column":8},"end":{"line":144,"column":70}},"56":{"start":{"line":148,"column":22},"end":{"line":148,"column":46}},"57":{"start":{"line":149,"column":6},"end":{"line":152,"column":9}},"58":{"start":{"line":154,"column":6},"end":{"line":156,"column":7}},"59":{"start":{"line":155,"column":8},"end":{"line":155,"column":81}},"60":{"start":{"line":159,"column":6},"end":{"line":166,"column":7}},"61":{"start":{"line":160,"column":8},"end":{"line":160,"column":44}},"62":{"start":{"line":161,"column":8},"end":{"line":165,"column":11}},"63":{"start":{"line":169,"column":6},"end":{"line":175,"column":7}},"64":{"start":{"line":170,"column":8},"end":{"line":174,"column":10}},"65":{"start":{"line":178,"column":6},"end":{"line":178,"column":18}},"66":{"start":{"line":183,"column":23},"end":{"line":296,"column":3}},"67":{"start":{"line":185,"column":4},"end":{"line":188,"column":5}},"68":{"start":{"line":186,"column":6},"end":{"line":186,"column":41}},"69":{"start":{"line":187,"column":6},"end":{"line":187,"column":13}},"70":{"start":{"line":190,"column":4},"end":{"line":193,"column":5}},"71":{"start":{"line":191,"column":6},"end":{"line":191,"column":42}},"72":{"start":{"line":192,"column":6},"end":{"line":192,"column":13}},"73":{"start":{"line":195,"column":4},"end":{"line":295,"column":5}},"74":{"start":{"line":196,"column":6},"end":{"line":196,"column":26}},"75":{"start":{"line":197,"column":19},"end":{"line":197,"column":35}},"76":{"start":{"line":200,"column":30},"end":{"line":200,"column":32}},"77":{"start":{"line":203,"column":24},"end":{"line":203,"column":73}},"78":{"start":{"line":203,"column":47},"end":{"line":203,"column":72}},"79":{"start":{"line":204,"column":29},"end":{"line":204,"column":77}},"80":{"start":{"line":204,"column":52},"end":{"line":204,"column":76}},"81":{"start":{"line":206,"column":6},"end":{"line":219,"column":7}},"82":{"start":{"line":207,"column":8},"end":{"line":216,"column":9}},"83":{"start":{"line":208,"column":34},"end":{"line":208,"column":82}},"84":{"start":{"line":209,"column":10},"end":{"line":209,"column":70}},"85":{"start":{"line":211,"column":10},"end":{"line":213,"column":11}},"86":{"start":{"line":212,"column":12},"end":{"line":212,"column":55}},"87":{"start":{"line":214,"column":10},"end":{"line":214,"column":62}},"88":{"start":{"line":215,"column":10},"end":{"line":215,"column":45}},"89":{"start":{"line":218,"column":8},"end":{"line":218,"column":43}},"90":{"start":{"line":221,"column":6},"end":{"line":287,"column":7}},"91":{"start":{"line":223,"column":26},"end":{"line":223,"column":59}},"92":{"start":{"line":224,"column":8},"end":{"line":229,"column":11}},"93":{"start":{"line":23
[...]
line":17,"column":19}},"type":"default-arg","locations":[{"start":{"line":17,"column":15},"end":{"line":17,"column":19}}],"line":17},"2":{"loc":{"start":{"line":18,"column":4},"end":{"line":18,"column":20}},"type":"default-arg","locations":[{"start":{"line":18,"column":16},"end":{"line":18,"column":20}}],"line":18},"3":{"loc":{"start":{"line":19,"column":4},"end":{"line":19,"column":18}},"type":"default-arg","locations":[{"start":{"line":19,"column":15},"end":{"line":19,"column":18}}],"line":19},"4":{"loc":{"start":{"line":31,"column":24},"end":{"line":31,"column":82}},"type":"binary-expr","locations":[{"start":{"line":31,"column":24},"end":{"line":31,"column":50}},{"start":{"line":31,"column":54},"end":{"line":31,"column":82}}],"line":31},"5":{"loc":{"start":{"line":33,"column":4},"end":{"line":74,"column":5}},"type":"if","locations":[{"start":{"line":33,"column":4},"end":{"line":74,"column":5}},{"start":{"line":62,"column":11},"end":{"line":74,"column":5}}],"line":33},"6":{"loc":{"start":{"line":39,"column":6},"end":{"line":45,"column":7}},"type":"if","locations":[{"start":{"line":39,"column":6},"end":{"line":45,"column":7}},{"start":{"line":42,"column":13},"end":{"line":45,"column":7}}],"line":39},"7":{"loc":{"start":{"line":57,"column":6},"end":{"line":59,"column":7}},"type":"if","locations":[{"start":{"line":57,"column":6},"end":{"line":59,"column":7}},{"start":{},"end":{}}],"line":57},"8":{"loc":{"start":{"line":76,"column":4},"end":{"line":78,"column":5}},"type":"if","locations":[{"start":{"line":76,"column":4},"end":{"line":78,"column":5}},{"start":{},"end":{}}],"line":76},"9":{"loc":{"start":{"line":90,"column":56},"end":{"line":90,"column":68}},"type":"default-arg","locations":[{"start":{"line":90,"column":66},"end":{"line":90,"column":68}}],"line":90},"10":{"loc":{"start":{"line":96,"column":4},"end":{"line":98,"column":5}},"type":"if","locations":[{"start":{"line":96,"column":4},"end":{"line":98,"column":5}},{"start":{},"end":{}}],"line":96}},"s":{"0":1,"1":7,"2":7,"3":7,"4":5,"5":4,"6":1,"7":1,"8":1,"9":1,"10":1,"11":0,"12":1,"13":1,"14":1,"15":1,"16":3,"17":3,"18":3,"19":3,"20":3,"21":1,"22":2,"23":2,"24":4,"25":2,"26":2,"27":0,"28":0,"29":0},"f":{"0":7,"1":2,"2":4},"b":{"0":[2],"1":[6],"2":[6],"3":[7],"4":[5,3],"5":[1,3],"6":[1,0],"7":[1,0],"8":[3,0],"9":[2],"10":[0,0]},"_coverageSchema":"1a1c01bbd47fc00a2c39e90264f33305004495a9","hash":"13e736ea1c6000c28e6be153e960982d0e3044d8"}
,"/Users/yoshidometoru/Documents/GitHub/ParkPedia/utils/imageUploader.js": {"path":"/Users/yoshidometoru/Documents/GitHub/ParkPedia/utils/imageUploader.js","statementMap":{"0":{"start":{"line":13,"column":36},"end":{"line":70,"column":1}},"1":{"start":{"line":14,"column":22},"end":{"line":14,"column":38}},"2":{"start":{"line":16,"column":2},"end":{"line":18,"column":3}},"3":{"start":{"line":17,"column":4},"end":{"line":17,"column":33}},"4":{"start":{"line":21,"column":17},"end":{"line":21,"column":32}},"5":{"start":{"line":23,"column":2},"end":{"line":69,"column":3}},"6":{"start":{"line":25,"column":22},"end":{"line":25,"column":32}},"7":{"start":{"line":26,"column":21},"end":{"line":26,"column":60}},"8":{"start":{"line":27,"column":21},"end":{"line":27,"column":51}},"9":{"start":{"line":30,"column":23},"end":{"line":30,"column":77}},"10":{"start":{"line":33,"column":21},"end":{"line":33,"column":42}},"11":{"start":{"line":34,"column":4},"end":{"line":36,"column":5}},"12":{"start":{"line":35,"column":6},"end":{"line":35,"column":40}},"13":{"start":{"line":38,"column":17},"end":{"line":38,"column":38}},"14":{"start":{"line":41,"column":21},"end":{"line":43,"column":5}},"15":{"start":{"line":46,"column":4},"end":{"line":46,"column":50}},"16":{"start":{"line":49,"column":24},"end":{"line":49,"column":56}},"17":{"start":{"line":51,"column":4},"end":{"line":51,"column":23}},"18":{"start":{"line":53,"column":4},"end":{"line":55,"column":5}},"19":{"start":{"line":54,"column":6},"end":{"line":54,"column":43}},"20":{"start":{"line":58,"column":4},"end":{"line":68,"column":5}},"21":{"start":{"line":59,"column":6},"end":{"line":59,"column":57}},"22":{"start":{"line":60,"column":11},"end":{"line":68,"column":5}},"23":{"start":{"line":61,"column":6},"end":{"line":61,"column":43}},"24":{"start":{"line":62,"column":11},"end":{"line":68,"column":5}},"25":{"start":{"line":63,"column":6},"end":{"line":63,"column":47}},"26":{"start":{"line":64,"column":11},"end":{"line":68,"column":5}},"27":{"start":{"line":65,"column":6},"end":{"line":65,"column":18}},"28":{"start":{"line":67,"column":6},"end":{"line":67,"column":42}},"29":{"start":{"line":78,"column":36},"end":{"line":89,"column":1}},"30":{"start":{"line":79,"column":2},"end":{"line":88,"column":3}},"31":{"start":{"line":80,"column":27},"end":{"line":80,"column":82}},"32":{"start":{"line":80,"column":48},"end":{"line":80,"column":81}},"33":{"start":{"line":81,"column":25},"end":{"line":81,"column":58}},"34":{"start":{"line":82,"column":4},"end":{"line":82,"column":24}},"35":{"start":{"line":84,"column":4},"end":{"line":86,"column":5}},"36":{"start":{"line":85,"column":6},"end":{"line":85,"column":45}},"37":{"start":{"line":87,"column":4},"end":{"line":87,"column":16}}},"fnMap":{"0":{"name":"(anonymous_0)","decl":{"start":{"line":13,"column":36},"end":{"line":13,"column":37}},"loc":{"start":{"line":13,"column":74},"end":{"line":70,"column":1}},"line":13},"1":{"name":"(anonymous_1)","decl":{"start":{"line":78,"column":36},"end":{"line":78,"column":37}},"loc":{"start":{"line":78,"column":75},"end":{"line":89,"column":1}},"line":78},"2":{"name":"(anonymous_2)","decl":{"start":{"line":80,"column":41},"end":{"line":80,"column":42}},"loc":{"start":{"line":80,"column":48},"end":{"line":80,"column":81}},"line":80}},"branchMap":{"0":{"loc":{"start":{"line":13,"column":53},"end":{"line":13,"column":69}},"type":"default-arg","locations":[{"start":{"line":13,"column":62},"end":{"line":13,"column":69}}],"line":13},"1":{"loc":{"start":{"line":16,"column":2},"end":{"line":18,"column":3}},"type":"if","locations":[{"start":{"line":16,"column":2},"end":{"line":18,"column":3}},{"start":{},"end":{}}],"line":16},"2":{"loc":{"start":{"line":34,"column":4},"end":{"line":36,"column":5}},"type":"if","locations":[{"start":{"line":34,"column":4},"end":{"line":36,"column":5}},{"start":{},"end":{}}],"line":34},"3":{"loc":{"start":{"line":53,"column":4},"end":{"line":55,"column":5}},"type":"if","locations":[{"start":{"line":53,"column":4},"end":{"line":55,"column":5}},{"start":{},"end":{}}],"line":53},"4":{"loc":{"start":{"line":58,"column":4},"end":{"line":68,"column":5}},"type":"if","locations":[{"start":{"line":58,"column":4},"end":{"line":68,"column":5}},{"start":{"line":60,"column":11},"end":{"line":68,"column":5}}],"line":58},"5":{"loc":{"start":{"line":60,"column":11},"end":{"line":68,"column":5}},"type":"if","locations":[{"start":{"line":60,"column":11},"end":{"line":68,"column":5}},{"start":{"line":62,"column":11},"end":{"line":68,"column":5}}],"line":60},"6":{"loc":{"start":{"line":62,"column":11},"end":{"line":68,"column":5}},"type":"if","locations":[{"start":{"line":62,"column":11},"end":{"line":68,"column":5}},{"start":{"line":64,"column":11},"end":{"line":68,"column":5}}],"line":62},"7":{"loc":{"start":{"line":64,"column":11},"end":{"line":68,"column":5}},"type":"if","locations":[{"start":{"line":64,"column":11},"end":{"line":68,"column":5}},{"start":{"line":66,"column":11},"end":{"line":68,"column":5}}],"line":64},"8":{"loc":{"start":{"line":78,"column":54},"end":{"line":78,"column":70}},"type":"default-arg","locations":[{"start":{"line":78,"column":63},"end":{"line":78,"column":70}}],"line":78},"9":{"loc":{"start":{"line":84,"column":4},"end":{"line":86,"column":5}},"type":"if","locations":[{"start":{"line":84,"column":4},"end":{"line":86,"column":5}},{"start":{},"end":{}}],"line":84}},"s":{"0":0,"1":0,"2":0,"3":0,"4":0,"5":0,"6":0,"7":0,"8":0,"9":0,"10":0,"11":0,"12":0,"13":0,"14":0,"15":0,"16":0,"17":0,"18":0,"19":0,"20":0,"21":0,"22":0,"23":0,"24":0,"25":0,"26":0,"27":0,"28":0,"29":0,"30":0,"31":0,"32":0,"33":0,"34":0,"35":0,"36":0,"37":0},"f":{"0":0,"1":0,"2":0},"b":{"0":[0],"1":[0,0],"2":[0,0],"3":[0,0],"4":[0,0],"5":[0,0],"6":[0,0],"7":[0,0],"8":[0],"9":[0,0]}}
,"/Users/yoshidometoru/Documents/GitHub/ParkPedia/utils/imageUploader.ts": {"path":"/Users/yoshidometoru/Documents/GitHub/ParkPedia/utils/imageUploader.ts","statementMap":{"0":{"start":{"line":17,"column":36},"end":{"line":79,"column":1}},"1":{"start":{"line":21,"column":22},"end":{"line":21,"column":38}},"2":{"start":{"line":23,"column":2},"end":{"line":25,"column":3}},"3":{"start":{"line":24,"column":4},"end":{"line":24,"column":33}},"4":{"start":{"line":28,"column":25},"end":{"line":28,"column":40}},"5":{"start":{"line":30,"column":2},"end":{"line":78,"column":3}},"6":{"start":{"line":32,"column":22},"end":{"line":32,"column":32}},"7":{"start":{"line":33,"column":21},"end":{"line":33,"column":60}},"8":{"start":{"line":34,"column":21},"end":{"line":34,"column":51}},"9":{"start":{"line":37,"column":23},"end":{"line":37,"column":77}},"10":{"start":{"line":40,"column":21},"end":{"line":40,"column":42}},"11":{"start":{"line":41,"column":4},"end":{"line":43,"column":5}},"12":{"start":{"line":42,"column":6},"end":{"line":42,"column":40}},"13":{"start":{"line":45,"column":17},"end":{"line":45,"column":38}},"14":{"start":{"line":48,"column":21},"end":{"line":50,"column":5}},"15":{"start":{"line":53,"column":4},"end":{"line":53,"column":50}},"16":{"start":{"line":56,"column":24},"end":{"line":56,"column":56}},"17":{"start":{"line":58,"column":4},"end":{"line":58,"column":23}},"18":{"start":{"line":60,"column":4},"end":{"line":62,"column":5}},"19":{"start":{"line":61,"column":6},"end":{"line":61,"column":43}},"20":{"start":{"line":65,"column":25},"end":{"line":65,"column":46}},"21":{"start":{"line":67,"column":4},"end":{"line":77,"column":5}},"22":{"start":{"line":68,"column":6},"end":{"line":68,"column":57}},"23":{"start":{"line":69,"column":11},"end":{"line":77,"column":5}},"24":{"start":{"line":70,"column":6},"end":{"line":70,"column":43}},"25":{"start":{"line":71,"column":11},"end":{"line":77,"column":5}},"26":{"start":{"line":72,"column":6},"end":{"line":72,"column":47}},"27":{"start":{"line":73,"column":11},"end":{"line":77,"column":5}},"28":{"start":{"line":74,"column":6},"end":{"line":74,"column":18}},"29":{"start":{"line":76,"column":6},"end":{"line":76,"column":42}},"30":{"start":{"line":88,"column":36},"end":{"line":102,"column":1}},"31":{"start":{"line":92,"column":2},"end":{"line":101,"column":3}},"32":{"start":{"line":93,"column":27},"end":{"line":93,"column":82}},"33":{"start":{"line":93,"column":48},"end":{"line":93,"column":81}},"34":{"start":{"line":94,"column":25},"end":{"line":94,"column":58}},"35":{"start":{"line":95,"column":4},"end":{"line":95,"column":24}},"36":{"start":{"line":97,"column":4},"end":{"line":99,"column":5}},"37":{"start":{"line":98,"column":6},"end":{"line":98,"column":45}},"38":{"start":{"line":100,"column":4},"end":{"line":100,"column":16}}},"fnMap":{"0":{"name":"(anonymous_0)","decl":{"start":{"line":17,"column":36},"end":{"line":17,"column":37}},"loc":{"start":{"line":20,"column":22},"end":{"line":79,"column":1}},"line":20},"1":{"name":"(anonymous_1)","decl":{"start":{"line":88,"column":36},"end":{"line":88,"column":37}},"loc":{"start":{"line":91,"column":24},"end":{"line":102,"column":1}},"line":91},"2":{"name":"(anonymous_2)","decl":{"start":{"line":93,"column":41},"end":{"line":93,"column":42}},"loc":{"start":{"line":93,"column":48},"end":{"line":93,"column":81}},"line":93}},"branchMap":{"0":{"loc":{"start":{"line":19,"column":2},"end":{"line":19,"column":33}},"type":"default-arg","locations":[{"start":{"line":19,"column":26},"end":{"line":19,"column":33}}],"line":19},"1":{"loc":{"start":{"line":23,"column":2},"end":{"line":25,"column":3}},"type":"if","locations":[{"start":{"line":23,"column":2},"end":{"line":25,"column":3}},{"start":{},"end":{}}],"line":23},"2":{"loc":{"start":{"line":41,"column":4},"end":{"line":43,"column":5}},"type":"if","locations":[{"start":{"line":41,"column":4},"end":{"line":43,"column":5}},{"start":{},"end":{}}],"line":41},"3":{"loc":{"start":{"line":60,"column":4},"end":{"line":62,"column":5}},"type":"if","locations":[{"start":{"line":60,"column":4},"end":{"line":62,"column":5}},{"start":{},"end":{}}],"line":60},"4":{"loc":{"start":{"line":67,"column":4},"end":{"line":77,"column":5}},"type":"if","locations":[{"start":{"line":67,"column":4},"end":{"line":77,"column":5}},{"start":{"line":69,"column":11},"end":{"line":77,"column":5}}],"line":67},"5":{"loc":{"start":{"line":69,"column":11},"end":{"line":77,"column":5}},"type":"if","locations":[{"start":{"line":69,"column":11},"end":{"line":77,"column":5}},{"start":{"line":71,"column":11},"end":{"line":77,"column":5}}],"line":69},"6":{"loc":{"start":{"line":71,"column":11},"end":{"line":77,"column":5}},"type":"if","locations":[{"start":{"line":71,"column":11},"end":{"line":77,"column":5}},{"start":{"line":73,"column":11},"end":{"line":77,"column":5}}],"line":71},"7":{"loc":{"start":{"line":73,"column":11},"end":{"line":77,"column":5}},"type":"if","locations":[{"start":{"line":73,"column":11},"end":{"line":77,"column":5}},{"start":{"line":75,"column":11},"end":{"line":77,"column":5}}],"line":73},"8":{"loc":{"start":{"line":73,"column":15},"end":{"line":73,"column":54}},"type":"binary-expr","locations":[{"start":{"line":73,"column":15},"end":{"line":73,"column":37}},{"start":{"line":73,"column":41},"end":{"line":73,"column":54}}],"line":73},"9":{"loc":{"start":{"line":90,"column":2},"end":{"line":90,"column":33}},"type":"default-arg","locations":[{"start":{"line":90,"column":26},"end":{"line":90,"column":33}}],"line":90},"10":{"loc":{"start":{"line":97,"column":4},"end":{"line":99,"column":5}},"type":"if","locations":[{"start":{"line":97,"column":4},"end":{"line":99,"column":5}},{"start":{},"end":{}}],"line":97}},"s":{"0":1,"1":11,"2":11,"3":1,"4":10,"5":10,"6":10,"7":10,"8":10,"9":10,"10":10,"11":10,"12":1,"13":9,"14":9,"15":9,"16":6,"17":6,"18":4,"19":4,"20":4,"21":4,"22":1,"23":3,"24":1,"25":2,"26":0,"27":2,"28":2,"29":0,"30":1,"31":3,"32":3,"33":6,"34":3,"35":2,"36":1,"37":1,"38":1},"f":{"0":11,"1":3,"2":6},"b":{"0":[0],"1":[1,10],"2":[1,9],"3":[4,0],"4":[1,3],"5":[1,2],"6":[0,2],"7":[2,0],"8":[2,2],"9":[0],"10":[1,0]},"_coverageSchema":"1a1c01bbd47fc00a2c39e90264f33305004495a9","hash":"e7299bbaad3ac90890567ec51b7ef020a4242c00"}
,"/Users/yoshidometoru/Documents/GitHub/ParkPedia/utils/pagination.js": {"path":"/Users/yoshidometoru/Documents/GitHub/ParkPedia/utils/pagination.js","statementMap":{"0":{"start":{"line":9,"column":33},"end":{"line":12,"column":1}},"1":{"start":{"line":21,"column":36},"end":{"line":29,"column":1}},"2":{"start":{"line":22,"column":23},"end":{"line":22,"column":60}},"3":{"start":{"line":24,"column":2},"end":{"line":26,"column":3}},"4":{"start":{"line":25,"column":4},"end":{"line":25,"column":68}},"5":{"start":{"line":28,"column":2},"end":{"line":28,"column":24}},"6":{"start":{"line":38,"column":34},"end":{"line":65,"column":1}},"7":{"start":{"line":39,"column":2},"end":{"line":64,"column":3}},"8":{"start":{"line":40,"column":27},"end":{"line":40,"column":85}},"9":{"start":{"line":41,"column":21},"end":{"line":41,"column":50}},"10":{"start":{"line":43,"column":17},"end":{"line":46,"column":7}},"11":{"start":{"line":43,"column":43},"end":{"line":46,"column":5}},"12":{"start":{"line":48,"column":27},"end":{"line":50,"column":12}},"13":{"start":{"line":52,"column":20},"end":{"line":52,"column":57}},"14":{"start":{"line":54,"column":4},"end":{"line":58,"column":6}},"15":{"start":{"line":60,"column":4},"end":{"line":62,"column":5}},"16":{"start":{"line":61,"column":6},"end":{"line":61,"column":45}},"17":{"start":{"line":63,"column":4},"end":{"line":63,"column":16}},"18":{"start":{"line":72,"column":4},"end":{"line":72,"column":37}},"19":{"start":{"line":73,"column":4},"end":{"line":73,"column":28}},"20":{"start":{"line":74,"column":4},"end":{"line":74,"column":24}},"21":{"start":{"line":75,"column":4},"end":{"line":75,"column":25}},"22":{"start":{"line":79,"column":4},"end":{"line":79,"column":28}},"23":{"start":{"line":80,"column":4},"end":{"line":80,"column":24}},"24":{"start":{"line":81,"column":4},"end":{"line":81,"column":25}},"25":{"start":{"line":85,"column":4},"end":{"line":85,"column":35}},"26":{"start":{"line":89,"column":4},"end":{"line":89,"column":27}},"27":{"start":{"line":93,"column":4},"end":{"line":93,"column":27}}},"fnMap":{"0":{"name":"(anonymous_0)","decl":{"start":{"line":21,"column":36},"end":{"line":21,"column":37}},"loc":{"start":{"line":21,"column":120},"end":{"line":29,"column":1}},"line":21},"1":{"name":"(anonymous_1)","decl":{"start":{"line":38,"column":34},"end":{"line":38,"column":35}},"loc":{"start":{"line":38,"column":124},"end":{"line":65,"column":1}},"line":38},"2":{"name":"(anonymous_2)","decl":{"start":{"line":43,"column":35},"end":{"line":43,"column":36}},"loc":{"start":{"line":43,"column":43},"end":{"line":46,"column":5}},"line":43},"3":{"name":"(anonymous_3)","decl":{"start":{"line":71,"column":2},"end":{"line":71,"column":3}},"loc":{"start":{"line":71,"column":63},"end":{"line":76,"column":3}},"line":71},"4":{"name":"(anonymous_4)","decl":{"start":{"line":78,"column":2},"end":{"line":78,"column":3}},"loc":{"start":{"line":78,"column":10},"end":{"line":82,"column":3}},"line":78},"5":{"name":"(anonymous_5)","decl":{"start":{"line":84,"column":2},"end":{"line":84,"column":3}},"loc":{"start":{"line":84,"column":30},"end":{"line":86,"column":3}},"line":84},"6":{"name":"(anonymous_6)","decl":{"start":{"line":88,"column":2},"end":{"line":88,"column":3}},"loc":{"start":{"line":88,"column":22},"end":{"line":90,"column":3}},"line":88},"7":{"name":"(anonymous_7)","decl":{"start":{"line":92,"column":2},"end":{"line":92,"column":3}},"loc":{"start":{"line":92,"column":22},"end":{"line":94,"column":3}},"line":92}},"branchMap":{"0":{"loc":{"start":{"line":21,"column":48},"end":{"line":21,"column":66}},"type":"default-arg","locations":[{"start":{"line":21,"column":62},"end":{"line":21,"column":66}}],"line":21},"1":{"loc":{"start":{"line":21,"column":68},"end":{"line":21,"column":115}},"type":"default-arg","locations":[{"start":{"line":21,"column":83},"end":{"line":21,"column":115}}],"line":21},"2":{"loc":{"start":{"line":24,"column":2},"end":{"line":26,"column":3}},"type":"if","locations":[{"start":{"line":24,"column":2},"end":{"line":26,"column":3}},{"start":{},"end":{}}],"line":24},"3":{"loc":{"start":{"line":38,"column":52},"end":{"line":38,"column":70}},"type":"default-arg","locations":[{"start":{"line":38,"column":66},"end":{"line":38,"column":70}}],"line":38},"4":{"loc":{"start":{"line":38,"column":72},"end":{"line":38,"column":119}},"type":"default-arg","locations":[{"start":{"line":38,"column":87},"end":{"line":38,"column":119}}],"line":38},"5":{"loc":{"start":{"line":48,"column":27},"end":{"line":50,"column":12}},"type":"cond-expr","locations":[{"start":{"line":49,"column":8},"end":{"line":49,"column":47}},{"start":{"line":50,"column":8},"end":{"line":50,"column":12}}],"line":48},"6":{"loc":{"start":{"line":60,"column":4},"end":{"line":62,"column":5}},"type":"if","locations":[{"start":{"line":60,"column":4},"end":{"line":62,"column":5}},{"start":{},"end":{}}],"line":60},"7":{"loc":{"start":{"line":71,"column":14},"end":{"line":71,"column":61}},"type":"default-arg","locations":[{"start":{"line":71,"column":29},"end":{"line":71,"column":61}}],"line":71}},"s":{"0":1,"1":1,"2":5,"3":5,"4":1,"5":5,"6":1,"7":3,"8":3,"9":3,"10":2,"11":22,"12":2,"13":2,"14":2,"15":1,"16":1,"17":1,"18":5,"19":5,"20":5,"21":5,"22":1,"23":1,"24":1,"25":1,"26":1,"27":1},"f":{"0":5,"1":3,"2":22,"3":5,"4":1,"5":1,"6":1,"7":1},"b":{"0":[1],"1":[2],"2":[1,4],"3":[2],"4":[2],"5":[2,0],"6":[1,0],"7":[5]},"_coverageSchema":"1a1c01bbd47fc00a2c39e90264f33305004495a9","hash":"3a99cb7ed20c3f7260424f22310db19fbcdadf5b"}
}
