TN:
SF:.eslintrc.js
FNF:0
FNH:0
DA:1,0
LF:1
LH:0
BRDA:13,0,0,0
BRDA:13,0,1,0
BRF:2
BRH:0
end_of_record
TN:
SF:App.js
FN:35,(anonymous_0)
FN:41,(anonymous_1)
FN:60,App
FN:64,(anonymous_3)
FN:122,(anonymous_4)
FN:151,(anonymous_5)
FNF:6
FNH:0
FNDA:0,(anonymous_0)
FNDA:0,(anonymous_1)
FNDA:0,App
FNDA:0,(anonymous_3)
FNDA:0,(anonymous_4)
FNDA:0,(anonymous_5)
DA:24,0
DA:28,0
DA:29,0
DA:30,0
DA:31,0
DA:33,0
DA:36,0
DA:37,0
DA:38,0
DA:42,0
DA:43,0
DA:46,0
DA:49,0
DA:50,0
DA:53,0
DA:57,0
DA:62,0
DA:64,0
DA:66,0
DA:70,0
DA:71,0
DA:72,0
DA:73,0
DA:74,0
DA:75,0
DA:76,0
DA:77,0
DA:78,0
DA:82,0
DA:83,0
DA:86,0
DA:87,0
DA:92,0
DA:93,0
DA:94,0
DA:95,0
DA:96,0
DA:98,0
DA:99,0
DA:103,0
DA:105,0
DA:109,0
DA:113,0
DA:114,0
DA:117,0
DA:118,0
DA:122,0
DA:123,0
DA:126,0
DA:127,0
DA:128,0
DA:129,0
DA:130,0
DA:131,0
DA:132,0
DA:133,0
DA:134,0
DA:139,0
DA:143,0
DA:144,0
DA:151,0
DA:154,0
LF:62
LH:0
BRDA:29,0,0,0
BRDA:29,0,1,0
BRDA:37,1,0,0
BRDA:37,1,1,0
BRDA:42,2,0,0
BRDA:42,2,1,0
BRDA:49,3,0,0
BRDA:49,3,1,0
BRDA:70,4,0,0
BRDA:70,4,1,0
BRDA:70,5,0,0
BRDA:70,5,1,0
BRDA:73,6,0,0
BRDA:73,6,1,0
BRDA:73,7,0,0
BRDA:73,7,1,0
BRDA:77,8,0,0
BRDA:77,8,1,0
BRDA:82,9,0,0
BRDA:82,9,1,0
BRDA:86,10,0,0
BRDA:86,10,1,0
BRDA:86,11,0,0
BRDA:86,11,1,0
BRDA:92,12,0,0
BRDA:92,12,1,0
BRDA:92,13,0,0
BRDA:92,13,1,0
BRDA:95,14,0,0
BRDA:95,14,1,0
BRDA:95,15,0,0
BRDA:95,15,1,0
BRDA:98,16,0,0
BRDA:98,16,1,0
BRDA:106,17,0,0
BRDA:106,17,1,0
BRDA:113,18,0,0
BRDA:113,18,1,0
BRDA:117,19,0,0
BRDA:117,19,1,0
BRDA:117,20,0,0
BRDA:117,20,1,0
BRDA:127,21,0,0
BRDA:127,21,1,0
BRDA:127,22,0,0
BRDA:127,22,1,0
BRDA:130,23,0,0
BRDA:130,23,1,0
BRDA:130,24,0,0
BRDA:130,24,1,0
BRDA:132,25,0,0
BRDA:132,25,1,0
BRDA:136,26,0,0
BRDA:136,26,1,0
BRDA:143,27,0,0
BRDA:143,27,1,0
BRF:56
BRH:0
end_of_record
TN:
SF:SAMPLE_DATA.js
FNF:0
FNH:0
DA:10,0
DA:100,0
LF:2
LH:0
BRF:0
BRH:0
end_of_record
TN:
SF:adConfig.js
FNF:0
FNH:0
DA:16,0
DA:19,0
DA:29,0
DA:32,0
DA:40,0
LF:5
LH:0
BRF:0
BRH:0
end_of_record
TN:
SF:app.config.js
FNF:0
FNH:0
DA:5,0
DA:7,0
LF:2
LH:0
BRF:0
BRH:0
end_of_record
TN:
SF:firebaseConfig.js
FN:43,(anonymous_0)
FNF:1
FNH:0
FNDA:0,(anonymous_0)
DA:14,0
DA:15,0
DA:16,0
DA:17,0
DA:20,0
DA:21,0
DA:24,0
DA:32,0
DA:42,0
DA:43,0
DA:45,0
DA:47,0
DA:49,0
DA:50,0
DA:51,0
DA:53,0
DA:58,0
DA:59,0
DA:62,0
DA:63,0
DA:64,0
DA:67,0
DA:69,0
DA:70,0
DA:71,0
DA:72,0
DA:75,0
DA:76,0
DA:78,0
DA:84,0
DA:86,0
DA:87,0
DA:90,0
DA:92,0
DA:95,0
DA:98,0
DA:99,0
DA:103,0
DA:104,0
DA:105,0
DA:106,0
DA:110,0
DA:111,0
DA:113,0
DA:119,0
DA:122,0
LF:46
LH:0
BRDA:15,0,0,0
BRDA:15,0,1,0
BRDA:20,1,0,0
BRDA:20,1,1,0
BRDA:45,2,0,0
BRDA:45,2,1,0
BRDA:49,3,0,0
BRDA:49,3,1,0
BRDA:62,4,0,0
BRDA:62,4,1,0
BRDA:67,5,0,0
BRDA:67,5,1,0
BRDA:71,6,0,0
BRDA:71,6,1,0
BRDA:75,7,0,0
BRDA:75,7,1,0
BRDA:86,8,0,0
BRDA:86,8,1,0
BRDA:90,9,0,0
BRDA:90,9,1,0
BRDA:98,10,0,0
BRDA:98,10,1,0
BRDA:103,11,0,0
BRDA:103,11,1,0
BRDA:105,12,0,0
BRDA:105,12,1,0
BRDA:110,13,0,0
BRDA:110,13,1,0
BRF:28
BRH:0
end_of_record
TN:
SF:components/AdBanner.js
FN:15,(anonymous_0)
FN:71,(anonymous_1)
FN:76,(anonymous_2)
FNF:3
FNH:0
FNDA:0,(anonymous_0)
FNDA:0,(anonymous_1)
FNDA:0,(anonymous_2)
DA:15,0
DA:17,0
DA:18,0
DA:22,0
DA:23,0
DA:27,0
DA:28,0
DA:29,0
DA:30,0
DA:34,0
DA:38,0
DA:39,0
DA:44,0
DA:45,0
DA:47,0
DA:50,0
DA:51,0
DA:52,0
DA:54,0
DA:55,0
DA:59,0
DA:62,0
DA:63,0
DA:72,0
DA:73,0
DA:77,0
DA:78,0
DA:86,0
DA:90,0
LF:29
LH:0
BRDA:17,0,0,0
BRDA:17,0,1,0
BRDA:22,1,0,0
BRDA:22,1,1,0
BRDA:29,2,0,0
BRDA:29,2,1,0
BRDA:29,3,0,0
BRDA:29,3,1,0
BRDA:38,4,0,0
BRDA:38,4,1,0
BRDA:52,5,0,0
BRDA:52,5,1,0
BRDA:54,6,0,0
BRDA:54,6,1,0
BRDA:54,7,0,0
BRDA:54,7,1,0
BRDA:59,8,0,0
BRDA:59,8,1,0
BRDA:59,9,0,0
BRDA:59,9,1,0
BRDA:72,10,0,0
BRDA:72,10,1,0
BRDA:77,11,0,0
BRDA:77,11,1,0
BRF:24
BRH:0
end_of_record
TN:
SF:components/AdBannerPlaceholder.js
FN:31,AdBannerPlaceholder
FNF:1
FNH:0
FNDA:0,AdBannerPlaceholder
DA:32,0
DA:35,0
DA:44,0
DA:79,0
LF:4
LH:0
BRDA:32,0,0,0
BRDA:32,0,1,0
BRF:2
BRH:0
end_of_record
TN:
SF:components/CustomHeader.js
FN:5,CustomHeader
FN:28,(anonymous_1)
FN:41,(anonymous_2)
FN:47,(anonymous_3)
FN:70,(anonymous_4)
FN:79,(anonymous_5)
FNF:6
FNH:0
FNDA:0,CustomHeader
FNDA:0,(anonymous_1)
FNDA:0,(anonymous_2)
FNDA:0,(anonymous_3)
FNDA:0,(anonymous_4)
FNDA:0,(anonymous_5)
DA:12,0
DA:28,0
DA:42,0
DA:43,0
DA:44,0
DA:47,0
DA:55,0
DA:71,0
DA:72,0
DA:73,0
DA:79,0
DA:88,0
DA:120,0
LF:13
LH:0
BRDA:9,0,0,0
BRDA:18,1,0,0
BRDA:18,1,1,0
BRDA:27,2,0,0
BRDA:27,2,1,0
BRDA:33,3,0,0
BRDA:33,3,1,0
BRDA:40,4,0,0
BRDA:40,4,1,0
BRDA:43,5,0,0
BRDA:43,5,1,0
BRDA:62,6,0,0
BRDA:62,6,1,0
BRDA:69,7,0,0
BRDA:69,7,1,0
BRDA:72,8,0,0
BRDA:72,8,1,0
BRDA:95,9,0,0
BRDA:95,9,1,0
BRF:19
BRH:0
end_of_record
TN:
SF:components/ErrorBoundary.js
FN:6,(anonymous_0)
FN:11,(anonymous_1)
FN:15,(anonymous_2)
FN:34,(anonymous_3)
FN:38,(anonymous_4)
FNF:5
FNH:0
FNDA:0,(anonymous_0)
FNDA:0,(anonymous_1)
FNDA:0,(anonymous_2)
FNDA:0,(anonymous_3)
FNDA:0,(anonymous_4)
DA:7,0
DA:8,0
DA:12,0
DA:16,0
DA:17,0
DA:21,0
DA:22,0
DA:23,0
DA:24,0
DA:25,0
DA:27,0
DA:28,0
DA:34,0
DA:35,0
DA:39,0
DA:40,0
DA:61,0
DA:65,0
LF:18
LH:0
BRDA:16,0,0,0
BRDA:16,0,1,0
BRDA:21,1,0,0
BRDA:21,1,1,0
BRDA:27,2,0,0
BRDA:27,2,1,0
BRDA:39,3,0,0
BRDA:39,3,1,0
BRDA:47,4,0,0
BRDA:47,4,1,0
BRDA:47,4,2,0
BRDA:111,5,0,0
BRDA:111,5,1,0
BRF:13
BRH:0
end_of_record
TN:
SF:components/FilterDrawer.js
FN:50,FilterDrawer
FN:53,(anonymous_1)
FN:69,(anonymous_2)
FN:70,(anonymous_3)
FN:88,(anonymous_4)
FN:124,(anonymous_5)
FN:127,(anonymous_6)
FN:133,(anonymous_7)
FN:157,(anonymous_8)
FNF:9
FNH:0
FNDA:0,FilterDrawer
FNDA:0,(anonymous_1)
FNDA:0,(anonymous_2)
FNDA:0,(anonymous_3)
FNDA:0,(anonymous_4)
FNDA:0,(anonymous_5)
FNDA:0,(anonymous_6)
FNDA:0,(anonymous_7)
FNDA:0,(anonymous_8)
DA:13,0
DA:51,0
DA:53,0
DA:54,0
DA:55,0
DA:61,0
DA:69,0
DA:70,0
DA:71,0
DA:73,0
DA:75,0
DA:76,0
DA:80,0
DA:86,0
DA:87,0
DA:88,0
DA:91,0
DA:98,0
DA:125,0
DA:128,0
DA:129,0
DA:133,0
DA:158,0
DA:178,0
LF:24
LH:0
BRDA:54,0,0,0
BRDA:54,0,1,0
BRDA:73,1,0,0
BRDA:73,1,1,0
BRDA:75,2,0,0
BRDA:75,2,1,0
BRDA:76,3,0,0
BRDA:76,3,1,0
BRDA:86,4,0,0
BRDA:86,4,1,0
BRDA:87,5,0,0
BRDA:87,5,1,0
BRDA:128,6,0,0
BRDA:128,6,1,0
BRDA:137,7,0,0
BRDA:137,7,1,0
BRDA:138,8,0,0
BRDA:138,8,1,0
BRDA:141,9,0,0
BRDA:141,9,1,0
BRDA:142,10,0,0
BRDA:142,10,1,0
BRF:22
BRH:0
end_of_record
TN:
SF:screens/AddParkScreen.js
FN:40,AddParkScreen
FN:57,(anonymous_1)
FN:68,(anonymous_2)
FN:69,(anonymous_3)
FN:85,(anonymous_4)
FN:94,(anonymous_5)
FN:99,(anonymous_6)
FN:107,(anonymous_7)
FN:108,(anonymous_8)
FN:110,(anonymous_9)
FN:118,(anonymous_10)
FN:119,(anonymous_11)
FN:121,(anonymous_12)
FN:129,(anonymous_13)
FN:130,(anonymous_14)
FN:132,(anonymous_15)
FN:140,(anonymous_16)
FN:162,(anonymous_17)
FN:172,(anonymous_18)
FN:173,(anonymous_19)
FN:177,(anonymous_20)
FN:206,(anonymous_21)
FN:207,(anonymous_22)
FN:216,(anonymous_23)
FN:217,(anonymous_24)
FN:258,(anonymous_25)
FN:275,(anonymous_26)
FN:302,(anonymous_27)
FN:368,(anonymous_28)
FN:378,(anonymous_29)
FN:392,(anonymous_30)
FN:398,(anonymous_31)
FN:414,(anonymous_32)
FN:420,(anonymous_33)
FN:436,(anonymous_34)
FN:442,(anonymous_35)
FNF:36
FNH:0
FNDA:0,AddParkScreen
FNDA:0,(anonymous_1)
FNDA:0,(anonymous_2)
FNDA:0,(anonymous_3)
FNDA:0,(anonymous_4)
FNDA:0,(anonymous_5)
FNDA:0,(anonymous_6)
FNDA:0,(anonymous_7)
FNDA:0,(anonymous_8)
FNDA:0,(anonymous_9)
FNDA:0,(anonymous_10)
FNDA:0,(anonymous_11)
FNDA:0,(anonymous_12)
FNDA:0,(anonymous_13)
FNDA:0,(anonymous_14)
FNDA:0,(anonymous_15)
FNDA:0,(anonymous_16)
FNDA:0,(anonymous_17)
FNDA:0,(anonymous_18)
FNDA:0,(anonymous_19)
FNDA:0,(anonymous_20)
FNDA:0,(anonymous_21)
FNDA:0,(anonymous_22)
FNDA:0,(anonymous_23)
FNDA:0,(anonymous_24)
FNDA:0,(anonymous_25)
FNDA:0,(anonymous_26)
FNDA:0,(anonymous_27)
FNDA:0,(anonymous_28)
FNDA:0,(anonymous_29)
FNDA:0,(anonymous_30)
FNDA:0,(anonymous_31)
FNDA:0,(anonymous_32)
FNDA:0,(anonymous_33)
FNDA:0,(anonymous_34)
FNDA:0,(anonymous_35)
DA:25,0
DA:28,0
DA:31,0
DA:42,0
DA:43,0
DA:45,0
DA:46,0
DA:47,0
DA:48,0
DA:49,0
DA:50,0
DA:51,0
DA:52,0
DA:54,0
DA:57,0
DA:58,0
DA:59,0
DA:60,0
DA:61,0
DA:62,0
DA:63,0
DA:66,0
DA:67,0
DA:68,0
DA:69,0
DA:70,0
DA:71,0
DA:75,0
DA:78,0
DA:79,0
DA:85,0
DA:86,0
DA:87,0
DA:88,0
DA:94,0
DA:99,0
DA:107,0
DA:108,0
DA:109,0
DA:110,0
DA:112,0
DA:118,0
DA:119,0
DA:120,0
DA:121,0
DA:123,0
DA:129,0
DA:130,0
DA:131,0
DA:132,0
DA:134,0
DA:140,0
DA:141,0
DA:142,0
DA:143,0
DA:147,0
DA:148,0
DA:149,0
DA:150,0
DA:154,0
DA:161,0
DA:162,0
DA:163,0
DA:164,0
DA:165,0
DA:167,0
DA:172,0
DA:173,0
DA:177,0
DA:179,0
DA:180,0
DA:181,0
DA:184,0
DA:185,0
DA:186,0
DA:189,0
DA:190,0
DA:191,0
DA:195,0
DA:196,0
DA:197,0
DA:198,0
DA:199,0
DA:202,0
DA:203,0
DA:206,0
DA:207,0
DA:208,0
DA:212,0
DA:213,0
DA:216,0
DA:217,0
DA:219,0
DA:220,0
DA:221,0
DA:222,0
DA:224,0
DA:225,0
DA:227,0
DA:228,0
DA:231,0
DA:234,0
DA:236,0
DA:250,0
DA:252,0
DA:253,0
DA:255,0
DA:259,0
DA:265,0
DA:266,0
DA:267,0
DA:268,0
DA:270,0
DA:272,0
DA:276,0
DA:282,0
DA:283,0
DA:285,0
DA:290,0
DA:294,0
DA:369,0
DA:378,0
DA:393,0
DA:394,0
DA:398,0
DA:415,0
DA:416,0
DA:420,0
DA:437,0
DA:438,0
DA:442,0
DA:471,0
LF:132
LH:0
BRDA:42,0,0,0
BRDA:42,0,1,0
BRDA:43,1,0,0
BRDA:43,1,1,0
BRDA:58,2,0,0
BRDA:58,2,1,0
BRDA:58,3,0,0
BRDA:58,3,1,0
BRDA:59,4,0,0
BRDA:59,4,1,0
BRDA:60,5,0,0
BRDA:60,5,1,0
BRDA:61,6,0,0
BRDA:61,6,1,0
BRDA:62,7,0,0
BRDA:62,7,1,0
BRDA:63,8,0,0
BRDA:63,8,1,0
BRDA:67,9,0,0
BRDA:67,9,1,0
BRDA:67,10,0,0
BRDA:67,10,1,0
BRDA:70,11,0,0
BRDA:70,11,1,0
BRDA:78,12,0,0
BRDA:78,12,1,0
BRDA:78,13,0,0
BRDA:78,13,1,0
BRDA:87,14,0,0
BRDA:87,14,1,0
BRDA:90,15,0,0
BRDA:90,15,1,0
BRDA:109,16,0,0
BRDA:109,16,1,0
BRDA:120,17,0,0
BRDA:120,17,1,0
BRDA:131,18,0,0
BRDA:131,18,1,0
BRDA:141,19,0,0
BRDA:141,19,1,0
BRDA:148,20,0,0
BRDA:148,20,1,0
BRDA:161,21,0,0
BRDA:161,21,1,0
BRDA:161,22,0,0
BRDA:161,22,1,0
BRDA:163,23,0,0
BRDA:163,23,1,0
BRDA:179,24,0,0
BRDA:179,24,1,0
BRDA:184,25,0,0
BRDA:184,25,1,0
BRDA:189,26,0,0
BRDA:189,26,1,0
BRDA:196,27,0,0
BRDA:196,27,1,0
BRDA:208,28,0,0
BRDA:208,28,1,0
BRDA:219,29,0,0
BRDA:219,29,1,0
BRDA:224,30,0,0
BRDA:224,30,1,0
BRDA:234,31,0,0
BRDA:234,31,1,0
BRDA:250,32,0,0
BRDA:250,32,1,0
BRDA:250,33,0,0
BRDA:250,33,1,0
BRDA:282,34,0,0
BRDA:282,34,1,0
BRDA:287,35,0,0
BRDA:287,35,1,0
BRDA:297,36,0,0
BRDA:297,36,1,0
BRDA:364,37,0,0
BRDA:364,37,1,0
BRDA:366,38,0,0
BRDA:366,38,1,0
BRDA:371,39,0,0
BRDA:371,39,1,0
BRDA:400,40,0,0
BRDA:400,40,1,0
BRDA:401,41,0,0
BRDA:401,41,1,0
BRDA:422,42,0,0
BRDA:422,42,1,0
BRDA:423,43,0,0
BRDA:423,43,1,0
BRDA:444,44,0,0
BRDA:444,44,1,0
BRDA:445,45,0,0
BRDA:445,45,1,0
BRDA:456,46,0,0
BRDA:456,46,1,0
BRDA:460,47,0,0
BRDA:460,47,1,0
BRDA:463,48,0,0
BRDA:463,48,1,0
BRF:98
BRH:0
end_of_record
TN:
SF:screens/AddReviewScreen.js
FN:30,AddReviewScreen
FN:42,(anonymous_1)
FN:51,(anonymous_2)
FN:57,(anonymous_3)
FN:62,(anonymous_4)
FN:69,(anonymous_5)
FN:96,(anonymous_6)
FN:97,(anonymous_7)
FN:101,(anonymous_8)
FN:133,(anonymous_9)
FN:183,(anonymous_10)
FN:203,(anonymous_11)
FN:204,(anonymous_12)
FN:250,(anonymous_13)
FN:284,(anonymous_14)
FN:299,(anonymous_15)
FN:303,(anonymous_16)
FN:363,(anonymous_17)
FN:368,(anonymous_18)
FNF:19
FNH:0
FNDA:0,AddReviewScreen
FNDA:0,(anonymous_1)
FNDA:0,(anonymous_2)
FNDA:0,(anonymous_3)
FNDA:0,(anonymous_4)
FNDA:0,(anonymous_5)
FNDA:0,(anonymous_6)
FNDA:0,(anonymous_7)
FNDA:0,(anonymous_8)
FNDA:0,(anonymous_9)
FNDA:0,(anonymous_10)
FNDA:0,(anonymous_11)
FNDA:0,(anonymous_12)
FNDA:0,(anonymous_13)
FNDA:0,(anonymous_14)
FNDA:0,(anonymous_15)
FNDA:0,(anonymous_16)
FNDA:0,(anonymous_17)
FNDA:0,(anonymous_18)
DA:31,0
DA:34,0
DA:35,0
DA:36,0
DA:37,0
DA:39,0
DA:42,0
DA:43,0
DA:44,0
DA:45,0
DA:46,0
DA:51,0
DA:52,0
DA:53,0
DA:54,0
DA:57,0
DA:62,0
DA:69,0
DA:70,0
DA:71,0
DA:72,0
DA:76,0
DA:77,0
DA:78,0
DA:79,0
DA:83,0
DA:90,0
DA:91,0
DA:96,0
DA:97,0
DA:101,0
DA:102,0
DA:103,0
DA:104,0
DA:108,0
DA:109,0
DA:110,0
DA:112,0
DA:113,0
DA:116,0
DA:118,0
DA:119,0
DA:123,0
DA:124,0
DA:126,0
DA:130,0
DA:131,0
DA:133,0
DA:134,0
DA:135,0
DA:136,0
DA:137,0
DA:141,0
DA:143,0
DA:144,0
DA:148,0
DA:149,0
DA:154,0
DA:155,0
DA:159,0
DA:160,0
DA:161,0
DA:169,0
DA:170,0
DA:178,0
DA:183,0
DA:185,0
DA:186,0
DA:187,0
DA:190,0
DA:191,0
DA:192,0
DA:195,0
DA:196,0
DA:197,0
DA:200,0
DA:203,0
DA:204,0
DA:206,0
DA:207,0
DA:208,0
DA:209,0
DA:211,0
DA:212,0
DA:214,0
DA:215,0
DA:218,0
DA:221,0
DA:223,0
DA:224,0
DA:232,0
DA:233,0
DA:235,0
DA:236,0
DA:238,0
DA:239,0
DA:247,0
DA:250,0
DA:255,0
DA:266,0
DA:267,0
DA:269,0
DA:270,0
DA:272,0
DA:273,0
DA:281,0
DA:284,0
DA:289,0
DA:290,0
DA:292,0
DA:294,0
DA:299,0
DA:300,0
DA:301,0
DA:302,0
DA:303,0
DA:308,0
DA:311,0
DA:364,0
DA:368,0
DA:400,0
LF:121
LH:0
BRDA:43,0,0,0
BRDA:43,0,1,0
BRDA:43,1,0,0
BRDA:43,1,1,0
BRDA:44,2,0,0
BRDA:44,2,1,0
BRDA:45,3,0,0
BRDA:45,3,1,0
BRDA:46,4,0,0
BRDA:46,4,1,0
BRDA:53,5,0,0
BRDA:53,5,1,0
BRDA:70,6,0,0
BRDA:70,6,1,0
BRDA:77,7,0,0
BRDA:77,7,1,0
BRDA:90,8,0,0
BRDA:90,8,1,0
BRDA:90,9,0,0
BRDA:90,9,1,0
BRDA:103,10,0,0
BRDA:103,10,1,0
BRDA:112,11,0,0
BRDA:112,11,1,0
BRDA:116,12,0,0
BRDA:116,12,1,0
BRDA:123,13,0,0
BRDA:123,13,1,0
BRDA:135,14,0,0
BRDA:135,14,1,0
BRDA:135,15,0,0
BRDA:135,15,1,0
BRDA:141,16,0,0
BRDA:141,16,1,0
BRDA:143,17,0,0
BRDA:143,17,1,0
BRDA:154,18,0,0
BRDA:154,18,1,0
BRDA:159,19,0,0
BRDA:159,19,1,0
BRDA:169,20,0,0
BRDA:169,20,1,0
BRDA:185,21,0,0
BRDA:185,21,1,0
BRDA:190,22,0,0
BRDA:190,22,1,0
BRDA:206,23,0,0
BRDA:206,23,1,0
BRDA:211,24,0,0
BRDA:211,24,1,0
BRDA:221,25,0,0
BRDA:221,25,1,0
BRDA:221,26,0,0
BRDA:221,26,1,0
BRDA:235,27,0,0
BRDA:235,27,1,0
BRDA:238,28,0,0
BRDA:238,28,1,0
BRDA:258,29,0,0
BRDA:258,29,1,0
BRDA:258,29,2,0
BRDA:269,30,0,0
BRDA:269,30,1,0
BRDA:272,31,0,0
BRDA:272,31,1,0
BRDA:289,32,0,0
BRDA:289,32,1,0
BRDA:292,33,0,0
BRDA:292,33,1,0
BRDA:304,34,0,0
BRDA:304,34,1,0
BRDA:324,35,0,0
BRDA:324,35,1,0
BRDA:361,36,0,0
BRDA:361,36,1,0
BRDA:382,37,0,0
BRDA:382,37,1,0
BRDA:382,37,2,0
BRDA:382,37,3,0
BRDA:385,38,0,0
BRDA:385,38,1,0
BRDA:385,38,2,0
BRDA:387,39,0,0
BRDA:387,39,1,0
BRDA:391,40,0,0
BRDA:391,40,1,0
BRF:86
BRH:0
end_of_record
TN:
SF:screens/AdminScreen.js
FN:32,AdminScreen
FN:40,(anonymous_1)
FN:44,(anonymous_2)
FN:50,(anonymous_3)
FN:59,(anonymous_4)
FN:65,(anonymous_5)
FN:79,(anonymous_6)
FN:122,(anonymous_7)
FN:128,(anonymous_8)
FN:133,(anonymous_9)
FN:149,(anonymous_10)
FN:184,(anonymous_11)
FN:189,(anonymous_12)
FN:210,(anonymous_13)
FN:215,(anonymous_14)
FN:236,(anonymous_15)
FN:242,(anonymous_16)
FN:266,(anonymous_17)
FN:275,(anonymous_18)
FN:283,(anonymous_19)
FN:309,(anonymous_20)
FN:327,(anonymous_21)
FN:350,(anonymous_22)
FN:359,(anonymous_23)
FN:374,(anonymous_24)
FN:382,(anonymous_25)
FN:400,(anonymous_26)
FN:451,(anonymous_27)
FN:457,(anonymous_28)
FN:463,(anonymous_29)
FN:474,(anonymous_30)
FN:482,(anonymous_31)
FN:492,(anonymous_32)
FN:498,(anonymous_33)
FN:507,(anonymous_34)
FN:519,(anonymous_35)
FN:531,(anonymous_36)
FN:537,(anonymous_37)
FN:551,(anonymous_38)
FN:568,(anonymous_39)
FN:583,(anonymous_40)
FN:609,(anonymous_41)
FN:612,(anonymous_42)
FN:617,(anonymous_43)
FN:625,(anonymous_44)
FN:638,(anonymous_45)
FN:647,(anonymous_46)
FN:656,(anonymous_47)
FNF:48
FNH:0
FNDA:0,AdminScreen
FNDA:0,(anonymous_1)
FNDA:0,(anonymous_2)
FNDA:0,(anonymous_3)
FNDA:0,(anonymous_4)
FNDA:0,(anonymous_5)
FNDA:0,(anonymous_6)
FNDA:0,(anonymous_7)
FNDA:0,(anonymous_8)
FNDA:0,(anonymous_9)
FNDA:0,(anonymous_10)
FNDA:0,(anonymous_11)
FNDA:0,(anonymous_12)
FNDA:0,(anonymous_13)
FNDA:0,(anonymous_14)
FNDA:0,(anonymous_15)
FNDA:0,(anonymous_16)
FNDA:0,(anonymous_17)
FNDA:0,(anonymous_18)
FNDA:0,(anonymous_19)
FNDA:0,(anonymous_20)
FNDA:0,(anonymous_21)
FNDA:0,(anonymous_22)
FNDA:0,(anonymous_23)
FNDA:0,(anonymous_24)
FNDA:0,(anonymous_25)
FNDA:0,(anonymous_26)
FNDA:0,(anonymous_27)
FNDA:0,(anonymous_28)
FNDA:0,(anonymous_29)
FNDA:0,(anonymous_30)
FNDA:0,(anonymous_31)
FNDA:0,(anonymous_32)
FNDA:0,(anonymous_33)
FNDA:0,(anonymous_34)
FNDA:0,(anonymous_35)
FNDA:0,(anonymous_36)
FNDA:0,(anonymous_37)
FNDA:0,(anonymous_38)
FNDA:0,(anonymous_39)
FNDA:0,(anonymous_40)
FNDA:0,(anonymous_41)
FNDA:0,(anonymous_42)
FNDA:0,(anonymous_43)
FNDA:0,(anonymous_44)
FNDA:0,(anonymous_45)
FNDA:0,(anonymous_46)
FNDA:0,(anonymous_47)
DA:33,0
DA:34,0
DA:35,0
DA:36,0
DA:37,0
DA:38,0
DA:40,0
DA:41,0
DA:44,0
DA:45,0
DA:46,0
DA:50,0
DA:51,0
DA:52,0
DA:53,0
DA:54,0
DA:59,0
DA:60,0
DA:61,0
DA:62,0
DA:63,0
DA:64,0
DA:65,0
DA:69,0
DA:70,0
DA:72,0
DA:74,0
DA:79,0
DA:80,0
DA:81,0
DA:82,0
DA:83,0
DA:85,0
DA:86,0
DA:87,0
DA:90,0
DA:91,0
DA:92,0
DA:93,0
DA:96,0
DA:97,0
DA:98,0
DA:99,0
DA:100,0
DA:101,0
DA:104,0
DA:105,0
DA:109,0
DA:112,0
DA:114,0
DA:115,0
DA:117,0
DA:122,0
DA:123,0
DA:124,0
DA:125,0
DA:127,0
DA:128,0
DA:129,0
DA:133,0
DA:134,0
DA:135,0
DA:136,0
DA:139,0
DA:141,0
DA:142,0
DA:144,0
DA:149,0
DA:150,0
DA:151,0
DA:152,0
DA:153,0
DA:155,0
DA:156,0
DA:157,0
DA:160,0
DA:161,0
DA:162,0
DA:163,0
DA:166,0
DA:167,0
DA:171,0
DA:174,0
DA:176,0
DA:177,0
DA:179,0
DA:184,0
DA:185,0
DA:190,0
DA:191,0
DA:192,0
DA:196,0
DA:197,0
DA:199,0
DA:200,0
DA:202,0
DA:210,0
DA:211,0
DA:216,0
DA:217,0
DA:218,0
DA:222,0
DA:223,0
DA:225,0
DA:226,0
DA:228,0
DA:236,0
DA:237,0
DA:243,0
DA:245,0
DA:246,0
DA:249,0
DA:251,0
DA:252,0
DA:253,0
DA:255,0
DA:256,0
DA:258,0
DA:266,0
DA:267,0
DA:276,0
DA:278,0
DA:279,0
DA:280,0
DA:282,0
DA:283,0
DA:284,0
DA:287,0
DA:290,0
DA:291,0
DA:293,0
DA:294,0
DA:295,0
DA:297,0
DA:298,0
DA:300,0
DA:309,0
DA:310,0
DA:311,0
DA:312,0
DA:313,0
DA:315,0
DA:316,0
DA:317,0
DA:321,0
DA:324,0
DA:325,0
DA:327,0
DA:328,0
DA:329,0
DA:330,0
DA:331,0
DA:335,0
DA:337,0
DA:338,0
DA:343,0
DA:344,0
DA:350,0
DA:351,0
DA:360,0
DA:361,0
DA:362,0
DA:363,0
DA:365,0
DA:374,0
DA:375,0
DA:383,0
DA:384,0
DA:385,0
DA:386,0
DA:389,0
DA:391,0
DA:400,0
DA:401,0
DA:408,0
DA:414,0
DA:420,0
DA:451,0
DA:457,0
DA:463,0
DA:474,0
DA:475,0
DA:482,0
DA:483,0
DA:492,0
DA:498,0
DA:507,0
DA:509,0
DA:510,0
DA:519,0
DA:520,0
DA:531,0
DA:537,0
DA:545,0
DA:546,0
DA:562,0
DA:563,0
DA:578,0
DA:609,0
DA:612,0
DA:617,0
DA:625,0
DA:638,0
DA:647,0
DA:656,0
DA:665,0
LF:206
LH:0
BRDA:45,0,0,0
BRDA:45,0,1,0
BRDA:51,1,0,0
BRDA:51,1,1,0
BRDA:51,2,0,0
BRDA:51,2,1,0
BRDA:53,3,0,0
BRDA:53,3,1,0
BRDA:53,4,0,0
BRDA:53,4,1,0
BRDA:63,5,0,0
BRDA:63,5,1,0
BRDA:69,6,0,0
BRDA:69,6,1,0
BRDA:92,7,0,0
BRDA:92,7,1,0
BRDA:97,8,0,0
BRDA:97,8,1,0
BRDA:104,9,0,0
BRDA:104,9,1,0
BRDA:114,10,0,0
BRDA:114,10,1,0
BRDA:134,11,0,0
BRDA:134,11,1,0
BRDA:134,11,2,0
BRDA:135,12,0,0
BRDA:135,12,1,0
BRDA:135,12,2,0
BRDA:141,13,0,0
BRDA:141,13,1,0
BRDA:162,14,0,0
BRDA:162,14,1,0
BRDA:166,15,0,0
BRDA:166,15,1,0
BRDA:176,16,0,0
BRDA:176,16,1,0
BRDA:199,17,0,0
BRDA:199,17,1,0
BRDA:225,18,0,0
BRDA:225,18,1,0
BRDA:255,19,0,0
BRDA:255,19,1,0
BRDA:297,20,0,0
BRDA:297,20,1,0
BRDA:315,21,0,0
BRDA:315,21,1,0
BRDA:329,22,0,0
BRDA:329,22,1,0
BRDA:329,23,0,0
BRDA:329,23,1,0
BRDA:335,24,0,0
BRDA:335,24,1,0
BRDA:343,25,0,0
BRDA:343,25,1,0
BRDA:425,26,0,0
BRDA:425,26,1,0
BRDA:427,27,0,0
BRDA:427,27,1,0
BRDA:430,28,0,0
BRDA:430,28,1,0
BRDA:433,29,0,0
BRDA:433,29,1,0
BRDA:434,30,0,0
BRDA:434,30,1,0
BRDA:435,31,0,0
BRDA:435,31,1,0
BRDA:439,32,0,0
BRDA:439,32,1,0
BRDA:447,33,0,0
BRDA:447,33,1,0
BRDA:484,34,0,0
BRDA:484,34,1,0
BRDA:485,35,0,0
BRDA:485,35,1,0
BRDA:487,36,0,0
BRDA:487,36,1,0
BRDA:487,37,0,0
BRDA:487,37,1,0
BRDA:509,38,0,0
BRDA:509,38,1,0
BRDA:521,39,0,0
BRDA:521,39,1,0
BRDA:523,40,0,0
BRDA:523,40,1,0
BRDA:524,41,0,0
BRDA:524,41,1,0
BRDA:526,42,0,0
BRDA:526,42,1,0
BRDA:527,43,0,0
BRDA:527,43,1,0
BRDA:545,44,0,0
BRDA:545,44,1,0
BRDA:562,45,0,0
BRDA:562,45,1,0
BRDA:588,46,0,0
BRDA:588,46,1,0
BRDA:588,46,2,0
BRDA:608,47,0,0
BRDA:608,47,1,0
BRDA:611,48,0,0
BRDA:611,48,1,0
BRDA:616,49,0,0
BRDA:616,49,1,0
BRDA:619,50,0,0
BRDA:619,50,1,0
BRDA:624,51,0,0
BRDA:624,51,1,0
BRDA:627,52,0,0
BRDA:627,52,1,0
BRDA:634,53,0,0
BRDA:634,53,1,0
BRDA:643,54,0,0
BRDA:643,54,1,0
BRDA:652,55,0,0
BRDA:652,55,1,0
BRF:115
BRH:0
end_of_record
TN:
SF:screens/HomeScreen.js
FN:34,HomeScreen
FN:52,(anonymous_1)
FN:67,(anonymous_2)
FN:68,(anonymous_3)
FN:97,(anonymous_4)
FN:104,(anonymous_5)
FN:118,(anonymous_6)
FN:152,(anonymous_7)
FN:159,(anonymous_8)
FN:166,(anonymous_9)
FN:173,(anonymous_10)
FN:176,(anonymous_11)
FN:184,(anonymous_12)
FN:189,(anonymous_13)
FN:190,(anonymous_14)
FN:195,(anonymous_15)
FN:196,(anonymous_16)
FN:203,(anonymous_17)
FN:232,(anonymous_18)
FN:274,(anonymous_19)
FN:280,(anonymous_20)
FN:286,(anonymous_21)
FN:294,(anonymous_22)
FN:300,(anonymous_23)
FN:315,(anonymous_24)
FN:319,(anonymous_25)
FN:326,(anonymous_26)
FN:333,(anonymous_27)
FN:388,(anonymous_28)
FN:394,(anonymous_29)
FN:404,(anonymous_30)
FN:409,(anonymous_31)
FN:419,(anonymous_32)
FN:422,(anonymous_33)
FN:430,(anonymous_34)
FN:435,(anonymous_35)
FN:436,(anonymous_36)
FN:441,(anonymous_37)
FN:442,(anonymous_38)
FN:449,(anonymous_39)
FN:478,(anonymous_40)
FN:492,(anonymous_41)
FN:512,(anonymous_42)
FN:518,(anonymous_43)
FN:520,(anonymous_44)
FN:525,(anonymous_45)
FN:551,(anonymous_46)
FN:558,(anonymous_47)
FN:578,(anonymous_48)
FN:591,(anonymous_49)
FN:595,(anonymous_50)
FN:615,(anonymous_51)
FN:619,(anonymous_52)
FN:628,(anonymous_53)
FN:642,(anonymous_54)
FN:649,(anonymous_55)
FN:698,(anonymous_56)
FN:702,(anonymous_57)
FN:705,(anonymous_58)
FN:714,(anonymous_59)
FN:718,(anonymous_60)
FN:721,(anonymous_61)
FN:730,(anonymous_62)
FN:734,(anonymous_63)
FN:737,(anonymous_64)
FN:746,(anonymous_65)
FN:750,(anonymous_66)
FN:762,(anonymous_67)
FN:766,(anonymous_68)
FN:796,(anonymous_69)
FN:811,(anonymous_70)
FNF:71
FNH:0
FNDA:0,HomeScreen
FNDA:0,(anonymous_1)
FNDA:0,(anonymous_2)
FNDA:0,(anonymous_3)
FNDA:0,(anonymous_4)
FNDA:0,(anonymous_5)
FNDA:0,(anonymous_6)
FNDA:0,(anonymous_7)
FNDA:0,(anonymous_8)
FNDA:0,(anonymous_9)
FNDA:0,(anonymous_10)
FNDA:0,(anonymous_11)
FNDA:0,(anonymous_12)
FNDA:0,(anonymous_13)
FNDA:0,(anonymous_14)
FNDA:0,(anonymous_15)
FNDA:0,(anonymous_16)
FNDA:0,(anonymous_17)
FNDA:0,(anonymous_18)
FNDA:0,(anonymous_19)
FNDA:0,(anonymous_20)
FNDA:0,(anonymous_21)
FNDA:0,(anonymous_22)
FNDA:0,(anonymous_23)
FNDA:0,(anonymous_24)
FNDA:0,(anonymous_25)
FNDA:0,(anonymous_26)
FNDA:0,(anonymous_27)
FNDA:0,(anonymous_28)
FNDA:0,(anonymous_29)
FNDA:0,(anonymous_30)
FNDA:0,(anonymous_31)
FNDA:0,(anonymous_32)
FNDA:0,(anonymous_33)
FNDA:0,(anonymous_34)
FNDA:0,(anonymous_35)
FNDA:0,(anonymous_36)
FNDA:0,(anonymous_37)
FNDA:0,(anonymous_38)
FNDA:0,(anonymous_39)
FNDA:0,(anonymous_40)
FNDA:0,(anonymous_41)
FNDA:0,(anonymous_42)
FNDA:0,(anonymous_43)
FNDA:0,(anonymous_44)
FNDA:0,(anonymous_45)
FNDA:0,(anonymous_46)
FNDA:0,(anonymous_47)
FNDA:0,(anonymous_48)
FNDA:0,(anonymous_49)
FNDA:0,(anonymous_50)
FNDA:0,(anonymous_51)
FNDA:0,(anonymous_52)
FNDA:0,(anonymous_53)
FNDA:0,(anonymous_54)
FNDA:0,(anonymous_55)
FNDA:0,(anonymous_56)
FNDA:0,(anonymous_57)
FNDA:0,(anonymous_58)
FNDA:0,(anonymous_59)
FNDA:0,(anonymous_60)
FNDA:0,(anonymous_61)
FNDA:0,(anonymous_62)
FNDA:0,(anonymous_63)
FNDA:0,(anonymous_64)
FNDA:0,(anonymous_65)
FNDA:0,(anonymous_66)
FNDA:0,(anonymous_67)
FNDA:0,(anonymous_68)
FNDA:0,(anonymous_69)
FNDA:0,(anonymous_70)
DA:36,0
DA:37,0
DA:38,0
DA:39,0
DA:40,0
DA:41,0
DA:42,0
DA:43,0
DA:52,0
DA:53,0
DA:54,0
DA:55,0
DA:57,0
DA:62,0
DA:63,0
DA:67,0
DA:68,0
DA:69,0
DA:71,0
DA:72,0
DA:73,0
DA:77,0
DA:81,0
DA:86,0
DA:87,0
DA:92,0
DA:96,0
DA:98,0
DA:99,0
DA:102,0
DA:104,0
DA:105,0
DA:106,0
DA:107,0
DA:114,0
DA:118,0
DA:119,0
DA:122,0
DA:125,0
DA:126,0
DA:127,0
DA:128,0
DA:129,0
DA:130,0
DA:131,0
DA:136,0
DA:137,0
DA:138,0
DA:139,0
DA:140,0
DA:141,0
DA:142,0
DA:143,0
DA:147,0
DA:151,0
DA:152,0
DA:155,0
DA:156,0
DA:159,0
DA:166,0
DA:167,0
DA:168,0
DA:169,0
DA:170,0
DA:173,0
DA:174,0
DA:175,0
DA:176,0
DA:178,0
DA:179,0
DA:180,0
DA:181,0
DA:182,0
DA:183,0
DA:184,0
DA:187,0
DA:189,0
DA:190,0
DA:193,0
DA:195,0
DA:196,0
DA:199,0
DA:202,0
DA:203,0
DA:204,0
DA:207,0
DA:210,0
DA:211,0
DA:212,0
DA:213,0
DA:215,0
DA:216,0
DA:220,0
DA:232,0
DA:234,0
DA:235,0
DA:236,0
DA:237,0
DA:240,0
DA:241,0
DA:244,0
DA:247,0
DA:248,0
DA:250,0
DA:251,0
DA:255,0
DA:256,0
DA:260,0
DA:261,0
DA:266,0
DA:269,0
DA:274,0
DA:275,0
DA:279,0
DA:281,0
DA:286,0
DA:287,0
DA:288,0
DA:289,0
DA:294,0
DA:295,0
DA:298,0
DA:299,0
DA:301,0
DA:308,0
DA:314,0
DA:315,0
DA:317,0
DA:318,0
DA:319,0
DA:320,0
DA:324,0
DA:325,0
DA:326,0
DA:327,0
DA:331,0
DA:332,0
DA:333,0
DA:334,0
DA:338,0
DA:339,0
DA:346,0
DA:347,0
DA:349,0
DA:350,0
DA:351,0
DA:352,0
DA:353,0
DA:354,0
DA:357,0
DA:358,0
DA:360,0
DA:365,0
DA:369,0
DA:370,0
DA:371,0
DA:373,0
DA:374,0
DA:375,0
DA:376,0
DA:380,0
DA:384,0
DA:388,0
DA:389,0
DA:390,0
DA:391,0
DA:392,0
DA:395,0
DA:402,0
DA:405,0
DA:410,0
DA:419,0
DA:420,0
DA:421,0
DA:422,0
DA:424,0
DA:425,0
DA:426,0
DA:427,0
DA:428,0
DA:429,0
DA:430,0
DA:433,0
DA:435,0
DA:436,0
DA:439,0
DA:441,0
DA:442,0
DA:445,0
DA:449,0
DA:450,0
DA:451,0
DA:452,0
DA:453,0
DA:454,0
DA:455,0
DA:458,0
DA:459,0
DA:465,0
DA:467,0
DA:469,0
DA:477,0
DA:478,0
DA:479,0
DA:481,0
DA:484,0
DA:485,0
DA:487,0
DA:492,0
DA:493,0
DA:494,0
DA:495,0
DA:497,0
DA:498,0
DA:504,0
DA:505,0
DA:507,0
DA:512,0
DA:513,0
DA:514,0
DA:515,0
DA:518,0
DA:519,0
DA:520,0
DA:521,0
DA:522,0
DA:525,0
DA:526,0
DA:531,0
DA:534,0
DA:535,0
DA:538,0
DA:539,0
DA:540,0
DA:544,0
DA:545,0
DA:549,0
DA:551,0
DA:552,0
DA:553,0
DA:554,0
DA:557,0
DA:558,0
DA:579,0
DA:591,0
DA:592,0
DA:595,0
DA:599,0
DA:600,0
DA:608,0
DA:615,0
DA:619,0
DA:628,0
DA:643,0
DA:644,0
DA:645,0
DA:649,0
DA:699,0
DA:703,0
DA:705,0
DA:715,0
DA:719,0
DA:721,0
DA:731,0
DA:735,0
DA:737,0
DA:747,0
DA:751,0
DA:763,0
DA:767,0
DA:798,0
DA:799,0
DA:801,0
DA:804,0
DA:811,0
DA:823,0
LF:276
LH:0
BRDA:72,0,0,0
BRDA:72,0,1,0
BRDA:86,1,0,0
BRDA:86,1,1,0
BRDA:98,2,0,0
BRDA:98,2,1,0
BRDA:106,3,0,0
BRDA:106,3,1,0
BRDA:106,4,0,0
BRDA:106,4,1,0
BRDA:106,4,2,0
BRDA:122,5,0,0
BRDA:122,5,1,0
BRDA:125,6,0,0
BRDA:125,6,1,0
BRDA:126,7,0,0
BRDA:126,7,1,0
BRDA:128,8,0,0
BRDA:128,8,1,0
BRDA:130,9,0,0
BRDA:130,9,1,0
BRDA:136,10,0,0
BRDA:136,10,1,0
BRDA:137,11,0,0
BRDA:137,11,1,0
BRDA:137,11,2,0
BRDA:140,12,0,0
BRDA:140,12,1,0
BRDA:142,13,0,0
BRDA:142,13,1,0
BRDA:155,14,0,0
BRDA:155,14,1,0
BRDA:159,15,0,0
BRDA:159,15,1,0
BRDA:159,16,0,0
BRDA:159,16,1,0
BRDA:174,17,0,0
BRDA:174,17,1,0
BRDA:175,18,0,0
BRDA:175,18,1,0
BRDA:176,19,0,0
BRDA:176,19,1,0
BRDA:176,19,2,0
BRDA:178,20,0,0
BRDA:178,20,1,0
BRDA:181,21,0,0
BRDA:181,21,1,0
BRDA:181,22,0,0
BRDA:181,22,1,0
BRDA:183,23,0,0
BRDA:183,23,1,0
BRDA:184,24,0,0
BRDA:184,24,1,0
BRDA:184,24,2,0
BRDA:211,25,0,0
BRDA:211,25,1,0
BRDA:212,26,0,0
BRDA:212,26,1,0
BRDA:215,27,0,0
BRDA:215,27,1,0
BRDA:225,28,0,0
BRDA:225,28,1,0
BRDA:234,29,0,0
BRDA:234,29,1,0
BRDA:234,30,0,0
BRDA:234,30,1,0
BRDA:235,31,0,0
BRDA:235,31,1,0
BRDA:235,31,2,0
BRDA:236,32,0,0
BRDA:236,32,1,0
BRDA:236,32,2,0
BRDA:240,33,0,0
BRDA:240,33,1,0
BRDA:240,34,0,0
BRDA:240,34,1,0
BRDA:250,35,0,0
BRDA:250,35,1,0
BRDA:255,36,0,0
BRDA:255,36,1,0
BRDA:260,37,0,0
BRDA:260,37,1,0
BRDA:287,38,0,0
BRDA:287,38,1,0
BRDA:298,39,0,0
BRDA:298,39,1,0
BRDA:301,40,0,0
BRDA:301,40,1,0
BRDA:308,41,0,0
BRDA:308,41,1,0
BRDA:308,41,2,0
BRDA:308,41,3,0
BRDA:308,41,4,0
BRDA:314,42,0,0
BRDA:314,42,1,0
BRDA:317,43,0,0
BRDA:317,43,1,0
BRDA:318,44,0,0
BRDA:318,44,1,0
BRDA:320,45,0,0
BRDA:320,45,1,0
BRDA:324,46,0,0
BRDA:324,46,1,0
BRDA:325,47,0,0
BRDA:325,47,1,0
BRDA:325,47,2,0
BRDA:327,48,0,0
BRDA:327,48,1,0
BRDA:331,49,0,0
BRDA:331,49,1,0
BRDA:332,50,0,0
BRDA:332,50,1,0
BRDA:334,51,0,0
BRDA:334,51,1,0
BRDA:338,52,0,0
BRDA:338,52,1,0
BRDA:338,53,0,0
BRDA:338,53,1,0
BRDA:338,53,2,0
BRDA:338,53,3,0
BRDA:349,54,0,0
BRDA:349,54,1,0
BRDA:351,55,0,0
BRDA:351,55,1,0
BRDA:353,56,0,0
BRDA:353,56,1,0
BRDA:357,57,0,0
BRDA:357,57,1,0
BRDA:357,58,0,0
BRDA:357,58,1,0
BRDA:360,59,0,0
BRDA:360,59,1,0
BRDA:361,60,0,0
BRDA:361,60,1,0
BRDA:361,60,2,0
BRDA:361,60,3,0
BRDA:369,61,0,0
BRDA:369,61,1,0
BRDA:371,62,0,0
BRDA:371,62,1,0
BRDA:373,63,0,0
BRDA:373,63,1,0
BRDA:373,64,0,0
BRDA:373,64,1,0
BRDA:375,65,0,0
BRDA:375,65,1,0
BRDA:375,66,0,0
BRDA:375,66,1,0
BRDA:389,67,0,0
BRDA:389,67,1,0
BRDA:391,68,0,0
BRDA:391,68,1,0
BRDA:391,69,0,0
BRDA:391,69,1,0
BRDA:420,70,0,0
BRDA:420,70,1,0
BRDA:421,71,0,0
BRDA:421,71,1,0
BRDA:422,72,0,0
BRDA:422,72,1,0
BRDA:422,72,2,0
BRDA:424,73,0,0
BRDA:424,73,1,0
BRDA:427,74,0,0
BRDA:427,74,1,0
BRDA:427,75,0,0
BRDA:427,75,1,0
BRDA:429,76,0,0
BRDA:429,76,1,0
BRDA:430,77,0,0
BRDA:430,77,1,0
BRDA:430,77,2,0
BRDA:453,78,0,0
BRDA:453,78,1,0
BRDA:467,79,0,0
BRDA:467,79,1,0
BRDA:484,80,0,0
BRDA:484,80,1,0
BRDA:495,81,0,0
BRDA:495,81,1,0
BRDA:514,82,0,0
BRDA:514,82,1,0
BRDA:515,83,0,0
BRDA:515,83,1,0
BRDA:521,84,0,0
BRDA:521,84,1,0
BRDA:538,85,0,0
BRDA:538,85,1,0
BRDA:538,86,0,0
BRDA:538,86,1,0
BRDA:544,87,0,0
BRDA:544,87,1,0
BRDA:544,88,0,0
BRDA:544,88,1,0
BRDA:544,88,2,0
BRDA:544,88,3,0
BRDA:559,89,0,0
BRDA:559,89,1,0
BRDA:563,90,0,0
BRDA:563,90,1,0
BRDA:568,91,0,0
BRDA:568,91,1,0
BRDA:575,92,0,0
BRDA:575,92,1,0
BRDA:576,93,0,0
BRDA:576,93,1,0
BRDA:599,94,0,0
BRDA:599,94,1,0
BRDA:628,95,0,0
BRDA:628,95,1,0
BRDA:628,95,2,0
BRDA:634,96,0,0
BRDA:634,96,1,0
BRDA:643,97,0,0
BRDA:643,97,1,0
BRDA:644,98,0,0
BRDA:644,98,1,0
BRDA:651,99,0,0
BRDA:651,99,1,0
BRDA:656,100,0,0
BRDA:656,100,1,0
BRDA:664,101,0,0
BRDA:664,101,1,0
BRDA:669,102,0,0
BRDA:669,102,1,0
BRDA:669,102,2,0
BRDA:673,103,0,0
BRDA:673,103,1,0
BRDA:687,104,0,0
BRDA:687,104,1,0
BRDA:687,104,2,0
BRDA:687,104,3,0
BRDA:687,104,4,0
BRDA:687,104,5,0
BRDA:786,105,0,0
BRDA:786,105,1,0
BRDA:790,106,0,0
BRDA:790,106,1,0
BRDA:799,107,0,0
BRDA:799,107,1,0
BRF:240
BRH:0
end_of_record
TN:
SF:screens/LoginScreen.js
FN:25,LoginScreen
FN:34,(anonymous_1)
FN:41,(anonymous_2)
FN:65,(anonymous_3)
FN:66,(anonymous_4)
FN:139,(anonymous_5)
FN:175,(anonymous_6)
FN:176,(anonymous_7)
FN:187,(anonymous_8)
FN:246,(anonymous_9)
FN:257,(anonymous_10)
FN:258,(anonymous_11)
FN:309,(anonymous_12)
FN:360,(anonymous_13)
FN:370,(anonymous_14)
FN:397,(anonymous_15)
FNF:16
FNH:0
FNDA:0,LoginScreen
FNDA:0,(anonymous_1)
FNDA:0,(anonymous_2)
FNDA:0,(anonymous_3)
FNDA:0,(anonymous_4)
FNDA:0,(anonymous_5)
FNDA:0,(anonymous_6)
FNDA:0,(anonymous_7)
FNDA:0,(anonymous_8)
FNDA:0,(anonymous_9)
FNDA:0,(anonymous_10)
FNDA:0,(anonymous_11)
FNDA:0,(anonymous_12)
FNDA:0,(anonymous_13)
FNDA:0,(anonymous_14)
FNDA:0,(anonymous_15)
DA:27,0
DA:28,0
DA:29,0
DA:30,0
DA:31,0
DA:34,0
DA:35,0
DA:36,0
DA:41,0
DA:43,0
DA:44,0
DA:45,0
DA:49,0
DA:50,0
DA:51,0
DA:52,0
DA:56,0
DA:57,0
DA:58,0
DA:61,0
DA:62,0
DA:65,0
DA:66,0
DA:69,0
DA:75,0
DA:80,0
DA:81,0
DA:84,0
DA:85,0
DA:88,0
DA:89,0
DA:90,0
DA:92,0
DA:93,0
DA:95,0
DA:96,0
DA:98,0
DA:99,0
DA:101,0
DA:102,0
DA:104,0
DA:105,0
DA:107,0
DA:108,0
DA:109,0
DA:111,0
DA:112,0
DA:113,0
DA:115,0
DA:116,0
DA:118,0
DA:119,0
DA:121,0
DA:123,0
DA:124,0
DA:127,0
DA:134,0
DA:139,0
DA:141,0
DA:142,0
DA:143,0
DA:147,0
DA:148,0
DA:149,0
DA:153,0
DA:154,0
DA:155,0
DA:156,0
DA:160,0
DA:161,0
DA:162,0
DA:166,0
DA:167,0
DA:168,0
DA:171,0
DA:172,0
DA:175,0
DA:176,0
DA:179,0
DA:184,0
DA:188,0
DA:196,0
DA:197,0
DA:200,0
DA:201,0
DA:204,0
DA:205,0
DA:206,0
DA:208,0
DA:209,0
DA:211,0
DA:212,0
DA:214,0
DA:215,0
DA:217,0
DA:219,0
DA:221,0
DA:222,0
DA:223,0
DA:225,0
DA:226,0
DA:228,0
DA:230,0
DA:231,0
DA:234,0
DA:241,0
DA:246,0
DA:248,0
DA:249,0
DA:250,0
DA:253,0
DA:254,0
DA:257,0
DA:258,0
DA:261,0
DA:264,0
DA:269,0
DA:270,0
DA:273,0
DA:274,0
DA:276,0
DA:277,0
DA:278,0
DA:280,0
DA:281,0
DA:282,0
DA:283,0
DA:284,0
DA:287,0
DA:289,0
DA:293,0
DA:309,0
DA:360,0
DA:370,0
DA:398,0
DA:399,0
DA:400,0
DA:401,0
DA:402,0
DA:440,0
LF:140
LH:0
BRDA:35,0,0,0
BRDA:35,0,1,0
BRDA:43,1,0,0
BRDA:43,1,1,0
BRDA:43,2,0,0
BRDA:43,2,1,0
BRDA:50,3,0,0
BRDA:50,3,1,0
BRDA:56,4,0,0
BRDA:56,4,1,0
BRDA:80,5,0,0
BRDA:80,5,1,0
BRDA:88,6,0,0
BRDA:88,6,1,0
BRDA:92,7,0,0
BRDA:92,7,1,0
BRDA:93,8,0,0
BRDA:93,8,1,0
BRDA:93,8,2,0
BRDA:93,8,3,0
BRDA:93,8,4,0
BRDA:93,8,5,0
BRDA:93,8,6,0
BRDA:93,8,7,0
BRDA:93,8,8,0
BRDA:123,9,0,0
BRDA:123,9,1,0
BRDA:141,10,0,0
BRDA:141,10,1,0
BRDA:141,11,0,0
BRDA:141,11,1,0
BRDA:147,12,0,0
BRDA:147,12,1,0
BRDA:154,13,0,0
BRDA:154,13,1,0
BRDA:160,14,0,0
BRDA:160,14,1,0
BRDA:166,15,0,0
BRDA:166,15,1,0
BRDA:196,16,0,0
BRDA:196,16,1,0
BRDA:204,17,0,0
BRDA:204,17,1,0
BRDA:208,18,0,0
BRDA:208,18,1,0
BRDA:209,19,0,0
BRDA:209,19,1,0
BRDA:209,19,2,0
BRDA:209,19,3,0
BRDA:209,19,4,0
BRDA:209,19,5,0
BRDA:230,20,0,0
BRDA:230,20,1,0
BRDA:248,21,0,0
BRDA:248,21,1,0
BRDA:269,22,0,0
BRDA:269,22,1,0
BRDA:276,23,0,0
BRDA:276,23,1,0
BRDA:280,24,0,0
BRDA:280,24,1,0
BRDA:283,25,0,0
BRDA:283,25,1,0
BRDA:297,26,0,0
BRDA:297,26,1,0
BRDA:298,27,0,0
BRDA:298,27,1,0
BRDA:318,28,0,0
BRDA:318,28,1,0
BRDA:348,29,0,0
BRDA:348,29,1,0
BRDA:356,30,0,0
BRDA:356,30,1,0
BRDA:363,31,0,0
BRDA:363,31,1,0
BRDA:364,32,0,0
BRDA:364,32,1,0
BRDA:383,33,0,0
BRDA:383,33,1,0
BRDA:384,34,0,0
BRDA:384,34,1,0
BRDA:387,35,0,0
BRDA:387,35,1,0
BRDA:390,36,0,0
BRDA:390,36,1,0
BRDA:398,37,0,0
BRDA:398,37,1,0
BRDA:408,38,0,0
BRDA:408,38,1,0
BRDA:423,39,0,0
BRDA:423,39,1,0
BRDA:427,40,0,0
BRDA:427,40,1,0
BRDA:461,41,0,0
BRDA:461,41,1,0
BRF:95
BRH:0
end_of_record
TN:
SF:screens/MyPageScreen.js
FN:26,MyPageScreen
FN:37,(anonymous_1)
FN:43,(anonymous_2)
FN:48,(anonymous_3)
FN:55,(anonymous_4)
FN:79,(anonymous_5)
FN:102,(anonymous_6)
FN:125,(anonymous_7)
FN:161,(anonymous_8)
FN:180,(anonymous_9)
FN:201,(anonymous_10)
FN:207,(anonymous_11)
FN:221,(anonymous_12)
FN:226,(anonymous_13)
FN:236,(anonymous_14)
FN:250,(anonymous_15)
FN:255,(anonymous_16)
FN:265,(anonymous_17)
FN:279,(anonymous_18)
FN:284,(anonymous_19)
FN:294,(anonymous_20)
FN:303,(anonymous_21)
FN:309,(anonymous_22)
FN:324,(anonymous_23)
FN:333,(anonymous_24)
FN:353,(anonymous_25)
FN:365,(anonymous_26)
FN:499,(anonymous_27)
FN:534,(anonymous_28)
FN:539,(anonymous_29)
FN:542,(anonymous_30)
FN:557,(anonymous_31)
FN:570,(anonymous_32)
FN:586,(anonymous_33)
FN:602,(anonymous_34)
FN:620,(anonymous_35)
FN:634,(anonymous_36)
FN:650,(anonymous_37)
FN:666,(anonymous_38)
FN:682,(anonymous_39)
FN:698,(anonymous_40)
FN:714,(anonymous_41)
FN:722,(anonymous_42)
FNF:43
FNH:0
FNDA:0,MyPageScreen
FNDA:0,(anonymous_1)
FNDA:0,(anonymous_2)
FNDA:0,(anonymous_3)
FNDA:0,(anonymous_4)
FNDA:0,(anonymous_5)
FNDA:0,(anonymous_6)
FNDA:0,(anonymous_7)
FNDA:0,(anonymous_8)
FNDA:0,(anonymous_9)
FNDA:0,(anonymous_10)
FNDA:0,(anonymous_11)
FNDA:0,(anonymous_12)
FNDA:0,(anonymous_13)
FNDA:0,(anonymous_14)
FNDA:0,(anonymous_15)
FNDA:0,(anonymous_16)
FNDA:0,(anonymous_17)
FNDA:0,(anonymous_18)
FNDA:0,(anonymous_19)
FNDA:0,(anonymous_20)
FNDA:0,(anonymous_21)
FNDA:0,(anonymous_22)
FNDA:0,(anonymous_23)
FNDA:0,(anonymous_24)
FNDA:0,(anonymous_25)
FNDA:0,(anonymous_26)
FNDA:0,(anonymous_27)
FNDA:0,(anonymous_28)
FNDA:0,(anonymous_29)
FNDA:0,(anonymous_30)
FNDA:0,(anonymous_31)
FNDA:0,(anonymous_32)
FNDA:0,(anonymous_33)
FNDA:0,(anonymous_34)
FNDA:0,(anonymous_35)
FNDA:0,(anonymous_36)
FNDA:0,(anonymous_37)
FNDA:0,(anonymous_38)
FNDA:0,(anonymous_39)
FNDA:0,(anonymous_40)
FNDA:0,(anonymous_41)
FNDA:0,(anonymous_42)
DA:27,0
DA:28,0
DA:29,0
DA:30,0
DA:31,0
DA:32,0
DA:33,0
DA:34,0
DA:37,0
DA:38,0
DA:39,0
DA:40,0
DA:43,0
DA:48,0
DA:55,0
DA:56,0
DA:57,0
DA:58,0
DA:59,0
DA:62,0
DA:63,0
DA:66,0
DA:67,0
DA:70,0
DA:71,0
DA:76,0
DA:78,0
DA:79,0
DA:80,0
DA:83,0
DA:84,0
DA:85,0
DA:86,0
DA:87,0
DA:88,0
DA:91,0
DA:94,0
DA:99,0
DA:101,0
DA:102,0
DA:103,0
DA:106,0
DA:107,0
DA:108,0
DA:109,0
DA:110,0
DA:111,0
DA:114,0
DA:117,0
DA:122,0
DA:124,0
DA:125,0
DA:126,0
DA:129,0
DA:130,0
DA:131,0
DA:132,0
DA:133,0
DA:134,0
DA:137,0
DA:140,0
DA:141,0
DA:142,0
DA:145,0
DA:146,0
DA:147,0
DA:148,0
DA:149,0
DA:150,0
DA:153,0
DA:156,0
DA:157,0
DA:158,0
DA:160,0
DA:161,0
DA:162,0
DA:164,0
DA:167,0
DA:170,0
DA:171,0
DA:180,0
DA:181,0
DA:182,0
DA:190,0
DA:192,0
DA:193,0
DA:196,0
DA:200,0
DA:202,0
DA:207,0
DA:208,0
DA:209,0
DA:210,0
DA:211,0
DA:217,0
DA:220,0
DA:221,0
DA:222,0
DA:224,0
DA:226,0
DA:228,0
DA:229,0
DA:231,0
DA:236,0
DA:237,0
DA:238,0
DA:239,0
DA:240,0
DA:246,0
DA:249,0
DA:250,0
DA:251,0
DA:253,0
DA:255,0
DA:257,0
DA:258,0
DA:260,0
DA:265,0
DA:266,0
DA:267,0
DA:268,0
DA:269,0
DA:275,0
DA:278,0
DA:279,0
DA:280,0
DA:282,0
DA:284,0
DA:286,0
DA:287,0
DA:289,0
DA:294,0
DA:295,0
DA:304,0
DA:305,0
DA:306,0
DA:309,0
DA:311,0
DA:313,0
DA:314,0
DA:316,0
DA:324,0
DA:325,0
DA:334,0
DA:335,0
DA:337,0
DA:342,0
DA:343,0
DA:345,0
DA:353,0
DA:354,0
DA:366,0
DA:367,0
DA:368,0
DA:369,0
DA:370,0
DA:373,0
DA:377,0
DA:378,0
DA:379,0
DA:381,0
DA:382,0
DA:386,0
DA:387,0
DA:388,0
DA:390,0
DA:391,0
DA:394,0
DA:395,0
DA:396,0
DA:398,0
DA:399,0
DA:401,0
DA:402,0
DA:409,0
DA:413,0
DA:414,0
DA:415,0
DA:417,0
DA:418,0
DA:421,0
DA:422,0
DA:423,0
DA:424,0
DA:426,0
DA:427,0
DA:433,0
DA:434,0
DA:435,0
DA:436,0
DA:437,0
DA:439,0
DA:440,0
DA:446,0
DA:450,0
DA:451,0
DA:453,0
DA:454,0
DA:458,0
DA:459,0
DA:461,0
DA:462,0
DA:465,0
DA:466,0
DA:467,0
DA:468,0
DA:470,0
DA:471,0
DA:476,0
DA:480,0
DA:481,0
DA:482,0
DA:484,0
DA:485,0
DA:489,0
DA:490,0
DA:493,0
DA:496,0
DA:500,0
DA:508,0
DA:509,0
DA:511,0
DA:513,0
DA:514,0
DA:524,0
DA:534,0
DA:535,0
DA:539,0
DA:540,0
DA:542,0
DA:558,0
DA:559,0
DA:570,0
DA:571,0
DA:580,0
DA:581,0
DA:597,0
DA:620,0
DA:635,0
DA:651,0
DA:667,0
DA:683,0
DA:699,0
DA:715,0
DA:722,0
DA:744,0
LF:246
LH:0
BRDA:39,0,0,0
BRDA:39,0,1,0
BRDA:57,1,0,0
BRDA:57,1,1,0
BRDA:87,2,0,0
BRDA:87,2,1,0
BRDA:110,3,0,0
BRDA:110,3,1,0
BRDA:133,4,0,0
BRDA:133,4,1,0
BRDA:142,5,0,0
BRDA:142,5,1,0
BRDA:149,6,0,0
BRDA:149,6,1,0
BRDA:170,7,0,0
BRDA:170,7,1,0
BRDA:180,8,0,0
BRDA:180,8,1,0
BRDA:181,9,0,0
BRDA:181,9,1,0
BRDA:192,10,0,0
BRDA:192,10,1,0
BRDA:228,11,0,0
BRDA:228,11,1,0
BRDA:257,12,0,0
BRDA:257,12,1,0
BRDA:286,13,0,0
BRDA:286,13,1,0
BRDA:313,14,0,0
BRDA:313,14,1,0
BRDA:342,15,0,0
BRDA:342,15,1,0
BRDA:368,16,0,0
BRDA:368,16,1,0
BRDA:394,17,0,0
BRDA:394,17,1,0
BRDA:394,18,0,0
BRDA:394,18,1,0
BRDA:401,19,0,0
BRDA:401,19,1,0
BRDA:421,20,0,0
BRDA:421,20,1,0
BRDA:426,21,0,0
BRDA:426,21,1,0
BRDA:433,22,0,0
BRDA:433,22,1,0
BRDA:433,23,0,0
BRDA:433,23,1,0
BRDA:439,24,0,0
BRDA:439,24,1,0
BRDA:461,25,0,0
BRDA:461,25,1,0
BRDA:465,26,0,0
BRDA:465,26,1,0
BRDA:470,27,0,0
BRDA:470,27,1,0
BRDA:508,28,0,0
BRDA:508,28,1,0
BRDA:513,29,0,0
BRDA:513,29,1,0
BRDA:539,30,0,0
BRDA:545,31,0,0
BRDA:545,31,1,0
BRDA:548,32,0,0
BRDA:548,32,1,0
BRDA:550,33,0,0
BRDA:550,33,1,0
BRDA:555,34,0,0
BRDA:555,34,1,0
BRDA:555,34,2,0
BRDA:580,35,0,0
BRDA:580,35,1,0
BRDA:609,36,0,0
BRDA:609,36,1,0
BRDA:617,37,0,0
BRDA:617,37,1,0
BRDA:630,38,0,0
BRDA:630,38,1,0
BRDA:646,39,0,0
BRDA:646,39,1,0
BRDA:662,40,0,0
BRDA:662,40,1,0
BRDA:678,41,0,0
BRDA:678,41,1,0
BRDA:694,42,0,0
BRDA:694,42,1,0
BRDA:710,43,0,0
BRDA:710,43,1,0
BRDA:728,44,0,0
BRDA:728,44,1,0
BRDA:729,45,0,0
BRDA:729,45,1,0
BRF:92
BRH:0
end_of_record
TN:
SF:screens/ParkDetailScreen.js
FN:34,ParkDetailScreen
FN:50,(anonymous_1)
FN:56,(anonymous_2)
FN:66,(anonymous_3)
FN:73,(anonymous_4)
FN:84,(anonymous_5)
FN:107,(anonymous_6)
FN:129,(anonymous_7)
FN:151,(anonymous_8)
FN:173,(anonymous_9)
FN:183,(anonymous_10)
FN:196,(anonymous_11)
FN:225,(anonymous_12)
FN:240,(anonymous_13)
FN:276,(anonymous_14)
FN:284,(anonymous_15)
FN:299,(anonymous_16)
FN:328,(anonymous_17)
FN:343,(anonymous_18)
FN:362,(anonymous_19)
FN:369,(anonymous_20)
FN:386,(anonymous_21)
FN:388,(anonymous_22)
FN:393,(anonymous_23)
FN:408,(anonymous_24)
FN:413,(anonymous_25)
FN:418,(anonymous_26)
FN:423,(anonymous_27)
FN:430,(anonymous_28)
FN:470,(anonymous_29)
FN:482,(anonymous_30)
FN:488,(anonymous_31)
FN:497,(anonymous_32)
FN:507,(anonymous_33)
FN:521,(anonymous_34)
FN:540,(anonymous_35)
FN:549,(anonymous_36)
FN:583,(anonymous_37)
FN:596,(anonymous_38)
FN:629,(anonymous_39)
FN:651,(anonymous_40)
FN:657,(anonymous_41)
FN:758,(anonymous_42)
FN:765,(anonymous_43)
FN:785,(anonymous_44)
FN:804,(anonymous_45)
FN:856,(anonymous_46)
FN:869,(anonymous_47)
FN:875,(anonymous_48)
FNF:49
FNH:0
FNDA:0,ParkDetailScreen
FNDA:0,(anonymous_1)
FNDA:0,(anonymous_2)
FNDA:0,(anonymous_3)
FNDA:0,(anonymous_4)
FNDA:0,(anonymous_5)
FNDA:0,(anonymous_6)
FNDA:0,(anonymous_7)
FNDA:0,(anonymous_8)
FNDA:0,(anonymous_9)
FNDA:0,(anonymous_10)
FNDA:0,(anonymous_11)
FNDA:0,(anonymous_12)
FNDA:0,(anonymous_13)
FNDA:0,(anonymous_14)
FNDA:0,(anonymous_15)
FNDA:0,(anonymous_16)
FNDA:0,(anonymous_17)
FNDA:0,(anonymous_18)
FNDA:0,(anonymous_19)
FNDA:0,(anonymous_20)
FNDA:0,(anonymous_21)
FNDA:0,(anonymous_22)
FNDA:0,(anonymous_23)
FNDA:0,(anonymous_24)
FNDA:0,(anonymous_25)
FNDA:0,(anonymous_26)
FNDA:0,(anonymous_27)
FNDA:0,(anonymous_28)
FNDA:0,(anonymous_29)
FNDA:0,(anonymous_30)
FNDA:0,(anonymous_31)
FNDA:0,(anonymous_32)
FNDA:0,(anonymous_33)
FNDA:0,(anonymous_34)
FNDA:0,(anonymous_35)
FNDA:0,(anonymous_36)
FNDA:0,(anonymous_37)
FNDA:0,(anonymous_38)
FNDA:0,(anonymous_39)
FNDA:0,(anonymous_40)
FNDA:0,(anonymous_41)
FNDA:0,(anonymous_42)
FNDA:0,(anonymous_43)
FNDA:0,(anonymous_44)
FNDA:0,(anonymous_45)
FNDA:0,(anonymous_46)
FNDA:0,(anonymous_47)
FNDA:0,(anonymous_48)
DA:35,0
DA:38,0
DA:39,0
DA:40,0
DA:41,0
DA:42,0
DA:43,0
DA:44,0
DA:45,0
DA:46,0
DA:48,0
DA:50,0
DA:51,0
DA:52,0
DA:53,0
DA:56,0
DA:57,0
DA:58,0
DA:59,0
DA:60,0
DA:61,0
DA:66,0
DA:67,0
DA:68,0
DA:73,0
DA:74,0
DA:75,0
DA:76,0
DA:77,0
DA:79,0
DA:80,0
DA:81,0
DA:84,0
DA:87,0
DA:96,0
DA:98,0
DA:100,0
DA:101,0
DA:107,0
DA:108,0
DA:109,0
DA:110,0
DA:112,0
DA:113,0
DA:119,0
DA:120,0
DA:122,0
DA:123,0
DA:129,0
DA:130,0
DA:131,0
DA:132,0
DA:134,0
DA:135,0
DA:141,0
DA:142,0
DA:144,0
DA:145,0
DA:151,0
DA:152,0
DA:153,0
DA:154,0
DA:156,0
DA:157,0
DA:163,0
DA:164,0
DA:166,0
DA:167,0
DA:173,0
DA:174,0
DA:175,0
DA:176,0
DA:178,0
DA:179,0
DA:180,0
DA:182,0
DA:183,0
DA:184,0
DA:187,0
DA:189,0
DA:190,0
DA:196,0
DA:197,0
DA:198,0
DA:199,0
DA:200,0
DA:201,0
DA:204,0
DA:205,0
DA:211,0
DA:213,0
DA:215,0
DA:221,0
DA:224,0
DA:225,0
DA:226,0
DA:228,0
DA:229,0
DA:232,0
DA:233,0
DA:235,0
DA:240,0
DA:241,0
DA:242,0
DA:243,0
DA:244,0
DA:245,0
DA:248,0
DA:249,0
DA:255,0
DA:257,0
DA:259,0
DA:266,0
DA:268,0
DA:269,0
DA:275,0
DA:276,0
DA:277,0
DA:279,0
DA:283,0
DA:284,0
DA:285,0
DA:287,0
DA:288,0
DA:291,0
DA:292,0
DA:294,0
DA:299,0
DA:300,0
DA:301,0
DA:302,0
DA:303,0
DA:304,0
DA:307,0
DA:308,0
DA:314,0
DA:316,0
DA:318,0
DA:324,0
DA:327,0
DA:328,0
DA:329,0
DA:331,0
DA:332,0
DA:335,0
DA:336,0
DA:338,0
DA:343,0
DA:344,0
DA:345,0
DA:346,0
DA:348,0
DA:349,0
DA:352,0
DA:353,0
DA:355,0
DA:357,0
DA:362,0
DA:363,0
DA:364,0
DA:365,0
DA:366,0
DA:368,0
DA:369,0
DA:370,0
DA:372,0
DA:373,0
DA:377,0
DA:379,0
DA:380,0
DA:386,0
DA:387,0
DA:388,0
DA:389,0
DA:393,0
DA:394,0
DA:395,0
DA:398,0
DA:399,0
DA:404,0
DA:408,0
DA:409,0
DA:412,0
DA:413,0
DA:417,0
DA:418,0
DA:422,0
DA:423,0
DA:426,0
DA:430,0
DA:431,0
DA:432,0
DA:433,0
DA:434,0
DA:436,0
DA:437,0
DA:440,0
DA:442,0
DA:470,0
DA:471,0
DA:472,0
DA:473,0
DA:474,0
DA:475,0
DA:476,0
DA:477,0
DA:482,0
DA:483,0
DA:484,0
DA:488,0
DA:489,0
DA:498,0
DA:499,0
DA:502,0
DA:503,0
DA:504,0
DA:506,0
DA:507,0
DA:508,0
DA:512,0
DA:515,0
DA:516,0
DA:518,0
DA:522,0
DA:527,0
DA:528,0
DA:530,0
DA:532,0
DA:540,0
DA:541,0
DA:550,0
DA:551,0
DA:552,0
DA:553,0
DA:554,0
DA:558,0
DA:559,0
DA:570,0
DA:572,0
DA:573,0
DA:575,0
DA:583,0
DA:584,0
DA:597,0
DA:598,0
DA:599,0
DA:600,0
DA:601,0
DA:605,0
DA:606,0
DA:613,0
DA:615,0
DA:617,0
DA:618,0
DA:620,0
DA:629,0
DA:630,0
DA:631,0
DA:633,0
DA:651,0
DA:657,0
DA:668,0
DA:669,0
DA:677,0
DA:678,0
DA:679,0
DA:681,0
DA:759,0
DA:765,0
DA:786,0
DA:805,0
DA:856,0
DA:870,0
DA:871,0
DA:872,0
DA:875,0
DA:883,0
DA:896,0
LF:278
LH:0
BRDA:38,0,0,0
BRDA:38,0,1,0
BRDA:57,1,0,0
BRDA:57,1,1,0
BRDA:67,2,0,0
BRDA:67,2,1,0
BRDA:74,3,0,0
BRDA:74,3,1,0
BRDA:77,4,0,0
BRDA:77,4,1,0
BRDA:81,5,0,0
BRDA:81,5,1,0
BRDA:100,6,0,0
BRDA:100,6,1,0
BRDA:110,7,0,0
BRDA:110,7,1,0
BRDA:122,8,0,0
BRDA:122,8,1,0
BRDA:132,9,0,0
BRDA:132,9,1,0
BRDA:144,10,0,0
BRDA:144,10,1,0
BRDA:154,11,0,0
BRDA:154,11,1,0
BRDA:166,12,0,0
BRDA:166,12,1,0
BRDA:176,13,0,0
BRDA:176,13,1,0
BRDA:189,14,0,0
BRDA:189,14,1,0
BRDA:199,15,0,0
BRDA:199,15,1,0
BRDA:213,16,0,0
BRDA:213,16,1,0
BRDA:232,17,0,0
BRDA:232,17,1,0
BRDA:243,18,0,0
BRDA:243,18,1,0
BRDA:257,19,0,0
BRDA:257,19,1,0
BRDA:268,20,0,0
BRDA:268,20,1,0
BRDA:291,21,0,0
BRDA:291,21,1,0
BRDA:302,22,0,0
BRDA:302,22,1,0
BRDA:316,23,0,0
BRDA:316,23,1,0
BRDA:335,24,0,0
BRDA:335,24,1,0
BRDA:348,25,0,0
BRDA:348,25,1,0
BRDA:352,26,0,0
BRDA:352,26,1,0
BRDA:372,27,0,0
BRDA:372,27,1,0
BRDA:379,28,0,0
BRDA:379,28,1,0
BRDA:387,29,0,0
BRDA:387,29,1,0
BRDA:394,30,0,0
BRDA:394,30,1,0
BRDA:394,31,0,0
BRDA:394,31,1,0
BRDA:394,31,2,0
BRDA:398,32,0,0
BRDA:398,32,1,0
BRDA:412,33,0,0
BRDA:412,33,1,0
BRDA:412,34,0,0
BRDA:412,34,1,0
BRDA:412,34,2,0
BRDA:417,35,0,0
BRDA:417,35,1,0
BRDA:417,36,0,0
BRDA:417,36,1,0
BRDA:417,36,2,0
BRDA:422,37,0,0
BRDA:422,37,1,0
BRDA:422,38,0,0
BRDA:422,38,1,0
BRDA:432,39,0,0
BRDA:432,39,1,0
BRDA:432,40,0,0
BRDA:432,40,1,0
BRDA:434,41,0,0
BRDA:434,41,1,0
BRDA:440,42,0,0
BRDA:440,42,1,0
BRDA:471,43,0,0
BRDA:471,43,1,0
BRDA:471,44,0,0
BRDA:471,44,1,0
BRDA:474,45,0,0
BRDA:474,45,1,0
BRDA:484,46,0,0
BRDA:484,46,1,0
BRDA:484,46,2,0
BRDA:527,47,0,0
BRDA:527,47,1,0
BRDA:552,48,0,0
BRDA:552,48,1,0
BRDA:572,49,0,0
BRDA:572,49,1,0
BRDA:586,50,0,0
BRDA:586,50,1,0
BRDA:599,51,0,0
BRDA:599,51,1,0
BRDA:617,52,0,0
BRDA:617,52,1,0
BRDA:631,53,0,0
BRDA:631,53,1,0
BRDA:641,54,0,0
BRDA:641,54,1,0
BRDA:644,55,0,0
BRDA:644,55,1,0
BRDA:646,56,0,0
BRDA:646,56,1,0
BRDA:647,57,0,0
BRDA:647,57,1,0
BRDA:668,58,0,0
BRDA:668,58,1,0
BRDA:668,59,0,0
BRDA:668,59,1,0
BRDA:690,60,0,0
BRDA:690,60,1,0
BRDA:696,61,0,0
BRDA:696,61,1,0
BRDA:708,62,0,0
BRDA:708,62,1,0
BRDA:711,63,0,0
BRDA:711,63,1,0
BRDA:712,64,0,0
BRDA:712,64,1,0
BRDA:717,65,0,0
BRDA:717,65,1,0
BRDA:720,66,0,0
BRDA:720,66,1,0
BRDA:721,67,0,0
BRDA:721,67,1,0
BRDA:726,68,0,0
BRDA:726,68,1,0
BRDA:729,69,0,0
BRDA:729,69,1,0
BRDA:731,70,0,0
BRDA:731,70,1,0
BRDA:737,71,0,0
BRDA:737,71,1,0
BRDA:738,72,0,0
BRDA:738,72,1,0
BRDA:750,73,0,0
BRDA:750,73,1,0
BRDA:763,74,0,0
BRDA:763,74,1,0
BRDA:770,75,0,0
BRDA:770,75,1,0
BRDA:802,76,0,0
BRDA:802,76,1,0
BRDA:817,77,0,0
BRDA:817,77,1,0
BRDA:846,78,0,0
BRDA:846,78,1,0
BRDA:871,79,0,0
BRDA:871,79,1,0
BRF:164
BRH:0
end_of_record
TN:
SF:screens/TermsOfServiceScreen.js
FN:8,TermsOfServiceScreen
FN:12,(anonymous_1)
FNF:2
FNH:0
FNDA:0,TermsOfServiceScreen
FNDA:0,(anonymous_1)
DA:9,0
DA:12,0
DA:122,0
LF:3
LH:0
BRF:0
BRH:0
end_of_record
TN:
SF:scripts/deleteTestData.js
FN:68,askQuestion
FN:74,(anonymous_1)
FN:75,(anonymous_2)
FN:83,findTestParks
FN:89,(anonymous_4)
FN:112,findTestReviews
FN:118,(anonymous_6)
FN:141,findTestFavorites
FN:147,(anonymous_8)
FN:167,findTestReports
FN:174,(anonymous_10)
FN:198,findTestBlockedUsers
FN:205,(anonymous_12)
FN:229,deleteData
FN:262,main
FN:283,(anonymous_15)
FN:293,(anonymous_16)
FN:388,(anonymous_17)
FN:392,(anonymous_18)
FNF:19
FNH:0
FNDA:0,askQuestion
FNDA:0,(anonymous_1)
FNDA:0,(anonymous_2)
FNDA:0,findTestParks
FNDA:0,(anonymous_4)
FNDA:0,findTestReviews
FNDA:0,(anonymous_6)
FNDA:0,findTestFavorites
FNDA:0,(anonymous_8)
FNDA:0,findTestReports
FNDA:0,(anonymous_10)
FNDA:0,findTestBlockedUsers
FNDA:0,(anonymous_12)
FNDA:0,deleteData
FNDA:0,main
FNDA:0,(anonymous_15)
FNDA:0,(anonymous_16)
FNDA:0,(anonymous_17)
FNDA:0,(anonymous_18)
DA:13,0
DA:14,0
DA:15,0
DA:16,0
DA:19,0
DA:21,0
DA:22,0
DA:23,0
DA:24,0
DA:25,0
DA:26,0
DA:27,0
DA:28,0
DA:29,0
DA:30,0
DA:31,0
DA:32,0
DA:33,0
DA:34,0
DA:38,0
DA:40,0
DA:44,0
DA:47,0
DA:49,0
DA:69,0
DA:74,0
DA:75,0
DA:76,0
DA:77,0
DA:84,0
DA:85,0
DA:87,0
DA:89,0
DA:90,0
DA:94,0
DA:98,0
DA:99,0
DA:108,0
DA:113,0
DA:114,0
DA:116,0
DA:118,0
DA:119,0
DA:123,0
DA:126,0
DA:127,0
DA:137,0
DA:142,0
DA:143,0
DA:145,0
DA:147,0
DA:148,0
DA:151,0
DA:153,0
DA:154,0
DA:163,0
DA:168,0
DA:169,0
DA:171,0
DA:172,0
DA:174,0
DA:175,0
DA:179,0
DA:182,0
DA:183,0
DA:194,0
DA:199,0
DA:200,0
DA:202,0
DA:203,0
DA:205,0
DA:206,0
DA:210,0
DA:213,0
DA:214,0
DA:225,0
DA:230,0
DA:231,0
DA:234,0
DA:236,0
DA:237,0
DA:238,0
DA:240,0
DA:241,0
DA:242,0
DA:243,0
DA:244,0
DA:247,0
DA:248,0
DA:249,0
DA:254,0
DA:255,0
DA:258,0
DA:263,0
DA:264,0
DA:265,0
DA:266,0
DA:268,0
DA:270,0
DA:271,0
DA:272,0
DA:273,0
DA:274,0
DA:276,0
DA:277,0
DA:278,0
DA:281,0
DA:282,0
DA:283,0
DA:284,0
DA:287,0
DA:291,0
DA:292,0
DA:293,0
DA:294,0
DA:297,0
DA:301,0
DA:302,0
DA:304,0
DA:308,0
DA:309,0
DA:311,0
DA:315,0
DA:316,0
DA:318,0
DA:322,0
DA:328,0
DA:329,0
DA:330,0
DA:331,0
DA:332,0
DA:335,0
DA:336,0
DA:337,0
DA:338,0
DA:341,0
DA:342,0
DA:343,0
DA:345,0
DA:346,0
DA:347,0
DA:348,0
DA:349,0
DA:353,0
DA:354,0
DA:356,0
DA:357,0
DA:358,0
DA:359,0
DA:360,0
DA:362,0
DA:363,0
DA:364,0
DA:365,0
DA:366,0
DA:367,0
DA:368,0
DA:369,0
DA:370,0
DA:371,0
DA:372,0
DA:373,0
DA:374,0
DA:377,0
DA:379,0
DA:380,0
DA:381,0
DA:382,0
DA:387,0
DA:389,0
DA:390,0
DA:393,0
DA:394,0
LF:173
LH:0
BRDA:21,0,0,0
BRDA:21,0,1,0
BRDA:94,1,0,0
BRDA:94,1,1,0
BRDA:94,1,2,0
BRDA:94,1,3,0
BRDA:94,1,4,0
BRDA:98,2,0,0
BRDA:98,2,1,0
BRDA:123,3,0,0
BRDA:123,3,1,0
BRDA:123,3,2,0
BRDA:126,4,0,0
BRDA:126,4,1,0
BRDA:151,5,0,0
BRDA:151,5,1,0
BRDA:153,6,0,0
BRDA:153,6,1,0
BRDA:179,7,0,0
BRDA:179,7,1,0
BRDA:179,7,2,0
BRDA:179,7,3,0
BRDA:182,8,0,0
BRDA:182,8,1,0
BRDA:210,9,0,0
BRDA:210,9,1,0
BRDA:210,9,2,0
BRDA:210,9,3,0
BRDA:213,10,0,0
BRDA:213,10,1,0
BRDA:230,11,0,0
BRDA:230,11,1,0
BRDA:247,12,0,0
BRDA:247,12,1,0
BRDA:254,13,0,0
BRDA:254,13,1,0
BRDA:281,14,0,0
BRDA:281,14,1,0
BRDA:291,15,0,0
BRDA:291,15,1,0
BRDA:301,16,0,0
BRDA:301,16,1,0
BRDA:308,17,0,0
BRDA:308,17,1,0
BRDA:315,18,0,0
BRDA:315,18,1,0
BRDA:328,19,0,0
BRDA:328,19,1,0
BRDA:345,20,0,0
BRDA:345,20,1,0
BRDA:345,21,0,0
BRDA:345,21,1,0
BRF:52
BRH:0
end_of_record
TN:
SF:scripts/importSampleData.js
FN:219,importData
FN:283,(anonymous_1)
FN:287,(anonymous_2)
FNF:3
FNH:0
FNDA:0,importData
FNDA:0,(anonymous_1)
FNDA:0,(anonymous_2)
DA:13,0
DA:14,0
DA:15,0
DA:18,0
DA:20,0
DA:21,0
DA:22,0
DA:23,0
DA:24,0
DA:25,0
DA:26,0
DA:27,0
DA:28,0
DA:29,0
DA:30,0
DA:31,0
DA:32,0
DA:33,0
DA:37,0
DA:39,0
DA:43,0
DA:46,0
DA:120,0
DA:220,0
DA:221,0
DA:223,0
DA:225,0
DA:226,0
DA:228,0
DA:229,0
DA:230,0
DA:236,0
DA:237,0
DA:238,0
DA:241,0
DA:242,0
DA:245,0
DA:246,0
DA:247,0
DA:249,0
DA:259,0
DA:260,0
DA:263,0
DA:264,0
DA:265,0
DA:266,0
DA:267,0
DA:268,0
DA:269,0
DA:270,0
DA:271,0
DA:274,0
DA:276,0
DA:277,0
DA:282,0
DA:284,0
DA:285,0
DA:288,0
DA:289,0
LF:59
LH:0
BRDA:20,0,0,0
BRDA:20,0,1,0
BRF:2
BRH:0
end_of_record
TN:
SF:scripts/automation/firebase-error-monitor.js
FN:30,initializeFirebase
FN:43,getErrorLogs
FN:56,(anonymous_2)
FN:71,categorizeErrors
FN:79,(anonymous_4)
FN:104,sendSlackNotification
FN:160,(anonymous_6)
FN:185,(anonymous_7)
FN:196,(anonymous_8)
FN:198,(anonymous_9)
FN:201,(anonymous_10)
FN:212,(anonymous_11)
FN:223,main
FN:264,logError
FN:283,(anonymous_14)
FN:287,(anonymous_15)
FNF:16
FNH:0
FNDA:0,initializeFirebase
FNDA:0,getErrorLogs
FNDA:0,(anonymous_2)
FNDA:0,categorizeErrors
FNDA:0,(anonymous_4)
FNDA:0,sendSlackNotification
FNDA:0,(anonymous_6)
FNDA:0,(anonymous_7)
FNDA:0,(anonymous_8)
FNDA:0,(anonymous_9)
FNDA:0,(anonymous_10)
FNDA:0,(anonymous_11)
FNDA:0,main
FNDA:0,logError
FNDA:0,(anonymous_14)
FNDA:0,(anonymous_15)
DA:17,0
DA:18,0
DA:19,0
DA:22,0
DA:31,0
DA:32,0
DA:34,0
DA:39,0
DA:44,0
DA:46,0
DA:48,0
DA:49,0
DA:55,0
DA:56,0
DA:57,0
DA:63,0
DA:65,0
DA:66,0
DA:72,0
DA:79,0
DA:80,0
DA:81,0
DA:84,0
DA:85,0
DA:86,0
DA:92,0
DA:93,0
DA:94,0
DA:96,0
DA:100,0
DA:105,0
DA:106,0
DA:107,0
DA:110,0
DA:149,0
DA:151,0
DA:152,0
DA:160,0
DA:161,0
DA:165,0
DA:177,0
DA:185,0
DA:186,0
DA:187,0
DA:196,0
DA:197,0
DA:198,0
DA:199,0
DA:201,0
DA:202,0
DA:203,0
DA:204,0
DA:206,0
DA:207,0
DA:212,0
DA:213,0
DA:214,0
DA:217,0
DA:218,0
DA:224,0
DA:225,0
DA:226,0
DA:228,0
DA:229,0
DA:230,0
DA:232,0
DA:234,0
DA:235,0
DA:236,0
DA:239,0
DA:241,0
DA:242,0
DA:243,0
DA:244,0
DA:245,0
DA:248,0
DA:249,0
DA:251,0
DA:252,0
DA:253,0
DA:255,0
DA:258,0
DA:259,0
DA:265,0
DA:266,0
DA:276,0
DA:281,0
DA:282,0
DA:284,0
DA:285,0
DA:288,0
DA:289,0
DA:293,0
LF:93
LH:0
BRDA:23,0,0,0
BRDA:23,0,1,0
BRDA:25,1,0,0
BRDA:25,1,1,0
BRDA:31,2,0,0
BRDA:31,2,1,0
BRDA:80,3,0,0
BRDA:80,3,1,0
BRDA:81,4,0,0
BRDA:81,4,1,0
BRDA:84,5,0,0
BRDA:84,5,1,0
BRDA:84,6,0,0
BRDA:84,6,1,0
BRDA:84,6,2,0
BRDA:86,7,0,0
BRDA:86,7,1,0
BRDA:87,8,0,0
BRDA:87,8,1,0
BRDA:87,8,2,0
BRDA:87,8,3,0
BRDA:93,9,0,0
BRDA:93,9,1,0
BRDA:93,10,0,0
BRDA:93,10,1,0
BRDA:105,11,0,0
BRDA:105,11,1,0
BRDA:151,12,0,0
BRDA:151,12,1,0
BRDA:161,13,0,0
BRDA:161,13,1,0
BRDA:169,14,0,0
BRDA:169,14,1,0
BRDA:170,15,0,0
BRDA:170,15,1,0
BRDA:202,16,0,0
BRDA:202,16,1,0
BRDA:234,17,0,0
BRDA:234,17,1,0
BRDA:249,18,0,0
BRDA:249,18,1,0
BRDA:251,19,0,0
BRDA:251,19,1,0
BRDA:264,20,0,0
BRDA:267,21,0,0
BRDA:267,21,1,0
BRDA:269,22,0,0
BRDA:269,22,1,0
BRDA:281,23,0,0
BRDA:281,23,1,0
BRF:50
BRH:0
end_of_record
TN:
SF:types/firebase.d.ts
FNF:0
FNH:0
LF:0
LH:0
BRF:0
BRH:0
end_of_record
TN:
SF:types/navigation.d.ts
FNF:0
FNH:0
LF:0
LH:0
BRF:0
BRH:0
end_of_record
TN:
SF:types/park.d.ts
FNF:0
FNH:0
LF:0
LH:0
BRF:0
BRH:0
end_of_record
TN:
SF:utils/adminUtils.js
FN:9,(anonymous_0)
FN:34,(anonymous_1)
FN:40,(anonymous_2)
FNF:3
FNH:0
FNDA:0,(anonymous_0)
FNDA:0,(anonymous_1)
FNDA:0,(anonymous_2)
DA:9,0
DA:10,0
DA:11,0
DA:12,0
DA:13,0
DA:18,0
DA:19,0
DA:21,0
DA:23,0
DA:24,0
DA:26,0
DA:34,0
DA:35,0
DA:36,0
DA:37,0
DA:39,0
DA:40,0
DA:41,0
DA:42,0
DA:43,0
DA:47,0
DA:49,0
DA:50,0
DA:52,0
LF:24
LH:0
BRDA:12,0,0,0
BRDA:12,0,1,0
BRDA:23,1,0,0
BRDA:23,1,1,0
BRDA:42,2,0,0
BRDA:42,2,1,0
BRDA:49,3,0,0
BRDA:49,3,1,0
BRF:8
BRH:0
end_of_record
TN:
SF:utils/errorHandler.js
FN:20,(anonymous_0)
FN:56,(anonymous_1)
FN:97,(anonymous_2)
FN:122,(anonymous_3)
FN:145,(anonymous_4)
FNF:5
FNH:5
FNDA:11,(anonymous_0)
FNDA:7,(anonymous_1)
FNDA:1,(anonymous_2)
FNDA:2,(anonymous_3)
FNDA:2,(anonymous_4)
DA:7,1
DA:20,1
DA:21,11
DA:24,11
DA:25,9
DA:26,2
DA:28,7
DA:29,3
DA:31,4
DA:32,4
DA:37,2
DA:38,2
DA:39,0
DA:41,2
DA:42,0
DA:44,2
DA:45,0
DA:48,2
DA:56,1
DA:57,7
DA:59,7
DA:61,3
DA:67,2
DA:73,1
DA:79,0
DA:85,1
DA:97,1
DA:98,1
DA:99,0
DA:102,1
DA:114,1
DA:122,1
DA:123,2
DA:124,2
DA:128,2
DA:129,0
DA:130,0
DA:131,0
DA:132,0
DA:145,1
DA:147,2
DA:150,2
DA:151,1
DA:152,1
DA:155,2
LF:45
LH:36
BRDA:21,0,0,0
BRDA:21,0,1,11
BRDA:24,1,0,9
BRDA:24,1,1,2
BRDA:25,2,0,2
BRDA:25,2,1,7
BRDA:28,3,0,3
BRDA:28,3,1,4
BRDA:28,4,0,7
BRDA:28,4,1,4
BRDA:31,5,0,4
BRDA:31,5,1,0
BRDA:31,6,0,4
BRDA:31,6,1,0
BRDA:37,7,0,2
BRDA:37,7,1,0
BRDA:38,8,0,0
BRDA:38,8,1,2
BRDA:38,9,0,2
BRDA:38,9,1,2
BRDA:41,10,0,0
BRDA:41,10,1,2
BRDA:41,11,0,2
BRDA:41,11,1,2
BRDA:44,12,0,0
BRDA:44,12,1,2
BRDA:44,13,0,2
BRDA:44,13,1,2
BRDA:59,14,0,3
BRDA:59,14,1,2
BRDA:59,14,2,1
BRDA:59,14,3,0
BRDA:59,14,4,1
BRDA:81,15,0,0
BRDA:81,15,1,0
BRDA:87,16,0,1
BRDA:87,16,1,0
BRDA:98,17,0,0
BRDA:98,17,1,1
BRDA:114,18,0,1
BRDA:114,18,1,0
BRDA:122,19,0,0
BRDA:123,20,0,2
BRDA:123,20,1,0
BRDA:128,21,0,0
BRDA:128,21,1,2
BRDA:128,22,0,2
BRDA:128,22,1,0
BRDA:145,23,0,0
BRDA:145,24,0,1
BRDA:150,25,0,1
BRDA:150,25,1,1
BRF:52
BRH:34
end_of_record
TN:
SF:utils/imageCompressor.js
FN:15,(anonymous_0)
FN:90,(anonymous_1)
FN:92,(anonymous_2)
FNF:3
FNH:3
FNDA:7,(anonymous_0)
FNDA:2,(anonymous_1)
FNDA:4,(anonymous_2)
DA:15,1
DA:20,7
DA:22,7
DA:24,7
DA:31,5
DA:33,4
DA:35,1
DA:36,1
DA:37,1
DA:39,1
DA:41,1
DA:44,0
DA:48,1
DA:57,1
DA:58,1
DA:61,1
DA:64,3
DA:73,3
DA:76,3
DA:77,3
DA:80,3
DA:90,1
DA:91,2
DA:92,4
DA:93,2
DA:94,2
DA:96,0
DA:97,0
DA:100,0
LF:29
LH:25
BRDA:15,0,0,2
BRDA:17,1,0,6
BRDA:18,2,0,6
BRDA:19,3,0,7
BRDA:31,4,0,5
BRDA:31,4,1,3
BRDA:33,5,0,1
BRDA:33,5,1,3
BRDA:39,6,0,1
BRDA:39,6,1,0
BRDA:57,7,0,1
BRDA:57,7,1,0
BRDA:76,8,0,3
BRDA:76,8,1,0
BRDA:90,9,0,2
BRDA:96,10,0,0
BRDA:96,10,1,0
BRF:17
BRH:12
end_of_record
TN:
SF:utils/imageUploader.js
FN:13,(anonymous_0)
FN:78,(anonymous_1)
FN:80,(anonymous_2)
FNF:3
FNH:0
FNDA:0,(anonymous_0)
FNDA:0,(anonymous_1)
FNDA:0,(anonymous_2)
DA:13,0
DA:14,0
DA:16,0
DA:17,0
DA:21,0
DA:23,0
DA:25,0
DA:26,0
DA:27,0
DA:30,0
DA:33,0
DA:34,0
DA:35,0
DA:38,0
DA:41,0
DA:46,0
DA:49,0
DA:51,0
DA:53,0
DA:54,0
DA:58,0
DA:59,0
DA:60,0
DA:61,0
DA:62,0
DA:63,0
DA:64,0
DA:65,0
DA:67,0
DA:78,0
DA:79,0
DA:80,0
DA:81,0
DA:82,0
DA:84,0
DA:85,0
DA:87,0
LF:37
LH:0
BRDA:13,0,0,0
BRDA:16,1,0,0
BRDA:16,1,1,0
BRDA:34,2,0,0
BRDA:34,2,1,0
BRDA:53,3,0,0
BRDA:53,3,1,0
BRDA:58,4,0,0
BRDA:58,4,1,0
BRDA:60,5,0,0
BRDA:60,5,1,0
BRDA:62,6,0,0
BRDA:62,6,1,0
BRDA:64,7,0,0
BRDA:64,7,1,0
BRDA:78,8,0,0
BRDA:84,9,0,0
BRDA:84,9,1,0
BRF:18
BRH:0
end_of_record
TN:
SF:utils/imageUploader.ts
FN:17,(anonymous_0)
FN:88,(anonymous_1)
FN:93,(anonymous_2)
FNF:3
FNH:3
FNDA:11,(anonymous_0)
FNDA:3,(anonymous_1)
FNDA:6,(anonymous_2)
DA:17,1
DA:21,11
DA:23,11
DA:24,1
DA:28,10
DA:30,10
DA:32,10
DA:33,10
DA:34,10
DA:37,10
DA:40,10
DA:41,10
DA:42,1
DA:45,9
DA:48,9
DA:53,9
DA:56,6
DA:58,6
DA:60,4
DA:61,4
DA:65,4
DA:67,4
DA:68,1
DA:69,3
DA:70,1
DA:71,2
DA:72,0
DA:73,2
DA:74,2
DA:76,0
DA:88,1
DA:92,3
DA:93,6
DA:94,3
DA:95,2
DA:97,1
DA:98,1
DA:100,1
LF:38
LH:36
BRDA:19,0,0,0
BRDA:23,1,0,1
BRDA:23,1,1,10
BRDA:41,2,0,1
BRDA:41,2,1,9
BRDA:60,3,0,4
BRDA:60,3,1,0
BRDA:67,4,0,1
BRDA:67,4,1,3
BRDA:69,5,0,1
BRDA:69,5,1,2
BRDA:71,6,0,0
BRDA:71,6,1,2
BRDA:73,7,0,2
BRDA:73,7,1,0
BRDA:73,8,0,2
BRDA:73,8,1,2
BRDA:90,9,0,0
BRDA:97,10,0,1
BRDA:97,10,1,0
BRF:20
BRH:14
end_of_record
TN:
SF:utils/pagination.js
FN:21,(anonymous_0)
FN:38,(anonymous_1)
FN:43,(anonymous_2)
FN:71,(anonymous_3)
FN:78,(anonymous_4)
FN:84,(anonymous_5)
FN:88,(anonymous_6)
FN:92,(anonymous_7)
FNF:8
FNH:8
FNDA:5,(anonymous_0)
FNDA:3,(anonymous_1)
FNDA:22,(anonymous_2)
FNDA:5,(anonymous_3)
FNDA:1,(anonymous_4)
FNDA:1,(anonymous_5)
FNDA:1,(anonymous_6)
FNDA:1,(anonymous_7)
DA:9,1
DA:21,1
DA:22,5
DA:24,5
DA:25,1
DA:28,5
DA:38,1
DA:39,3
DA:40,3
DA:41,3
DA:43,22
DA:48,2
DA:52,2
DA:54,2
DA:60,1
DA:61,1
DA:63,1
DA:72,5
DA:73,5
DA:74,5
DA:75,5
DA:79,1
DA:80,1
DA:81,1
DA:85,1
DA:89,1
DA:93,1
LF:27
LH:27
BRDA:21,0,0,1
BRDA:21,1,0,2
BRDA:24,2,0,1
BRDA:24,2,1,4
BRDA:38,3,0,2
BRDA:38,4,0,2
BRDA:48,5,0,2
BRDA:48,5,1,0
BRDA:60,6,0,1
BRDA:60,6,1,0
BRDA:71,7,0,5
BRF:11
BRH:9
end_of_record
